System.Net.Sockets Verbose: 0 : [13256] Socket#2383799::Socket(AddressFamily#2)
System.Net.Sockets Verbose: 0 : [13256] Exiting Socket#2383799::Socket() 
System.Net.Sockets Verbose: 0 : [13256] Socket#21454193::Socket(AddressFamily#2)
System.Net.Sockets Verbose: 0 : [13256] Exiting Socket#21454193::Socket() 
System.Net.Sockets Verbose: 0 : [13256] DNS::GetHostAddresses(MAX-WIN10-X64)
System.Net.Sockets Verbose: 0 : [13256] DNS::GetHostByName(MAX-WIN10-X64)
System.Net.Sockets Verbose: 0 : [13256] Exiting DNS::GetHostByName() 	-> IPHostEntry#58870012
System.Net.Sockets Verbose: 0 : [13256] Exiting DNS::GetHostAddresses() 	-> IPAddress[]#60068066
System.Net.Sockets Verbose: 0 : [13256] Socket#21454193::Bind(192.168.184.1:9052#28871580)
System.Net.Sockets Verbose: 0 : [13256] Exiting Socket#21454193::Bind() 
System.Net.Sockets Verbose: 0 : [13256] Socket#2383799::Bind(192.168.184.1:9053#28871581)
System.Net.Sockets Verbose: 0 : [13256] Exiting Socket#2383799::Bind() 
System.Net.Sockets Verbose: 0 : [13256] Socket#21454193::ReceiveFrom()
System.Net.Sockets Verbose: 0 : [13256] Data from Socket#21454193::ReceiveFrom
System.Net.Sockets Verbose: 0 : [13256] 00000000 : 53 65 72 76 65 72 3F 75-C3 80 C2 A8 C2 B8 C2 82 : Server?u........
System.Net.Sockets Verbose: 0 : [13256] 00000010 : 23 58 00 00 00 00 00 00-00 00 00 00 00 00 00 00 : #X..............
System.Net.Sockets Verbose: 0 : [13256] 00000020 : 00 00 00 00 00 00 00 00-00 00 00 00 00 00 00 00 : ................
System.Net.Sockets Verbose: 0 : [13256] 00000030 : 00 00 00 00 00 00 00 00-00 00 00 00 00 00 00 00 : ................
System.Net.Sockets Verbose: 0 : [13256] 00000040 : 00 00 00 00 00 00 00 00-00 00 00 00 00 00 00 00 : ................
System.Net.Sockets Verbose: 0 : [13256] 00000050 : 00 00 00 00 00 00 00 00-00 00 00 00 00 00 00 00 : ................
System.Net.Sockets Verbose: 0 : [13256] 00000060 : 00 00 00 00 00 00 00 00-00 00 00 00 00 00 00 00 : ................
System.Net.Sockets Verbose: 0 : [13256] 00000070 : 00 00 00 00 00 00 00 00-00 00 00 00 00 00 00 00 : ................
System.Net.Sockets Verbose: 0 : [13256] Exiting Socket#21454193::ReceiveFrom() 	-> Int32#18
System.Net.Sockets Verbose: 0 : [13256] Socket#21454193::SendTo()
System.Net.Sockets Verbose: 0 : [13256] Data from Socket#21454193::SendTo
System.Net.Sockets Verbose: 0 : [13256] 00000000 : 59 65 73 2E                                     : Yes.
System.Net.Sockets Verbose: 0 : [13256] Exiting Socket#21454193::SendTo() 	-> Int32#4
System.Net.Sockets Verbose: 0 : [13256] Socket#2383799::Connect(192.168.184.130:35#-2101827357)
System.Net.Sockets Information: 0 : [13256] Socket#2383799 - Создано подключение с 192.168.184.1:9053 к 192.168.184.130:35.
System.Net.Sockets Verbose: 0 : [13256] Exiting Socket#2383799::Connect() 
System.Net.Sockets Verbose: 0 : [13688] Socket#53682564::Socket(AddressFamily#2)
System.Net.Sockets Verbose: 0 : [13688] Exiting Socket#53682564::Socket() 
System.Net.Sockets Verbose: 0 : [13688] Socket#40097817::Socket(AddressFamily#2)
System.Net.Sockets Verbose: 0 : [13688] Exiting Socket#40097817::Socket() 
System.Net.Sockets Verbose: 0 : [13688] DNS::GetHostAddresses(MAX-WIN10-X64)
System.Net.Sockets Verbose: 0 : [13688] DNS::GetHostByName(MAX-WIN10-X64)
System.Net.Sockets Verbose: 0 : [13688] Exiting DNS::GetHostByName() 	-> IPHostEntry#7224250
System.Net.Sockets Verbose: 0 : [13688] Exiting DNS::GetHostAddresses() 	-> IPAddress[]#65970676
System.Net.Sockets Verbose: 0 : [13688] Socket#40097817::Bind(192.168.184.1:9052#28871580)
System.Net.Sockets Verbose: 0 : [13688] Exiting Socket#40097817::Bind() 
System.Net.Sockets Verbose: 0 : [13688] Socket#53682564::Bind(192.168.184.1:9053#28871581)
System.Net.Sockets Verbose: 0 : [13688] Exiting Socket#53682564::Bind() 
System.Net.Sockets Verbose: 0 : [13688] Socket#40097817::ReceiveFrom()
System.Net.Sockets Verbose: 0 : [13688] Data from Socket#40097817::ReceiveFrom
System.Net.Sockets Verbose: 0 : [13688] 00000000 : 53 65 72 76 65 72 3F 75-C3 80 C2 A8 C2 B8 C2 82 : Server?u........
System.Net.Sockets Verbose: 0 : [13688] 00000010 : 23 58 00 00 00 00 00 00-00 00 00 00 00 00 00 00 : #X..............
System.Net.Sockets Verbose: 0 : [13688] 00000020 : 00 00 00 00 00 00 00 00-00 00 00 00 00 00 00 00 : ................
System.Net.Sockets Verbose: 0 : [13688] 00000030 : 00 00 00 00 00 00 00 00-00 00 00 00 00 00 00 00 : ................
System.Net.Sockets Verbose: 0 : [13688] 00000040 : 00 00 00 00 00 00 00 00-00 00 00 00 00 00 00 00 : ................
System.Net.Sockets Verbose: 0 : [13688] 00000050 : 00 00 00 00 00 00 00 00-00 00 00 00 00 00 00 00 : ................
System.Net.Sockets Verbose: 0 : [13688] 00000060 : 00 00 00 00 00 00 00 00-00 00 00 00 00 00 00 00 : ................
System.Net.Sockets Verbose: 0 : [13688] 00000070 : 00 00 00 00 00 00 00 00-00 00 00 00 00 00 00 00 : ................
System.Net.Sockets Verbose: 0 : [13688] Exiting Socket#40097817::ReceiveFrom() 	-> Int32#18
System.Net.Sockets Verbose: 0 : [13688] Socket#40097817::SendTo()
System.Net.Sockets Verbose: 0 : [13688] Data from Socket#40097817::SendTo
System.Net.Sockets Verbose: 0 : [13688] 00000000 : 59 65 73 2E                                     : Yes.
System.Net.Sockets Verbose: 0 : [13688] Exiting Socket#40097817::SendTo() 	-> Int32#4
System.Net.Sockets Verbose: 0 : [3844] Socket#2383799::Socket(AddressFamily#2)
System.Net.Sockets Verbose: 0 : [3844] Exiting Socket#2383799::Socket() 
System.Net.Sockets Verbose: 0 : [3844] Socket#21454193::Socket(AddressFamily#2)
System.Net.Sockets Verbose: 0 : [3844] Exiting Socket#21454193::Socket() 
System.Net.Sockets Verbose: 0 : [3844] DNS::GetHostAddresses(MAX-WIN10-X64)
System.Net.Sockets Verbose: 0 : [3844] DNS::GetHostByName(MAX-WIN10-X64)
System.Net.Sockets Verbose: 0 : [3844] Exiting DNS::GetHostByName() 	-> IPHostEntry#58870012
System.Net.Sockets Verbose: 0 : [3844] Exiting DNS::GetHostAddresses() 	-> IPAddress[]#60068066
System.Net.Sockets Verbose: 0 : [3844] Socket#21454193::Bind(192.168.184.1:9052#28871580)
System.Net.Sockets Verbose: 0 : [3844] Exiting Socket#21454193::Bind() 
System.Net.Sockets Verbose: 0 : [3844] Socket#2383799::Bind(192.168.184.1:9053#28871581)
System.Net.Sockets Verbose: 0 : [3844] Exiting Socket#2383799::Bind() 
System.Net.Sockets Verbose: 0 : [3844] Socket#21454193::ReceiveFrom()
System.Net.Sockets Verbose: 0 : [3844] Data from Socket#21454193::ReceiveFrom
System.Net.Sockets Verbose: 0 : [3844] 00000000 : 53 65 72 76 65 72 3F 75-C3 80 C2 A8 C2 B8 C2 82 : Server?u........
System.Net.Sockets Verbose: 0 : [3844] 00000010 : 23 58 00 00 00 00 00 00-00 00 00 00 00 00 00 00 : #X..............
System.Net.Sockets Verbose: 0 : [3844] 00000020 : 00 00 00 00 00 00 00 00-00 00 00 00 00 00 00 00 : ................
System.Net.Sockets Verbose: 0 : [3844] 00000030 : 00 00 00 00 00 00 00 00-00 00 00 00 00 00 00 00 : ................
System.Net.Sockets Verbose: 0 : [3844] 00000040 : 00 00 00 00 00 00 00 00-00 00 00 00 00 00 00 00 : ................
System.Net.Sockets Verbose: 0 : [3844] 00000050 : 00 00 00 00 00 00 00 00-00 00 00 00 00 00 00 00 : ................
System.Net.Sockets Verbose: 0 : [3844] 00000060 : 00 00 00 00 00 00 00 00-00 00 00 00 00 00 00 00 : ................
System.Net.Sockets Verbose: 0 : [3844] 00000070 : 00 00 00 00 00 00 00 00-00 00 00 00 00 00 00 00 : ................
System.Net.Sockets Verbose: 0 : [3844] Exiting Socket#21454193::ReceiveFrom() 	-> Int32#18
System.Net.Sockets Verbose: 0 : [3844] Socket#21454193::SendTo()
System.Net.Sockets Verbose: 0 : [3844] Data from Socket#21454193::SendTo
System.Net.Sockets Verbose: 0 : [3844] 00000000 : 59 65 73 2E                                     : Yes.
System.Net.Sockets Verbose: 0 : [3844] Exiting Socket#21454193::SendTo() 	-> Int32#4
System.Net.Sockets Verbose: 0 : [3844] Socket#2383799::Connect(192.168.184.130:9048#-2101834856)
System.Net.Sockets Information: 0 : [3844] Socket#2383799 - Создано подключение с 192.168.184.1:9053 к 192.168.184.130:9048.
System.Net.Sockets Verbose: 0 : [3844] Exiting Socket#2383799::Connect() 
System.Net.Sockets Verbose: 0 : [3844] Socket#2383799::Receive()
System.Net.Sockets Verbose: 0 : [3844] Data from Socket#2383799::Receive
System.Net.Sockets Verbose: 0 : [3844] (printing 1024 out of 65000)
System.Net.Sockets Verbose: 0 : [3844] 00000000 : 4D 61 78 5F 50 43 5F 56-4D 4D 61 78 5F 50 43 5F : Max_PC_VMMax_PC_
System.Net.Sockets Verbose: 0 : [3844] 00000010 : 56 4D 4D 61 78 5F 50 43-5F 56 4D 4D 61 78 5F 50 : VMMax_PC_VMMax_P
System.Net.Sockets Verbose: 0 : [3844] 00000020 : 43 5F 56 4D 4D 61 78 5F-50 43 5F 56 4D 4D 61 78 : C_VMMax_PC_VMMax
System.Net.Sockets Verbose: 0 : [3844] 00000030 : 5F 50 43 5F 56 4D 4D 61-78 5F 50 43 5F 56 4D 4D : _PC_VMMax_PC_VMM
System.Net.Sockets Verbose: 0 : [3844] 00000040 : 61 78 5F 50 43 5F 56 4D-4D 61 78 5F 50 43 5F 56 : ax_PC_VMMax_PC_V
System.Net.Sockets Verbose: 0 : [3844] 00000050 : 4D 4D 61 78 5F 50 43 5F-56 4D 4D 61 78 5F 50 43 : MMax_PC_VMMax_PC
System.Net.Sockets Verbose: 0 : [3844] 00000060 : 5F 56 4D 4D 61 78 5F 50-43 5F 56 4D 4D 61 78 5F : _VMMax_PC_VMMax_
System.Net.Sockets Verbose: 0 : [3844] 00000070 : 50 43 5F 56 4D 4D 61 78-5F 50 43 5F 56 4D 4D 61 : PC_VMMax_PC_VMMa
System.Net.Sockets Verbose: 0 : [3844] 00000080 : 78 5F 50 43 5F 56 4D 4D-61 78 5F 50 43 5F 56 4D : x_PC_VMMax_PC_VM
System.Net.Sockets Verbose: 0 : [3844] 00000090 : 4D 61 78 5F 50 43 5F 56-4D 4D 61 78 5F 50 43 5F : Max_PC_VMMax_PC_
System.Net.Sockets Verbose: 0 : [3844] 000000A0 : 56 4D 4D 61 78 5F 50 43-5F 56 4D 4D 61 78 5F 50 : VMMax_PC_VMMax_P
System.Net.Sockets Verbose: 0 : [3844] 000000B0 : 43 5F 56 4D 4D 61 78 5F-50 43 5F 56 4D 4D 61 78 : C_VMMax_PC_VMMax
System.Net.Sockets Verbose: 0 : [3844] 000000C0 : 5F 50 43 5F 56 4D 4D 61-78 5F 50 43 5F 56 4D 4D : _PC_VMMax_PC_VMM
System.Net.Sockets Verbose: 0 : [3844] 000000D0 : 61 78 5F 50 43 5F 56 4D-4D 61 78 5F 50 43 5F 56 : ax_PC_VMMax_PC_V
System.Net.Sockets Verbose: 0 : [3844] 000000E0 : 4D 4D 61 78 5F 50 43 5F-56 4D 4D 61 78 5F 50 43 : MMax_PC_VMMax_PC
System.Net.Sockets Verbose: 0 : [3844] 000000F0 : 5F 56 4D 4D 61 78 5F 50-43 5F 56 4D 4D 61 78 5F : _VMMax_PC_VMMax_
System.Net.Sockets Verbose: 0 : [3844] 00000100 : 50 43 5F 56 4D 4D 61 78-5F 50 43 5F 56 4D 4D 61 : PC_VMMax_PC_VMMa
System.Net.Sockets Verbose: 0 : [3844] 00000110 : 78 5F 50 43 5F 56 4D 4D-61 78 5F 50 43 5F 56 4D : x_PC_VMMax_PC_VM
System.Net.Sockets Verbose: 0 : [3844] 00000120 : 4D 61 78 5F 50 43 5F 56-4D 4D 61 78 5F 50 43 5F : Max_PC_VMMax_PC_
System.Net.Sockets Verbose: 0 : [3844] 00000130 : 56 4D 4D 61 78 5F 50 43-5F 56 4D 4D 61 78 5F 50 : VMMax_PC_VMMax_P
System.Net.Sockets Verbose: 0 : [3844] 00000140 : 43 5F 56 4D 4D 61 78 5F-50 43 5F 56 4D 4D 61 78 : C_VMMax_PC_VMMax
System.Net.Sockets Verbose: 0 : [3844] 00000150 : 5F 50 43 5F 56 4D 4D 61-78 5F 50 43 5F 56 4D 4D : _PC_VMMax_PC_VMM
System.Net.Sockets Verbose: 0 : [3844] 00000160 : 61 78 5F 50 43 5F 56 4D-4D 61 78 5F 50 43 5F 56 : ax_PC_VMMax_PC_V
System.Net.Sockets Verbose: 0 : [3844] 00000170 : 4D 4D 61 78 5F 50 43 5F-56 4D 4D 61 78 5F 50 43 : MMax_PC_VMMax_PC
System.Net.Sockets Verbose: 0 : [3844] 00000180 : 5F 56 4D 4D 61 78 5F 50-43 5F 56 4D 4D 61 78 5F : _VMMax_PC_VMMax_
System.Net.Sockets Verbose: 0 : [3844] 00000190 : 50 43 5F 56 4D 4D 61 78-5F 50 43 5F 56 4D 4D 61 : PC_VMMax_PC_VMMa
System.Net.Sockets Verbose: 0 : [3844] 000001A0 : 78 5F 50 43 5F 56 4D 4D-61 78 5F 50 43 5F 56 4D : x_PC_VMMax_PC_VM
System.Net.Sockets Verbose: 0 : [3844] 000001B0 : 4D 61 78 5F 50 43 5F 56-4D 4D 61 78 5F 50 43 5F : Max_PC_VMMax_PC_
System.Net.Sockets Verbose: 0 : [3844] 000001C0 : 56 4D 4D 61 78 5F 50 43-5F 56 4D 4D 61 78 5F 50 : VMMax_PC_VMMax_P
System.Net.Sockets Verbose: 0 : [3844] 000001D0 : 43 5F 56 4D 4D 61 78 5F-50 43 5F 56 4D 4D 61 78 : C_VMMax_PC_VMMax
System.Net.Sockets Verbose: 0 : [3844] 000001E0 : 5F 50 43 5F 56 4D 4D 61-78 5F 50 43 5F 56 4D 4D : _PC_VMMax_PC_VMM
System.Net.Sockets Verbose: 0 : [3844] 000001F0 : 61 78 5F 50 43 5F 56 4D-4D 61 78 5F 50 43 5F 56 : ax_PC_VMMax_PC_V
System.Net.Sockets Verbose: 0 : [3844] 00000200 : 4D 4D 61 78 5F 50 43 5F-56 4D 4D 61 78 5F 50 43 : MMax_PC_VMMax_PC
System.Net.Sockets Verbose: 0 : [3844] 00000210 : 5F 56 4D 4D 61 78 5F 50-43 5F 56 4D 4D 61 78 5F : _VMMax_PC_VMMax_
System.Net.Sockets Verbose: 0 : [3844] 00000220 : 50 43 5F 56 4D 4D 61 78-5F 50 43 5F 56 4D 4D 61 : PC_VMMax_PC_VMMa
System.Net.Sockets Verbose: 0 : [3844] 00000230 : 78 5F 50 43 5F 56 4D 4D-61 78 5F 50 43 5F 56 4D : x_PC_VMMax_PC_VM
System.Net.Sockets Verbose: 0 : [3844] 00000240 : 4D 61 78 5F 50 43 5F 56-4D 4D 61 78 5F 50 43 5F : Max_PC_VMMax_PC_
System.Net.Sockets Verbose: 0 : [3844] 00000250 : 56 4D 4D 61 78 5F 50 43-5F 56 4D 4D 61 78 5F 50 : VMMax_PC_VMMax_P
System.Net.Sockets Verbose: 0 : [3844] 00000260 : 43 5F 56 4D 4D 61 78 5F-50 43 5F 56 4D 4D 61 78 : C_VMMax_PC_VMMax
System.Net.Sockets Verbose: 0 : [3844] 00000270 : 5F 50 43 5F 56 4D 4D 61-78 5F 50 43 5F 56 4D 4D : _PC_VMMax_PC_VMM
System.Net.Sockets Verbose: 0 : [3844] 00000280 : 61 78 5F 50 43 5F 56 4D-4D 61 78 5F 50 43 5F 56 : ax_PC_VMMax_PC_V
System.Net.Sockets Verbose: 0 : [3844] 00000290 : 4D 4D 61 78 5F 50 43 5F-56 4D 4D 61 78 5F 50 43 : MMax_PC_VMMax_PC
System.Net.Sockets Verbose: 0 : [3844] 000002A0 : 5F 56 4D 4D 61 78 5F 50-43 5F 56 4D 4D 61 78 5F : _VMMax_PC_VMMax_
System.Net.Sockets Verbose: 0 : [3844] 000002B0 : 50 43 5F 56 4D 4D 61 78-5F 50 43 5F 56 4D 4D 61 : PC_VMMax_PC_VMMa
System.Net.Sockets Verbose: 0 : [3844] 000002C0 : 78 5F 50 43 5F 56 4D 4D-61 78 5F 50 43 5F 56 4D : x_PC_VMMax_PC_VM
System.Net.Sockets Verbose: 0 : [3844] 000002D0 : 4D 61 78 5F 50 43 5F 56-4D 4D 61 78 5F 50 43 5F : Max_PC_VMMax_PC_
System.Net.Sockets Verbose: 0 : [3844] 000002E0 : 56 4D 4D 61 78 5F 50 43-5F 56 4D 4D 61 78 5F 50 : VMMax_PC_VMMax_P
System.Net.Sockets Verbose: 0 : [3844] 000002F0 : 43 5F 56 4D 4D 61 78 5F-50 43 5F 56 4D 4D 61 78 : C_VMMax_PC_VMMax
System.Net.Sockets Verbose: 0 : [3844] 00000300 : 5F 50 43 5F 56 4D 4D 61-78 5F 50 43 5F 56 4D 4D : _PC_VMMax_PC_VMM
System.Net.Sockets Verbose: 0 : [3844] 00000310 : 61 78 5F 50 43 5F 56 4D-4D 61 78 5F 50 43 5F 56 : ax_PC_VMMax_PC_V
System.Net.Sockets Verbose: 0 : [3844] 00000320 : 4D 4D 61 78 5F 50 43 5F-56 4D 4D 61 78 5F 50 43 : MMax_PC_VMMax_PC
System.Net.Sockets Verbose: 0 : [3844] 00000330 : 5F 56 4D 4D 61 78 5F 50-43 5F 56 4D 4D 61 78 5F : _VMMax_PC_VMMax_
System.Net.Sockets Verbose: 0 : [3844] 00000340 : 50 43 5F 56 4D 4D 61 78-5F 50 43 5F 56 4D 4D 61 : PC_VMMax_PC_VMMa
System.Net.Sockets Verbose: 0 : [3844] 00000350 : 78 5F 50 43 5F 56 4D 4D-61 78 5F 50 43 5F 56 4D : x_PC_VMMax_PC_VM
System.Net.Sockets Verbose: 0 : [3844] 00000360 : 4D 61 78 5F 50 43 5F 56-4D 4D 61 78 5F 50 43 5F : Max_PC_VMMax_PC_
System.Net.Sockets Verbose: 0 : [3844] 00000370 : 56 4D 4D 61 78 5F 50 43-5F 56 4D 4D 61 78 5F 50 : VMMax_PC_VMMax_P
System.Net.Sockets Verbose: 0 : [3844] 00000380 : 43 5F 56 4D 4D 61 78 5F-50 43 5F 56 4D 4D 61 78 : C_VMMax_PC_VMMax
System.Net.Sockets Verbose: 0 : [3844] 00000390 : 5F 50 43 5F 56 4D 4D 61-78 5F 50 43 5F 56 4D 4D : _PC_VMMax_PC_VMM
System.Net.Sockets Verbose: 0 : [3844] 000003A0 : 61 78 5F 50 43 5F 56 4D-4D 61 78 5F 50 43 5F 56 : ax_PC_VMMax_PC_V
System.Net.Sockets Verbose: 0 : [3844] 000003B0 : 4D 4D 61 78 5F 50 43 5F-56 4D 4D 61 78 5F 50 43 : MMax_PC_VMMax_PC
System.Net.Sockets Verbose: 0 : [3844] 000003C0 : 5F 56 4D 4D 61 78 5F 50-43 5F 56 4D 4D 61 78 5F : _VMMax_PC_VMMax_
System.Net.Sockets Verbose: 0 : [3844] 000003D0 : 50 43 5F 56 4D 4D 61 78-5F 50 43 5F 56 4D 4D 61 : PC_VMMax_PC_VMMa
System.Net.Sockets Verbose: 0 : [3844] 000003E0 : 78 5F 50 43 5F 56 4D 4D-61 78 5F 50 43 5F 56 4D : x_PC_VMMax_PC_VM
System.Net.Sockets Verbose: 0 : [3844] 000003F0 : 4D 61 78 5F 50 43 5F 56-4D 4D 61 78 5F 50 43 5F : Max_PC_VMMax_PC_
System.Net.Sockets Verbose: 0 : [3844] Exiting Socket#2383799::Receive() 	-> Int32#65000
System.Net.Sockets Verbose: 0 : [3844] Socket#2383799::Send()
System.Net.Sockets Verbose: 0 : [3844] Data from Socket#2383799::Send
System.Net.Sockets Verbose: 0 : [3844] 00000000 : 52 65 63 69 65 76 65 64-                        : Recieved
System.Net.Sockets Verbose: 0 : [3844] Exiting Socket#2383799::Send() 	-> Int32#8
System.Net.Sockets Verbose: 0 : [3844] DNS::GetHostEntry()
System.Net.Sockets Verbose: 0 : [3844] Exiting DNS::GetHostEntry() 	-> IPHostEntry#33675143
System.Net.Sockets Verbose: 0 : [3844] Socket#2383799::Close()
System.Net.Sockets Verbose: 0 : [3844] Socket#2383799::Dispose()
System.Net.Sockets Verbose: 0 : [3844] Exiting Socket#2383799::Close() 
System.Net.Sockets Verbose: 0 : [3844] Socket#21454193::Close()
System.Net.Sockets Verbose: 0 : [3844] Socket#21454193::Dispose()
System.Net.Sockets Verbose: 0 : [3844] Exiting Socket#21454193::Close() 
System.Net.Sockets Verbose: 0 : [14152] Socket#2383799::Socket(AddressFamily#2)
System.Net.Sockets Verbose: 0 : [14152] Exiting Socket#2383799::Socket() 
System.Net.Sockets Verbose: 0 : [14152] Socket#21454193::Socket(AddressFamily#2)
System.Net.Sockets Verbose: 0 : [14152] Exiting Socket#21454193::Socket() 
System.Net.Sockets Verbose: 0 : [14152] DNS::GetHostAddresses(MAX-WIN10-X64)
System.Net.Sockets Verbose: 0 : [14152] DNS::GetHostByName(MAX-WIN10-X64)
System.Net.Sockets Verbose: 0 : [14152] Exiting DNS::GetHostByName() 	-> IPHostEntry#58870012
System.Net.Sockets Verbose: 0 : [14152] Exiting DNS::GetHostAddresses() 	-> IPAddress[]#60068066
System.Net.Sockets Verbose: 0 : [14152] Socket#21454193::Bind(192.168.184.1:9052#28871580)
System.Net.Sockets Verbose: 0 : [14152] Exiting Socket#21454193::Bind() 
System.Net.Sockets Verbose: 0 : [14152] Socket#2383799::Bind(192.168.184.1:9053#28871581)
System.Net.Sockets Verbose: 0 : [14152] Exiting Socket#2383799::Bind() 
System.Net.Sockets Verbose: 0 : [14152] Socket#21454193::ReceiveFrom()
System.Net.Sockets Verbose: 0 : [14152] Data from Socket#21454193::ReceiveFrom
System.Net.Sockets Verbose: 0 : [14152] 00000000 : 53 65 72 76 65 72 3F 74-C3 80 C2 A8 C2 B8 C2 82 : Server?t........
System.Net.Sockets Verbose: 0 : [14152] 00000010 : 23 58 00 00 00 00 00 00-00 00 00 00 00 00 00 00 : #X..............
System.Net.Sockets Verbose: 0 : [14152] 00000020 : 00 00 00 00 00 00 00 00-00 00 00 00 00 00 00 00 : ................
System.Net.Sockets Verbose: 0 : [14152] 00000030 : 00 00 00 00 00 00 00 00-00 00 00 00 00 00 00 00 : ................
System.Net.Sockets Verbose: 0 : [14152] 00000040 : 00 00 00 00 00 00 00 00-00 00 00 00 00 00 00 00 : ................
System.Net.Sockets Verbose: 0 : [14152] 00000050 : 00 00 00 00 00 00 00 00-00 00 00 00 00 00 00 00 : ................
System.Net.Sockets Verbose: 0 : [14152] 00000060 : 00 00 00 00 00 00 00 00-00 00 00 00 00 00 00 00 : ................
System.Net.Sockets Verbose: 0 : [14152] 00000070 : 00 00 00 00 00 00 00 00-00 00 00 00 00 00 00 00 : ................
System.Net.Sockets Verbose: 0 : [14152] Exiting Socket#21454193::ReceiveFrom() 	-> Int32#18
System.Net.Sockets Verbose: 0 : [14152] Socket#21454193::SendTo()
System.Net.Sockets Verbose: 0 : [14152] Data from Socket#21454193::SendTo
System.Net.Sockets Verbose: 0 : [14152] 00000000 : 59 65 73 2E                                     : Yes.
System.Net.Sockets Verbose: 0 : [14152] Exiting Socket#21454193::SendTo() 	-> Int32#4
System.Net.Sockets Verbose: 0 : [14152] Socket#2383799::Connect(192.168.184.130:9048#-2101834856)
System.Net.Sockets Information: 0 : [14152] Socket#2383799 - Создано подключение с 192.168.184.1:9053 к 192.168.184.130:9048.
System.Net.Sockets Verbose: 0 : [14152] Exiting Socket#2383799::Connect() 
System.Net.Sockets Verbose: 0 : [14152] Socket#2383799::Receive()
System.Net.Sockets Verbose: 0 : [14152] Data from Socket#2383799::Receive
System.Net.Sockets Verbose: 0 : [14152] (printing 1024 out of 5840)
System.Net.Sockets Verbose: 0 : [14152] 00000000 : 4D 61 78 5F 50 43 5F 56-4D 4D 61 78 5F 50 43 5F : Max_PC_VMMax_PC_
System.Net.Sockets Verbose: 0 : [14152] 00000010 : 56 4D 4D 61 78 5F 50 43-5F 56 4D 4D 61 78 5F 50 : VMMax_PC_VMMax_P
System.Net.Sockets Verbose: 0 : [14152] 00000020 : 43 5F 56 4D 4D 61 78 5F-50 43 5F 56 4D 4D 61 78 : C_VMMax_PC_VMMax
System.Net.Sockets Verbose: 0 : [14152] 00000030 : 5F 50 43 5F 56 4D 4D 61-78 5F 50 43 5F 56 4D 4D : _PC_VMMax_PC_VMM
System.Net.Sockets Verbose: 0 : [14152] 00000040 : 61 78 5F 50 43 5F 56 4D-4D 61 78 5F 50 43 5F 56 : ax_PC_VMMax_PC_V
System.Net.Sockets Verbose: 0 : [14152] 00000050 : 4D 4D 61 78 5F 50 43 5F-56 4D 4D 61 78 5F 50 43 : MMax_PC_VMMax_PC
System.Net.Sockets Verbose: 0 : [14152] 00000060 : 5F 56 4D 4D 61 78 5F 50-43 5F 56 4D 4D 61 78 5F : _VMMax_PC_VMMax_
System.Net.Sockets Verbose: 0 : [14152] 00000070 : 50 43 5F 56 4D 4D 61 78-5F 50 43 5F 56 4D 4D 61 : PC_VMMax_PC_VMMa
System.Net.Sockets Verbose: 0 : [14152] 00000080 : 78 5F 50 43 5F 56 4D 4D-61 78 5F 50 43 5F 56 4D : x_PC_VMMax_PC_VM
System.Net.Sockets Verbose: 0 : [14152] 00000090 : 4D 61 78 5F 50 43 5F 56-4D 4D 61 78 5F 50 43 5F : Max_PC_VMMax_PC_
System.Net.Sockets Verbose: 0 : [14152] 000000A0 : 56 4D 4D 61 78 5F 50 43-5F 56 4D 4D 61 78 5F 50 : VMMax_PC_VMMax_P
System.Net.Sockets Verbose: 0 : [14152] 000000B0 : 43 5F 56 4D 4D 61 78 5F-50 43 5F 56 4D 4D 61 78 : C_VMMax_PC_VMMax
System.Net.Sockets Verbose: 0 : [14152] 000000C0 : 5F 50 43 5F 56 4D 4D 61-78 5F 50 43 5F 56 4D 4D : _PC_VMMax_PC_VMM
System.Net.Sockets Verbose: 0 : [14152] 000000D0 : 61 78 5F 50 43 5F 56 4D-4D 61 78 5F 50 43 5F 56 : ax_PC_VMMax_PC_V
System.Net.Sockets Verbose: 0 : [14152] 000000E0 : 4D 4D 61 78 5F 50 43 5F-56 4D 4D 61 78 5F 50 43 : MMax_PC_VMMax_PC
System.Net.Sockets Verbose: 0 : [14152] 000000F0 : 5F 56 4D 4D 61 78 5F 50-43 5F 56 4D 4D 61 78 5F : _VMMax_PC_VMMax_
System.Net.Sockets Verbose: 0 : [14152] 00000100 : 50 43 5F 56 4D 4D 61 78-5F 50 43 5F 56 4D 4D 61 : PC_VMMax_PC_VMMa
System.Net.Sockets Verbose: 0 : [14152] 00000110 : 78 5F 50 43 5F 56 4D 4D-61 78 5F 50 43 5F 56 4D : x_PC_VMMax_PC_VM
System.Net.Sockets Verbose: 0 : [14152] 00000120 : 4D 61 78 5F 50 43 5F 56-4D 4D 61 78 5F 50 43 5F : Max_PC_VMMax_PC_
System.Net.Sockets Verbose: 0 : [14152] 00000130 : 56 4D 4D 61 78 5F 50 43-5F 56 4D 4D 61 78 5F 50 : VMMax_PC_VMMax_P
System.Net.Sockets Verbose: 0 : [14152] 00000140 : 43 5F 56 4D 4D 61 78 5F-50 43 5F 56 4D 4D 61 78 : C_VMMax_PC_VMMax
System.Net.Sockets Verbose: 0 : [14152] 00000150 : 5F 50 43 5F 56 4D 4D 61-78 5F 50 43 5F 56 4D 4D : _PC_VMMax_PC_VMM
System.Net.Sockets Verbose: 0 : [14152] 00000160 : 61 78 5F 50 43 5F 56 4D-4D 61 78 5F 50 43 5F 56 : ax_PC_VMMax_PC_V
System.Net.Sockets Verbose: 0 : [14152] 00000170 : 4D 4D 61 78 5F 50 43 5F-56 4D 4D 61 78 5F 50 43 : MMax_PC_VMMax_PC
System.Net.Sockets Verbose: 0 : [14152] 00000180 : 5F 56 4D 4D 61 78 5F 50-43 5F 56 4D 4D 61 78 5F : _VMMax_PC_VMMax_
System.Net.Sockets Verbose: 0 : [14152] 00000190 : 50 43 5F 56 4D 4D 61 78-5F 50 43 5F 56 4D 4D 61 : PC_VMMax_PC_VMMa
System.Net.Sockets Verbose: 0 : [14152] 000001A0 : 78 5F 50 43 5F 56 4D 4D-61 78 5F 50 43 5F 56 4D : x_PC_VMMax_PC_VM
System.Net.Sockets Verbose: 0 : [14152] 000001B0 : 4D 61 78 5F 50 43 5F 56-4D 4D 61 78 5F 50 43 5F : Max_PC_VMMax_PC_
System.Net.Sockets Verbose: 0 : [14152] 000001C0 : 56 4D 4D 61 78 5F 50 43-5F 56 4D 4D 61 78 5F 50 : VMMax_PC_VMMax_P
System.Net.Sockets Verbose: 0 : [14152] 000001D0 : 43 5F 56 4D 4D 61 78 5F-50 43 5F 56 4D 4D 61 78 : C_VMMax_PC_VMMax
System.Net.Sockets Verbose: 0 : [14152] 000001E0 : 5F 50 43 5F 56 4D 4D 61-78 5F 50 43 5F 56 4D 4D : _PC_VMMax_PC_VMM
System.Net.Sockets Verbose: 0 : [14152] 000001F0 : 61 78 5F 50 43 5F 56 4D-4D 61 78 5F 50 43 5F 56 : ax_PC_VMMax_PC_V
System.Net.Sockets Verbose: 0 : [14152] 00000200 : 4D 4D 61 78 5F 50 43 5F-56 4D 4D 61 78 5F 50 43 : MMax_PC_VMMax_PC
System.Net.Sockets Verbose: 0 : [14152] 00000210 : 5F 56 4D 4D 61 78 5F 50-43 5F 56 4D 4D 61 78 5F : _VMMax_PC_VMMax_
System.Net.Sockets Verbose: 0 : [14152] 00000220 : 50 43 5F 56 4D 4D 61 78-5F 50 43 5F 56 4D 4D 61 : PC_VMMax_PC_VMMa
System.Net.Sockets Verbose: 0 : [14152] 00000230 : 78 5F 50 43 5F 56 4D 4D-61 78 5F 50 43 5F 56 4D : x_PC_VMMax_PC_VM
System.Net.Sockets Verbose: 0 : [14152] 00000240 : 4D 61 78 5F 50 43 5F 56-4D 4D 61 78 5F 50 43 5F : Max_PC_VMMax_PC_
System.Net.Sockets Verbose: 0 : [14152] 00000250 : 56 4D 4D 61 78 5F 50 43-5F 56 4D 4D 61 78 5F 50 : VMMax_PC_VMMax_P
System.Net.Sockets Verbose: 0 : [14152] 00000260 : 43 5F 56 4D 4D 61 78 5F-50 43 5F 56 4D 4D 61 78 : C_VMMax_PC_VMMax
System.Net.Sockets Verbose: 0 : [14152] 00000270 : 5F 50 43 5F 56 4D 4D 61-78 5F 50 43 5F 56 4D 4D : _PC_VMMax_PC_VMM
System.Net.Sockets Verbose: 0 : [14152] 00000280 : 61 78 5F 50 43 5F 56 4D-4D 61 78 5F 50 43 5F 56 : ax_PC_VMMax_PC_V
System.Net.Sockets Verbose: 0 : [14152] 00000290 : 4D 4D 61 78 5F 50 43 5F-56 4D 4D 61 78 5F 50 43 : MMax_PC_VMMax_PC
System.Net.Sockets Verbose: 0 : [14152] 000002A0 : 5F 56 4D 4D 61 78 5F 50-43 5F 56 4D 4D 61 78 5F : _VMMax_PC_VMMax_
System.Net.Sockets Verbose: 0 : [14152] 000002B0 : 50 43 5F 56 4D 4D 61 78-5F 50 43 5F 56 4D 4D 61 : PC_VMMax_PC_VMMa
System.Net.Sockets Verbose: 0 : [14152] 000002C0 : 78 5F 50 43 5F 56 4D 4D-61 78 5F 50 43 5F 56 4D : x_PC_VMMax_PC_VM
System.Net.Sockets Verbose: 0 : [14152] 000002D0 : 4D 61 78 5F 50 43 5F 56-4D 4D 61 78 5F 50 43 5F : Max_PC_VMMax_PC_
System.Net.Sockets Verbose: 0 : [14152] 000002E0 : 56 4D 4D 61 78 5F 50 43-5F 56 4D 4D 61 78 5F 50 : VMMax_PC_VMMax_P
System.Net.Sockets Verbose: 0 : [14152] 000002F0 : 43 5F 56 4D 4D 61 78 5F-50 43 5F 56 4D 4D 61 78 : C_VMMax_PC_VMMax
System.Net.Sockets Verbose: 0 : [14152] 00000300 : 5F 50 43 5F 56 4D 4D 61-78 5F 50 43 5F 56 4D 4D : _PC_VMMax_PC_VMM
System.Net.Sockets Verbose: 0 : [14152] 00000310 : 61 78 5F 50 43 5F 56 4D-4D 61 78 5F 50 43 5F 56 : ax_PC_VMMax_PC_V
System.Net.Sockets Verbose: 0 : [14152] 00000320 : 4D 4D 61 78 5F 50 43 5F-56 4D 4D 61 78 5F 50 43 : MMax_PC_VMMax_PC
System.Net.Sockets Verbose: 0 : [14152] 00000330 : 5F 56 4D 4D 61 78 5F 50-43 5F 56 4D 4D 61 78 5F : _VMMax_PC_VMMax_
System.Net.Sockets Verbose: 0 : [14152] 00000340 : 50 43 5F 56 4D 4D 61 78-5F 50 43 5F 56 4D 4D 61 : PC_VMMax_PC_VMMa
System.Net.Sockets Verbose: 0 : [14152] 00000350 : 78 5F 50 43 5F 56 4D 4D-61 78 5F 50 43 5F 56 4D : x_PC_VMMax_PC_VM
System.Net.Sockets Verbose: 0 : [14152] 00000360 : 4D 61 78 5F 50 43 5F 56-4D 4D 61 78 5F 50 43 5F : Max_PC_VMMax_PC_
System.Net.Sockets Verbose: 0 : [14152] 00000370 : 56 4D 4D 61 78 5F 50 43-5F 56 4D 4D 61 78 5F 50 : VMMax_PC_VMMax_P
System.Net.Sockets Verbose: 0 : [14152] 00000380 : 43 5F 56 4D 4D 61 78 5F-50 43 5F 56 4D 4D 61 78 : C_VMMax_PC_VMMax
System.Net.Sockets Verbose: 0 : [14152] 00000390 : 5F 50 43 5F 56 4D 4D 61-78 5F 50 43 5F 56 4D 4D : _PC_VMMax_PC_VMM
System.Net.Sockets Verbose: 0 : [14152] 000003A0 : 61 78 5F 50 43 5F 56 4D-4D 61 78 5F 50 43 5F 56 : ax_PC_VMMax_PC_V
System.Net.Sockets Verbose: 0 : [14152] 000003B0 : 4D 4D 61 78 5F 50 43 5F-56 4D 4D 61 78 5F 50 43 : MMax_PC_VMMax_PC
System.Net.Sockets Verbose: 0 : [14152] 000003C0 : 5F 56 4D 4D 61 78 5F 50-43 5F 56 4D 4D 61 78 5F : _VMMax_PC_VMMax_
System.Net.Sockets Verbose: 0 : [14152] 000003D0 : 50 43 5F 56 4D 4D 61 78-5F 50 43 5F 56 4D 4D 61 : PC_VMMax_PC_VMMa
System.Net.Sockets Verbose: 0 : [14152] 000003E0 : 78 5F 50 43 5F 56 4D 4D-61 78 5F 50 43 5F 56 4D : x_PC_VMMax_PC_VM
System.Net.Sockets Verbose: 0 : [14152] 000003F0 : 4D 61 78 5F 50 43 5F 56-4D 4D 61 78 5F 50 43 5F : Max_PC_VMMax_PC_
System.Net.Sockets Verbose: 0 : [14152] Exiting Socket#2383799::Receive() 	-> Int32#5840
System.Net.Sockets Verbose: 0 : [14152] Socket#2383799::Send()
System.Net.Sockets Verbose: 0 : [14152] Data from Socket#2383799::Send
System.Net.Sockets Verbose: 0 : [14152] 00000000 : 52 65 63 69 65 76 65 64-                        : Recieved
System.Net.Sockets Verbose: 0 : [14152] Exiting Socket#2383799::Send() 	-> Int32#8
System.Net.Sockets Verbose: 0 : [14152] DNS::GetHostEntry()
System.Net.Sockets Verbose: 0 : [14152] Exiting DNS::GetHostEntry() 	-> IPHostEntry#33675143
System.Net Error: 0 : [14152] Исключение в AppDomain#34640832::UnhandledExceptionHandler - Индекс находился вне границ массива..
   в System.String.get_Chars(Int32 index)
   в KSiS_Laba2_Server.ProgramServer.<>c__DisplayClass0_0.<Main>b__0(Char t, Int32 i) в D:\Programs\VS\_KSIS\KSiS_Laba2\KSiS_Laba2_Server\ProgramServer.cs:строка 67
   в System.Linq.Enumerable.<WhereIterator>d__2`1.MoveNext()
   в System.Linq.Enumerable.Count[TSource](IEnumerable`1 source)
   в KSiS_Laba2_Server.ProgramServer.Main(String[] args) в D:\Programs\VS\_KSIS\KSiS_Laba2\KSiS_Laba2_Server\ProgramServer.cs:строка 67
System.Net.Sockets Verbose: 0 : [14152] Socket#2383799::Close()
System.Net.Sockets Verbose: 0 : [14152] Socket#2383799::Dispose()
System.Net.Sockets Verbose: 0 : [14152] Exiting Socket#2383799::Close() 
System.Net.Sockets Verbose: 0 : [14152] Socket#21454193::Close()
System.Net.Sockets Verbose: 0 : [14152] Socket#21454193::Dispose()
System.Net.Sockets Verbose: 0 : [14152] Exiting Socket#21454193::Close() 
System.Net.Sockets Verbose: 0 : [1952] Socket#2383799::Socket(AddressFamily#2)
System.Net.Sockets Verbose: 0 : [1952] Exiting Socket#2383799::Socket() 
System.Net.Sockets Verbose: 0 : [1952] Socket#21454193::Socket(AddressFamily#2)
System.Net.Sockets Verbose: 0 : [1952] Exiting Socket#21454193::Socket() 
System.Net.Sockets Verbose: 0 : [1952] DNS::GetHostAddresses(MAX-WIN10-X64)
System.Net.Sockets Verbose: 0 : [1952] DNS::GetHostByName(MAX-WIN10-X64)
System.Net.Sockets Verbose: 0 : [1952] Exiting DNS::GetHostByName() 	-> IPHostEntry#58870012
System.Net.Sockets Verbose: 0 : [1952] Exiting DNS::GetHostAddresses() 	-> IPAddress[]#60068066
System.Net.Sockets Verbose: 0 : [1952] Socket#21454193::Bind(192.168.184.1:9052#28871580)
System.Net.Sockets Verbose: 0 : [1952] Exiting Socket#21454193::Bind() 
System.Net.Sockets Verbose: 0 : [1952] Socket#2383799::Bind(192.168.184.1:9053#28871581)
System.Net.Sockets Verbose: 0 : [1952] Exiting Socket#2383799::Bind() 
System.Net.Sockets Verbose: 0 : [1952] Socket#21454193::ReceiveFrom()
System.Net.Sockets Verbose: 0 : [1952] Data from Socket#21454193::ReceiveFrom
System.Net.Sockets Verbose: 0 : [1952] 00000000 : 53 65 72 76 65 72 3F 74-C3 80 C2 A8 C2 B8 01 23 : Server?t.......#
System.Net.Sockets Verbose: 0 : [1952] 00000010 : 5A 00 00 00 00 00 00 00-00 00 00 00 00 00 00 00 : Z...............
System.Net.Sockets Verbose: 0 : [1952] 00000020 : 00 00 00 00 00 00 00 00-00 00 00 00 00 00 00 00 : ................
System.Net.Sockets Verbose: 0 : [1952] 00000030 : 00 00 00 00 00 00 00 00-00 00 00 00 00 00 00 00 : ................
System.Net.Sockets Verbose: 0 : [1952] 00000040 : 00 00 00 00 00 00 00 00-00 00 00 00 00 00 00 00 : ................
System.Net.Sockets Verbose: 0 : [1952] 00000050 : 00 00 00 00 00 00 00 00-00 00 00 00 00 00 00 00 : ................
System.Net.Sockets Verbose: 0 : [1952] 00000060 : 00 00 00 00 00 00 00 00-00 00 00 00 00 00 00 00 : ................
System.Net.Sockets Verbose: 0 : [1952] 00000070 : 00 00 00 00 00 00 00 00-00 00 00 00 00 00 00 00 : ................
System.Net.Sockets Verbose: 0 : [1952] Exiting Socket#21454193::ReceiveFrom() 	-> Int32#17
System.Net.Sockets Verbose: 0 : [1952] Socket#21454193::SendTo()
System.Net.Sockets Verbose: 0 : [1952] Data from Socket#21454193::SendTo
System.Net.Sockets Verbose: 0 : [1952] 00000000 : 59 65 73 2E                                     : Yes.
System.Net.Sockets Verbose: 0 : [1952] Exiting Socket#21454193::SendTo() 	-> Int32#4
System.Net.Sockets Verbose: 0 : [1952] Socket#2383799::Connect(192.168.184.1:9050#28871578)
System.Net.Sockets Information: 0 : [1952] Socket#2383799 - Создано подключение с 192.168.184.1:9053 к 192.168.184.1:9050.
System.Net.Sockets Verbose: 0 : [1952] Exiting Socket#2383799::Connect() 
System.Net.Sockets Verbose: 0 : [1952] Socket#2383799::Receive()
System.Net.Sockets Verbose: 0 : [1952] Data from Socket#2383799::Receive
System.Net.Sockets Verbose: 0 : [1952] (printing 1024 out of 36500)
System.Net.Sockets Verbose: 0 : [1952] 00000000 : 4D 41 58 2D 57 49 4E 31-30 2D 58 36 34 4D 41 58 : MAX-WIN10-X64MAX
System.Net.Sockets Verbose: 0 : [1952] 00000010 : 2D 57 49 4E 31 30 2D 58-36 34 4D 41 58 2D 57 49 : -WIN10-X64MAX-WI
System.Net.Sockets Verbose: 0 : [1952] 00000020 : 4E 31 30 2D 58 36 34 4D-41 58 2D 57 49 4E 31 30 : N10-X64MAX-WIN10
System.Net.Sockets Verbose: 0 : [1952] 00000030 : 2D 58 36 34 4D 41 58 2D-57 49 4E 31 30 2D 58 36 : -X64MAX-WIN10-X6
System.Net.Sockets Verbose: 0 : [1952] 00000040 : 34 4D 41 58 2D 57 49 4E-31 30 2D 58 36 34 4D 41 : 4MAX-WIN10-X64MA
System.Net.Sockets Verbose: 0 : [1952] 00000050 : 58 2D 57 49 4E 31 30 2D-58 36 34 4D 41 58 2D 57 : X-WIN10-X64MAX-W
System.Net.Sockets Verbose: 0 : [1952] 00000060 : 49 4E 31 30 2D 58 36 34-4D 41 58 2D 57 49 4E 31 : IN10-X64MAX-WIN1
System.Net.Sockets Verbose: 0 : [1952] 00000070 : 30 2D 58 36 34 4D 41 58-2D 57 49 4E 31 30 2D 58 : 0-X64MAX-WIN10-X
System.Net.Sockets Verbose: 0 : [1952] 00000080 : 36 34 4D 41 58 2D 57 49-4E 31 30 2D 58 36 34 4D : 64MAX-WIN10-X64M
System.Net.Sockets Verbose: 0 : [1952] 00000090 : 41 58 2D 57 49 4E 31 30-2D 58 36 34 4D 41 58 2D : AX-WIN10-X64MAX-
System.Net.Sockets Verbose: 0 : [1952] 000000A0 : 57 49 4E 31 30 2D 58 36-34 4D 41 58 2D 57 49 4E : WIN10-X64MAX-WIN
System.Net.Sockets Verbose: 0 : [1952] 000000B0 : 31 30 2D 58 36 34 4D 41-58 2D 57 49 4E 31 30 2D : 10-X64MAX-WIN10-
System.Net.Sockets Verbose: 0 : [1952] 000000C0 : 58 36 34 4D 41 58 2D 57-49 4E 31 30 2D 58 36 34 : X64MAX-WIN10-X64
System.Net.Sockets Verbose: 0 : [1952] 000000D0 : 4D 41 58 2D 57 49 4E 31-30 2D 58 36 34 4D 41 58 : MAX-WIN10-X64MAX
System.Net.Sockets Verbose: 0 : [1952] 000000E0 : 2D 57 49 4E 31 30 2D 58-36 34 4D 41 58 2D 57 49 : -WIN10-X64MAX-WI
System.Net.Sockets Verbose: 0 : [1952] 000000F0 : 4E 31 30 2D 58 36 34 4D-41 58 2D 57 49 4E 31 30 : N10-X64MAX-WIN10
System.Net.Sockets Verbose: 0 : [1952] 00000100 : 2D 58 36 34 4D 41 58 2D-57 49 4E 31 30 2D 58 36 : -X64MAX-WIN10-X6
System.Net.Sockets Verbose: 0 : [1952] 00000110 : 34 4D 41 58 2D 57 49 4E-31 30 2D 58 36 34 4D 41 : 4MAX-WIN10-X64MA
System.Net.Sockets Verbose: 0 : [1952] 00000120 : 58 2D 57 49 4E 31 30 2D-58 36 34 4D 41 58 2D 57 : X-WIN10-X64MAX-W
System.Net.Sockets Verbose: 0 : [1952] 00000130 : 49 4E 31 30 2D 58 36 34-4D 41 58 2D 57 49 4E 31 : IN10-X64MAX-WIN1
System.Net.Sockets Verbose: 0 : [1952] 00000140 : 30 2D 58 36 34 4D 41 58-2D 57 49 4E 31 30 2D 58 : 0-X64MAX-WIN10-X
System.Net.Sockets Verbose: 0 : [1952] 00000150 : 36 34 4D 41 58 2D 57 49-4E 31 30 2D 58 36 34 4D : 64MAX-WIN10-X64M
System.Net.Sockets Verbose: 0 : [1952] 00000160 : 41 58 2D 57 49 4E 31 30-2D 58 36 34 4D 41 58 2D : AX-WIN10-X64MAX-
System.Net.Sockets Verbose: 0 : [1952] 00000170 : 57 49 4E 31 30 2D 58 36-34 4D 41 58 2D 57 49 4E : WIN10-X64MAX-WIN
System.Net.Sockets Verbose: 0 : [1952] 00000180 : 31 30 2D 58 36 34 4D 41-58 2D 57 49 4E 31 30 2D : 10-X64MAX-WIN10-
System.Net.Sockets Verbose: 0 : [1952] 00000190 : 58 36 34 4D 41 58 2D 57-49 4E 31 30 2D 58 36 34 : X64MAX-WIN10-X64
System.Net.Sockets Verbose: 0 : [1952] 000001A0 : 4D 41 58 2D 57 49 4E 31-30 2D 58 36 34 4D 41 58 : MAX-WIN10-X64MAX
System.Net.Sockets Verbose: 0 : [1952] 000001B0 : 2D 57 49 4E 31 30 2D 58-36 34 4D 41 58 2D 57 49 : -WIN10-X64MAX-WI
System.Net.Sockets Verbose: 0 : [1952] 000001C0 : 4E 31 30 2D 58 36 34 4D-41 58 2D 57 49 4E 31 30 : N10-X64MAX-WIN10
System.Net.Sockets Verbose: 0 : [1952] 000001D0 : 2D 58 36 34 4D 41 58 2D-57 49 4E 31 30 2D 58 36 : -X64MAX-WIN10-X6
System.Net.Sockets Verbose: 0 : [1952] 000001E0 : 34 4D 41 58 2D 57 49 4E-31 30 2D 58 36 34 4D 41 : 4MAX-WIN10-X64MA
System.Net.Sockets Verbose: 0 : [1952] 000001F0 : 58 2D 57 49 4E 31 30 2D-58 36 34 4D 41 58 2D 57 : X-WIN10-X64MAX-W
System.Net.Sockets Verbose: 0 : [1952] 00000200 : 49 4E 31 30 2D 58 36 34-4D 41 58 2D 57 49 4E 31 : IN10-X64MAX-WIN1
System.Net.Sockets Verbose: 0 : [1952] 00000210 : 30 2D 58 36 34 4D 41 58-2D 57 49 4E 31 30 2D 58 : 0-X64MAX-WIN10-X
System.Net.Sockets Verbose: 0 : [1952] 00000220 : 36 34 4D 41 58 2D 57 49-4E 31 30 2D 58 36 34 4D : 64MAX-WIN10-X64M
System.Net.Sockets Verbose: 0 : [1952] 00000230 : 41 58 2D 57 49 4E 31 30-2D 58 36 34 4D 41 58 2D : AX-WIN10-X64MAX-
System.Net.Sockets Verbose: 0 : [1952] 00000240 : 57 49 4E 31 30 2D 58 36-34 4D 41 58 2D 57 49 4E : WIN10-X64MAX-WIN
System.Net.Sockets Verbose: 0 : [1952] 00000250 : 31 30 2D 58 36 34 4D 41-58 2D 57 49 4E 31 30 2D : 10-X64MAX-WIN10-
System.Net.Sockets Verbose: 0 : [1952] 00000260 : 58 36 34 4D 41 58 2D 57-49 4E 31 30 2D 58 36 34 : X64MAX-WIN10-X64
System.Net.Sockets Verbose: 0 : [1952] 00000270 : 4D 41 58 2D 57 49 4E 31-30 2D 58 36 34 4D 41 58 : MAX-WIN10-X64MAX
System.Net.Sockets Verbose: 0 : [1952] 00000280 : 2D 57 49 4E 31 30 2D 58-36 34 4D 41 58 2D 57 49 : -WIN10-X64MAX-WI
System.Net.Sockets Verbose: 0 : [1952] 00000290 : 4E 31 30 2D 58 36 34 4D-41 58 2D 57 49 4E 31 30 : N10-X64MAX-WIN10
System.Net.Sockets Verbose: 0 : [1952] 000002A0 : 2D 58 36 34 4D 41 58 2D-57 49 4E 31 30 2D 58 36 : -X64MAX-WIN10-X6
System.Net.Sockets Verbose: 0 : [1952] 000002B0 : 34 4D 41 58 2D 57 49 4E-31 30 2D 58 36 34 4D 41 : 4MAX-WIN10-X64MA
System.Net.Sockets Verbose: 0 : [1952] 000002C0 : 58 2D 57 49 4E 31 30 2D-58 36 34 4D 41 58 2D 57 : X-WIN10-X64MAX-W
System.Net.Sockets Verbose: 0 : [1952] 000002D0 : 49 4E 31 30 2D 58 36 34-4D 41 58 2D 57 49 4E 31 : IN10-X64MAX-WIN1
System.Net.Sockets Verbose: 0 : [1952] 000002E0 : 30 2D 58 36 34 4D 41 58-2D 57 49 4E 31 30 2D 58 : 0-X64MAX-WIN10-X
System.Net.Sockets Verbose: 0 : [1952] 000002F0 : 36 34 4D 41 58 2D 57 49-4E 31 30 2D 58 36 34 4D : 64MAX-WIN10-X64M
System.Net.Sockets Verbose: 0 : [1952] 00000300 : 41 58 2D 57 49 4E 31 30-2D 58 36 34 4D 41 58 2D : AX-WIN10-X64MAX-
System.Net.Sockets Verbose: 0 : [1952] 00000310 : 57 49 4E 31 30 2D 58 36-34 4D 41 58 2D 57 49 4E : WIN10-X64MAX-WIN
System.Net.Sockets Verbose: 0 : [1952] 00000320 : 31 30 2D 58 36 34 4D 41-58 2D 57 49 4E 31 30 2D : 10-X64MAX-WIN10-
System.Net.Sockets Verbose: 0 : [1952] 00000330 : 58 36 34 4D 41 58 2D 57-49 4E 31 30 2D 58 36 34 : X64MAX-WIN10-X64
System.Net.Sockets Verbose: 0 : [1952] 00000340 : 4D 41 58 2D 57 49 4E 31-30 2D 58 36 34 4D 41 58 : MAX-WIN10-X64MAX
System.Net.Sockets Verbose: 0 : [1952] 00000350 : 2D 57 49 4E 31 30 2D 58-36 34 4D 41 58 2D 57 49 : -WIN10-X64MAX-WI
System.Net.Sockets Verbose: 0 : [1952] 00000360 : 4E 31 30 2D 58 36 34 4D-41 58 2D 57 49 4E 31 30 : N10-X64MAX-WIN10
System.Net.Sockets Verbose: 0 : [1952] 00000370 : 2D 58 36 34 4D 41 58 2D-57 49 4E 31 30 2D 58 36 : -X64MAX-WIN10-X6
System.Net.Sockets Verbose: 0 : [1952] 00000380 : 34 4D 41 58 2D 57 49 4E-31 30 2D 58 36 34 4D 41 : 4MAX-WIN10-X64MA
System.Net.Sockets Verbose: 0 : [1952] 00000390 : 58 2D 57 49 4E 31 30 2D-58 36 34 4D 41 58 2D 57 : X-WIN10-X64MAX-W
System.Net.Sockets Verbose: 0 : [1952] 000003A0 : 49 4E 31 30 2D 58 36 34-4D 41 58 2D 57 49 4E 31 : IN10-X64MAX-WIN1
System.Net.Sockets Verbose: 0 : [1952] 000003B0 : 30 2D 58 36 34 4D 41 58-2D 57 49 4E 31 30 2D 58 : 0-X64MAX-WIN10-X
System.Net.Sockets Verbose: 0 : [1952] 000003C0 : 36 34 4D 41 58 2D 57 49-4E 31 30 2D 58 36 34 4D : 64MAX-WIN10-X64M
System.Net.Sockets Verbose: 0 : [1952] 000003D0 : 41 58 2D 57 49 4E 31 30-2D 58 36 34 4D 41 58 2D : AX-WIN10-X64MAX-
System.Net.Sockets Verbose: 0 : [1952] 000003E0 : 57 49 4E 31 30 2D 58 36-34 4D 41 58 2D 57 49 4E : WIN10-X64MAX-WIN
System.Net.Sockets Verbose: 0 : [1952] 000003F0 : 31 30 2D 58 36 34 4D 41-58 2D 57 49 4E 31 30 2D : 10-X64MAX-WIN10-
System.Net.Sockets Verbose: 0 : [1952] Exiting Socket#2383799::Receive() 	-> Int32#36500
System.Net.Sockets Verbose: 0 : [1952] Socket#2383799::Receive()
System.Net.Sockets Verbose: 0 : [1952] Data from Socket#2383799::Receive
System.Net.Sockets Verbose: 0 : [1952] (printing 1024 out of 28500)
System.Net.Sockets Verbose: 0 : [1952] 00000000 : 2D 58 36 34 4D 41 58 2D-57 49 4E 31 30 2D 58 36 : -X64MAX-WIN10-X6
System.Net.Sockets Verbose: 0 : [1952] 00000010 : 34 4D 41 58 2D 57 49 4E-31 30 2D 58 36 34 4D 41 : 4MAX-WIN10-X64MA
System.Net.Sockets Verbose: 0 : [1952] 00000020 : 58 2D 57 49 4E 31 30 2D-58 36 34 4D 41 58 2D 57 : X-WIN10-X64MAX-W
System.Net.Sockets Verbose: 0 : [1952] 00000030 : 49 4E 31 30 2D 58 36 34-4D 41 58 2D 57 49 4E 31 : IN10-X64MAX-WIN1
System.Net.Sockets Verbose: 0 : [1952] 00000040 : 30 2D 58 36 34 4D 41 58-2D 57 49 4E 31 30 2D 58 : 0-X64MAX-WIN10-X
System.Net.Sockets Verbose: 0 : [1952] 00000050 : 36 34 4D 41 58 2D 57 49-4E 31 30 2D 58 36 34 4D : 64MAX-WIN10-X64M
System.Net.Sockets Verbose: 0 : [1952] 00000060 : 41 58 2D 57 49 4E 31 30-2D 58 36 34 4D 41 58 2D : AX-WIN10-X64MAX-
System.Net.Sockets Verbose: 0 : [1952] 00000070 : 57 49 4E 31 30 2D 58 36-34 4D 41 58 2D 57 49 4E : WIN10-X64MAX-WIN
System.Net.Sockets Verbose: 0 : [1952] 00000080 : 31 30 2D 58 36 34 4D 41-58 2D 57 49 4E 31 30 2D : 10-X64MAX-WIN10-
System.Net.Sockets Verbose: 0 : [1952] 00000090 : 58 36 34 4D 41 58 2D 57-49 4E 31 30 2D 58 36 34 : X64MAX-WIN10-X64
System.Net.Sockets Verbose: 0 : [1952] 000000A0 : 4D 41 58 2D 57 49 4E 31-30 2D 58 36 34 4D 41 58 : MAX-WIN10-X64MAX
System.Net.Sockets Verbose: 0 : [1952] 000000B0 : 2D 57 49 4E 31 30 2D 58-36 34 4D 41 58 2D 57 49 : -WIN10-X64MAX-WI
System.Net.Sockets Verbose: 0 : [1952] 000000C0 : 4E 31 30 2D 58 36 34 4D-41 58 2D 57 49 4E 31 30 : N10-X64MAX-WIN10
System.Net.Sockets Verbose: 0 : [1952] 000000D0 : 2D 58 36 34 4D 41 58 2D-57 49 4E 31 30 2D 58 36 : -X64MAX-WIN10-X6
System.Net.Sockets Verbose: 0 : [1952] 000000E0 : 34 4D 41 58 2D 57 49 4E-31 30 2D 58 36 34 4D 41 : 4MAX-WIN10-X64MA
System.Net.Sockets Verbose: 0 : [1952] 000000F0 : 58 2D 57 49 4E 31 30 2D-58 36 34 4D 41 58 2D 57 : X-WIN10-X64MAX-W
System.Net.Sockets Verbose: 0 : [1952] 00000100 : 49 4E 31 30 2D 58 36 34-4D 41 58 2D 57 49 4E 31 : IN10-X64MAX-WIN1
System.Net.Sockets Verbose: 0 : [1952] 00000110 : 30 2D 58 36 34 4D 41 58-2D 57 49 4E 31 30 2D 58 : 0-X64MAX-WIN10-X
System.Net.Sockets Verbose: 0 : [1952] 00000120 : 36 34 4D 41 58 2D 57 49-4E 31 30 2D 58 36 34 4D : 64MAX-WIN10-X64M
System.Net.Sockets Verbose: 0 : [1952] 00000130 : 41 58 2D 57 49 4E 31 30-2D 58 36 34 4D 41 58 2D : AX-WIN10-X64MAX-
System.Net.Sockets Verbose: 0 : [1952] 00000140 : 57 49 4E 31 30 2D 58 36-34 4D 41 58 2D 57 49 4E : WIN10-X64MAX-WIN
System.Net.Sockets Verbose: 0 : [1952] 00000150 : 31 30 2D 58 36 34 4D 41-58 2D 57 49 4E 31 30 2D : 10-X64MAX-WIN10-
System.Net.Sockets Verbose: 0 : [1952] 00000160 : 58 36 34 4D 41 58 2D 57-49 4E 31 30 2D 58 36 34 : X64MAX-WIN10-X64
System.Net.Sockets Verbose: 0 : [1952] 00000170 : 4D 41 58 2D 57 49 4E 31-30 2D 58 36 34 4D 41 58 : MAX-WIN10-X64MAX
System.Net.Sockets Verbose: 0 : [1952] 00000180 : 2D 57 49 4E 31 30 2D 58-36 34 4D 41 58 2D 57 49 : -WIN10-X64MAX-WI
System.Net.Sockets Verbose: 0 : [1952] 00000190 : 4E 31 30 2D 58 36 34 4D-41 58 2D 57 49 4E 31 30 : N10-X64MAX-WIN10
System.Net.Sockets Verbose: 0 : [1952] 000001A0 : 2D 58 36 34 4D 41 58 2D-57 49 4E 31 30 2D 58 36 : -X64MAX-WIN10-X6
System.Net.Sockets Verbose: 0 : [1952] 000001B0 : 34 4D 41 58 2D 57 49 4E-31 30 2D 58 36 34 4D 41 : 4MAX-WIN10-X64MA
System.Net.Sockets Verbose: 0 : [1952] 000001C0 : 58 2D 57 49 4E 31 30 2D-58 36 34 4D 41 58 2D 57 : X-WIN10-X64MAX-W
System.Net.Sockets Verbose: 0 : [1952] 000001D0 : 49 4E 31 30 2D 58 36 34-4D 41 58 2D 57 49 4E 31 : IN10-X64MAX-WIN1
System.Net.Sockets Verbose: 0 : [1952] 000001E0 : 30 2D 58 36 34 4D 41 58-2D 57 49 4E 31 30 2D 58 : 0-X64MAX-WIN10-X
System.Net.Sockets Verbose: 0 : [1952] 000001F0 : 36 34 4D 41 58 2D 57 49-4E 31 30 2D 58 36 34 4D : 64MAX-WIN10-X64M
System.Net.Sockets Verbose: 0 : [1952] 00000200 : 41 58 2D 57 49 4E 31 30-2D 58 36 34 4D 41 58 2D : AX-WIN10-X64MAX-
System.Net.Sockets Verbose: 0 : [1952] 00000210 : 57 49 4E 31 30 2D 58 36-34 4D 41 58 2D 57 49 4E : WIN10-X64MAX-WIN
System.Net.Sockets Verbose: 0 : [1952] 00000220 : 31 30 2D 58 36 34 4D 41-58 2D 57 49 4E 31 30 2D : 10-X64MAX-WIN10-
System.Net.Sockets Verbose: 0 : [1952] 00000230 : 58 36 34 4D 41 58 2D 57-49 4E 31 30 2D 58 36 34 : X64MAX-WIN10-X64
System.Net.Sockets Verbose: 0 : [1952] 00000240 : 4D 41 58 2D 57 49 4E 31-30 2D 58 36 34 4D 41 58 : MAX-WIN10-X64MAX
System.Net.Sockets Verbose: 0 : [1952] 00000250 : 2D 57 49 4E 31 30 2D 58-36 34 4D 41 58 2D 57 49 : -WIN10-X64MAX-WI
System.Net.Sockets Verbose: 0 : [1952] 00000260 : 4E 31 30 2D 58 36 34 4D-41 58 2D 57 49 4E 31 30 : N10-X64MAX-WIN10
System.Net.Sockets Verbose: 0 : [1952] 00000270 : 2D 58 36 34 4D 41 58 2D-57 49 4E 31 30 2D 58 36 : -X64MAX-WIN10-X6
System.Net.Sockets Verbose: 0 : [1952] 00000280 : 34 4D 41 58 2D 57 49 4E-31 30 2D 58 36 34 4D 41 : 4MAX-WIN10-X64MA
System.Net.Sockets Verbose: 0 : [1952] 00000290 : 58 2D 57 49 4E 31 30 2D-58 36 34 4D 41 58 2D 57 : X-WIN10-X64MAX-W
System.Net.Sockets Verbose: 0 : [1952] 000002A0 : 49 4E 31 30 2D 58 36 34-4D 41 58 2D 57 49 4E 31 : IN10-X64MAX-WIN1
System.Net.Sockets Verbose: 0 : [1952] 000002B0 : 30 2D 58 36 34 4D 41 58-2D 57 49 4E 31 30 2D 58 : 0-X64MAX-WIN10-X
System.Net.Sockets Verbose: 0 : [1952] 000002C0 : 36 34 4D 41 58 2D 57 49-4E 31 30 2D 58 36 34 4D : 64MAX-WIN10-X64M
System.Net.Sockets Verbose: 0 : [1952] 000002D0 : 41 58 2D 57 49 4E 31 30-2D 58 36 34 4D 41 58 2D : AX-WIN10-X64MAX-
System.Net.Sockets Verbose: 0 : [1952] 000002E0 : 57 49 4E 31 30 2D 58 36-34 4D 41 58 2D 57 49 4E : WIN10-X64MAX-WIN
System.Net.Sockets Verbose: 0 : [1952] 000002F0 : 31 30 2D 58 36 34 4D 41-58 2D 57 49 4E 31 30 2D : 10-X64MAX-WIN10-
System.Net.Sockets Verbose: 0 : [1952] 00000300 : 58 36 34 4D 41 58 2D 57-49 4E 31 30 2D 58 36 34 : X64MAX-WIN10-X64
System.Net.Sockets Verbose: 0 : [1952] 00000310 : 4D 41 58 2D 57 49 4E 31-30 2D 58 36 34 4D 41 58 : MAX-WIN10-X64MAX
System.Net.Sockets Verbose: 0 : [1952] 00000320 : 2D 57 49 4E 31 30 2D 58-36 34 4D 41 58 2D 57 49 : -WIN10-X64MAX-WI
System.Net.Sockets Verbose: 0 : [1952] 00000330 : 4E 31 30 2D 58 36 34 4D-41 58 2D 57 49 4E 31 30 : N10-X64MAX-WIN10
System.Net.Sockets Verbose: 0 : [1952] 00000340 : 2D 58 36 34 4D 41 58 2D-57 49 4E 31 30 2D 58 36 : -X64MAX-WIN10-X6
System.Net.Sockets Verbose: 0 : [1952] 00000350 : 34 4D 41 58 2D 57 49 4E-31 30 2D 58 36 34 4D 41 : 4MAX-WIN10-X64MA
System.Net.Sockets Verbose: 0 : [1952] 00000360 : 58 2D 57 49 4E 31 30 2D-58 36 34 4D 41 58 2D 57 : X-WIN10-X64MAX-W
System.Net.Sockets Verbose: 0 : [1952] 00000370 : 49 4E 31 30 2D 58 36 34-4D 41 58 2D 57 49 4E 31 : IN10-X64MAX-WIN1
System.Net.Sockets Verbose: 0 : [1952] 00000380 : 30 2D 58 36 34 4D 41 58-2D 57 49 4E 31 30 2D 58 : 0-X64MAX-WIN10-X
System.Net.Sockets Verbose: 0 : [1952] 00000390 : 36 34 4D 41 58 2D 57 49-4E 31 30 2D 58 36 34 4D : 64MAX-WIN10-X64M
System.Net.Sockets Verbose: 0 : [1952] 000003A0 : 41 58 2D 57 49 4E 31 30-2D 58 36 34 4D 41 58 2D : AX-WIN10-X64MAX-
System.Net.Sockets Verbose: 0 : [1952] 000003B0 : 57 49 4E 31 30 2D 58 36-34 4D 41 58 2D 57 49 4E : WIN10-X64MAX-WIN
System.Net.Sockets Verbose: 0 : [1952] 000003C0 : 31 30 2D 58 36 34 4D 41-58 2D 57 49 4E 31 30 2D : 10-X64MAX-WIN10-
System.Net.Sockets Verbose: 0 : [1952] 000003D0 : 58 36 34 4D 41 58 2D 57-49 4E 31 30 2D 58 36 34 : X64MAX-WIN10-X64
System.Net.Sockets Verbose: 0 : [1952] 000003E0 : 4D 41 58 2D 57 49 4E 31-30 2D 58 36 34 4D 41 58 : MAX-WIN10-X64MAX
System.Net.Sockets Verbose: 0 : [1952] 000003F0 : 2D 57 49 4E 31 30 2D 58-36 34 4D 41 58 2D 57 49 : -WIN10-X64MAX-WI
System.Net.Sockets Verbose: 0 : [1952] Exiting Socket#2383799::Receive() 	-> Int32#28500
System.Net.Sockets Verbose: 0 : [1952] Socket#2383799::Send()
System.Net.Sockets Verbose: 0 : [1952] Data from Socket#2383799::Send
System.Net.Sockets Verbose: 0 : [1952] 00000000 : 52 65 63 69 65 76 65 64-                        : Recieved
System.Net.Sockets Verbose: 0 : [1952] Exiting Socket#2383799::Send() 	-> Int32#8
System.Net.Sockets Verbose: 0 : [1952] DNS::GetHostEntry()
System.Net.Sockets Verbose: 0 : [1952] Exiting DNS::GetHostEntry() 	-> IPHostEntry#33675143
System.Net.Sockets Verbose: 0 : [1952] Socket#2383799::Close()
System.Net.Sockets Verbose: 0 : [1952] Socket#2383799::Dispose()
System.Net.Sockets Verbose: 0 : [1952] Exiting Socket#2383799::Close() 
System.Net.Sockets Verbose: 0 : [1952] Socket#21454193::Close()
System.Net.Sockets Verbose: 0 : [1952] Socket#21454193::Dispose()
System.Net.Sockets Verbose: 0 : [1952] Exiting Socket#21454193::Close() 
System.Net.Sockets Verbose: 0 : [4572] Socket#2383799::Socket(AddressFamily#2)
System.Net.Sockets Verbose: 0 : [4572] Exiting Socket#2383799::Socket() 
System.Net.Sockets Verbose: 0 : [4572] Socket#21454193::Socket(AddressFamily#2)
System.Net.Sockets Verbose: 0 : [4572] Exiting Socket#21454193::Socket() 
System.Net.Sockets Verbose: 0 : [4572] DNS::GetHostAddresses(MAX-WIN10-X64)
System.Net.Sockets Verbose: 0 : [4572] DNS::GetHostByName(MAX-WIN10-X64)
System.Net.Sockets Verbose: 0 : [4572] Exiting DNS::GetHostByName() 	-> IPHostEntry#58870012
System.Net.Sockets Verbose: 0 : [4572] Exiting DNS::GetHostAddresses() 	-> IPAddress[]#60068066
System.Net.Sockets Verbose: 0 : [4572] Socket#21454193::Bind(192.168.184.1:9052#28871580)
System.Net.Sockets Verbose: 0 : [4572] Exiting Socket#21454193::Bind() 
System.Net.Sockets Verbose: 0 : [4572] Socket#2383799::Bind(192.168.184.1:9053#28871581)
System.Net.Sockets Verbose: 0 : [4572] Exiting Socket#2383799::Bind() 
System.Net.Sockets Verbose: 0 : [4572] Socket#21454193::ReceiveFrom()
System.Net.Sockets Verbose: 0 : [4572] Data from Socket#21454193::ReceiveFrom
System.Net.Sockets Verbose: 0 : [4572] 00000000 : 53 65 72 76 65 72 3F 75-C3 80 C2 A8 C2 B8 01 23 : Server?u.......#
System.Net.Sockets Verbose: 0 : [4572] 00000010 : 5A 00 00 00 00 00 00 00-00 00 00 00 00 00 00 00 : Z...............
System.Net.Sockets Verbose: 0 : [4572] 00000020 : 00 00 00 00 00 00 00 00-00 00 00 00 00 00 00 00 : ................
System.Net.Sockets Verbose: 0 : [4572] 00000030 : 00 00 00 00 00 00 00 00-00 00 00 00 00 00 00 00 : ................
System.Net.Sockets Verbose: 0 : [4572] 00000040 : 00 00 00 00 00 00 00 00-00 00 00 00 00 00 00 00 : ................
System.Net.Sockets Verbose: 0 : [4572] 00000050 : 00 00 00 00 00 00 00 00-00 00 00 00 00 00 00 00 : ................
System.Net.Sockets Verbose: 0 : [4572] 00000060 : 00 00 00 00 00 00 00 00-00 00 00 00 00 00 00 00 : ................
System.Net.Sockets Verbose: 0 : [4572] 00000070 : 00 00 00 00 00 00 00 00-00 00 00 00 00 00 00 00 : ................
System.Net.Sockets Verbose: 0 : [4572] Exiting Socket#21454193::ReceiveFrom() 	-> Int32#17
System.Net.Sockets Verbose: 0 : [4572] Socket#21454193::SendTo()
System.Net.Sockets Verbose: 0 : [4572] Data from Socket#21454193::SendTo
System.Net.Sockets Verbose: 0 : [4572] 00000000 : 59 65 73 2E                                     : Yes.
System.Net.Sockets Verbose: 0 : [4572] Exiting Socket#21454193::SendTo() 	-> Int32#4
System.Net.Sockets Verbose: 0 : [4572] Socket#2383799::Connect(192.168.184.1:9050#28871578)
System.Net.Sockets Information: 0 : [4572] Socket#2383799 - Создано подключение с 192.168.184.1:9053 к 192.168.184.1:9050.
System.Net.Sockets Verbose: 0 : [4572] Exiting Socket#2383799::Connect() 
System.Net.Sockets Verbose: 0 : [4572] Socket#2383799::Receive()
System.Net.Sockets Verbose: 0 : [4572] Data from Socket#2383799::Receive
System.Net.Sockets Verbose: 0 : [4572] (printing 1024 out of 65000)
System.Net.Sockets Verbose: 0 : [4572] 00000000 : 4D 41 58 2D 57 49 4E 31-30 2D 58 36 34 4D 41 58 : MAX-WIN10-X64MAX
System.Net.Sockets Verbose: 0 : [4572] 00000010 : 2D 57 49 4E 31 30 2D 58-36 34 4D 41 58 2D 57 49 : -WIN10-X64MAX-WI
System.Net.Sockets Verbose: 0 : [4572] 00000020 : 4E 31 30 2D 58 36 34 4D-41 58 2D 57 49 4E 31 30 : N10-X64MAX-WIN10
System.Net.Sockets Verbose: 0 : [4572] 00000030 : 2D 58 36 34 4D 41 58 2D-57 49 4E 31 30 2D 58 36 : -X64MAX-WIN10-X6
System.Net.Sockets Verbose: 0 : [4572] 00000040 : 34 4D 41 58 2D 57 49 4E-31 30 2D 58 36 34 4D 41 : 4MAX-WIN10-X64MA
System.Net.Sockets Verbose: 0 : [4572] 00000050 : 58 2D 57 49 4E 31 30 2D-58 36 34 4D 41 58 2D 57 : X-WIN10-X64MAX-W
System.Net.Sockets Verbose: 0 : [4572] 00000060 : 49 4E 31 30 2D 58 36 34-4D 41 58 2D 57 49 4E 31 : IN10-X64MAX-WIN1
System.Net.Sockets Verbose: 0 : [4572] 00000070 : 30 2D 58 36 34 4D 41 58-2D 57 49 4E 31 30 2D 58 : 0-X64MAX-WIN10-X
System.Net.Sockets Verbose: 0 : [4572] 00000080 : 36 34 4D 41 58 2D 57 49-4E 31 30 2D 58 36 34 4D : 64MAX-WIN10-X64M
System.Net.Sockets Verbose: 0 : [4572] 00000090 : 41 58 2D 57 49 4E 31 30-2D 58 36 34 4D 41 58 2D : AX-WIN10-X64MAX-
System.Net.Sockets Verbose: 0 : [4572] 000000A0 : 57 49 4E 31 30 2D 58 36-34 4D 41 58 2D 57 49 4E : WIN10-X64MAX-WIN
System.Net.Sockets Verbose: 0 : [4572] 000000B0 : 31 30 2D 58 36 34 4D 41-58 2D 57 49 4E 31 30 2D : 10-X64MAX-WIN10-
System.Net.Sockets Verbose: 0 : [4572] 000000C0 : 58 36 34 4D 41 58 2D 57-49 4E 31 30 2D 58 36 34 : X64MAX-WIN10-X64
System.Net.Sockets Verbose: 0 : [4572] 000000D0 : 4D 41 58 2D 57 49 4E 31-30 2D 58 36 34 4D 41 58 : MAX-WIN10-X64MAX
System.Net.Sockets Verbose: 0 : [4572] 000000E0 : 2D 57 49 4E 31 30 2D 58-36 34 4D 41 58 2D 57 49 : -WIN10-X64MAX-WI
System.Net.Sockets Verbose: 0 : [4572] 000000F0 : 4E 31 30 2D 58 36 34 4D-41 58 2D 57 49 4E 31 30 : N10-X64MAX-WIN10
System.Net.Sockets Verbose: 0 : [4572] 00000100 : 2D 58 36 34 4D 41 58 2D-57 49 4E 31 30 2D 58 36 : -X64MAX-WIN10-X6
System.Net.Sockets Verbose: 0 : [4572] 00000110 : 34 4D 41 58 2D 57 49 4E-31 30 2D 58 36 34 4D 41 : 4MAX-WIN10-X64MA
System.Net.Sockets Verbose: 0 : [4572] 00000120 : 58 2D 57 49 4E 31 30 2D-58 36 34 4D 41 58 2D 57 : X-WIN10-X64MAX-W
System.Net.Sockets Verbose: 0 : [4572] 00000130 : 49 4E 31 30 2D 58 36 34-4D 41 58 2D 57 49 4E 31 : IN10-X64MAX-WIN1
System.Net.Sockets Verbose: 0 : [4572] 00000140 : 30 2D 58 36 34 4D 41 58-2D 57 49 4E 31 30 2D 58 : 0-X64MAX-WIN10-X
System.Net.Sockets Verbose: 0 : [4572] 00000150 : 36 34 4D 41 58 2D 57 49-4E 31 30 2D 58 36 34 4D : 64MAX-WIN10-X64M
System.Net.Sockets Verbose: 0 : [4572] 00000160 : 41 58 2D 57 49 4E 31 30-2D 58 36 34 4D 41 58 2D : AX-WIN10-X64MAX-
System.Net.Sockets Verbose: 0 : [4572] 00000170 : 57 49 4E 31 30 2D 58 36-34 4D 41 58 2D 57 49 4E : WIN10-X64MAX-WIN
System.Net.Sockets Verbose: 0 : [4572] 00000180 : 31 30 2D 58 36 34 4D 41-58 2D 57 49 4E 31 30 2D : 10-X64MAX-WIN10-
System.Net.Sockets Verbose: 0 : [4572] 00000190 : 58 36 34 4D 41 58 2D 57-49 4E 31 30 2D 58 36 34 : X64MAX-WIN10-X64
System.Net.Sockets Verbose: 0 : [4572] 000001A0 : 4D 41 58 2D 57 49 4E 31-30 2D 58 36 34 4D 41 58 : MAX-WIN10-X64MAX
System.Net.Sockets Verbose: 0 : [4572] 000001B0 : 2D 57 49 4E 31 30 2D 58-36 34 4D 41 58 2D 57 49 : -WIN10-X64MAX-WI
System.Net.Sockets Verbose: 0 : [4572] 000001C0 : 4E 31 30 2D 58 36 34 4D-41 58 2D 57 49 4E 31 30 : N10-X64MAX-WIN10
System.Net.Sockets Verbose: 0 : [4572] 000001D0 : 2D 58 36 34 4D 41 58 2D-57 49 4E 31 30 2D 58 36 : -X64MAX-WIN10-X6
System.Net.Sockets Verbose: 0 : [4572] 000001E0 : 34 4D 41 58 2D 57 49 4E-31 30 2D 58 36 34 4D 41 : 4MAX-WIN10-X64MA
System.Net.Sockets Verbose: 0 : [4572] 000001F0 : 58 2D 57 49 4E 31 30 2D-58 36 34 4D 41 58 2D 57 : X-WIN10-X64MAX-W
System.Net.Sockets Verbose: 0 : [4572] 00000200 : 49 4E 31 30 2D 58 36 34-4D 41 58 2D 57 49 4E 31 : IN10-X64MAX-WIN1
System.Net.Sockets Verbose: 0 : [4572] 00000210 : 30 2D 58 36 34 4D 41 58-2D 57 49 4E 31 30 2D 58 : 0-X64MAX-WIN10-X
System.Net.Sockets Verbose: 0 : [4572] 00000220 : 36 34 4D 41 58 2D 57 49-4E 31 30 2D 58 36 34 4D : 64MAX-WIN10-X64M
System.Net.Sockets Verbose: 0 : [4572] 00000230 : 41 58 2D 57 49 4E 31 30-2D 58 36 34 4D 41 58 2D : AX-WIN10-X64MAX-
System.Net.Sockets Verbose: 0 : [4572] 00000240 : 57 49 4E 31 30 2D 58 36-34 4D 41 58 2D 57 49 4E : WIN10-X64MAX-WIN
System.Net.Sockets Verbose: 0 : [4572] 00000250 : 31 30 2D 58 36 34 4D 41-58 2D 57 49 4E 31 30 2D : 10-X64MAX-WIN10-
System.Net.Sockets Verbose: 0 : [4572] 00000260 : 58 36 34 4D 41 58 2D 57-49 4E 31 30 2D 58 36 34 : X64MAX-WIN10-X64
System.Net.Sockets Verbose: 0 : [4572] 00000270 : 4D 41 58 2D 57 49 4E 31-30 2D 58 36 34 4D 41 58 : MAX-WIN10-X64MAX
System.Net.Sockets Verbose: 0 : [4572] 00000280 : 2D 57 49 4E 31 30 2D 58-36 34 4D 41 58 2D 57 49 : -WIN10-X64MAX-WI
System.Net.Sockets Verbose: 0 : [4572] 00000290 : 4E 31 30 2D 58 36 34 4D-41 58 2D 57 49 4E 31 30 : N10-X64MAX-WIN10
System.Net.Sockets Verbose: 0 : [4572] 000002A0 : 2D 58 36 34 4D 41 58 2D-57 49 4E 31 30 2D 58 36 : -X64MAX-WIN10-X6
System.Net.Sockets Verbose: 0 : [4572] 000002B0 : 34 4D 41 58 2D 57 49 4E-31 30 2D 58 36 34 4D 41 : 4MAX-WIN10-X64MA
System.Net.Sockets Verbose: 0 : [4572] 000002C0 : 58 2D 57 49 4E 31 30 2D-58 36 34 4D 41 58 2D 57 : X-WIN10-X64MAX-W
System.Net.Sockets Verbose: 0 : [4572] 000002D0 : 49 4E 31 30 2D 58 36 34-4D 41 58 2D 57 49 4E 31 : IN10-X64MAX-WIN1
System.Net.Sockets Verbose: 0 : [4572] 000002E0 : 30 2D 58 36 34 4D 41 58-2D 57 49 4E 31 30 2D 58 : 0-X64MAX-WIN10-X
System.Net.Sockets Verbose: 0 : [4572] 000002F0 : 36 34 4D 41 58 2D 57 49-4E 31 30 2D 58 36 34 4D : 64MAX-WIN10-X64M
System.Net.Sockets Verbose: 0 : [4572] 00000300 : 41 58 2D 57 49 4E 31 30-2D 58 36 34 4D 41 58 2D : AX-WIN10-X64MAX-
System.Net.Sockets Verbose: 0 : [4572] 00000310 : 57 49 4E 31 30 2D 58 36-34 4D 41 58 2D 57 49 4E : WIN10-X64MAX-WIN
System.Net.Sockets Verbose: 0 : [4572] 00000320 : 31 30 2D 58 36 34 4D 41-58 2D 57 49 4E 31 30 2D : 10-X64MAX-WIN10-
System.Net.Sockets Verbose: 0 : [4572] 00000330 : 58 36 34 4D 41 58 2D 57-49 4E 31 30 2D 58 36 34 : X64MAX-WIN10-X64
System.Net.Sockets Verbose: 0 : [4572] 00000340 : 4D 41 58 2D 57 49 4E 31-30 2D 58 36 34 4D 41 58 : MAX-WIN10-X64MAX
System.Net.Sockets Verbose: 0 : [4572] 00000350 : 2D 57 49 4E 31 30 2D 58-36 34 4D 41 58 2D 57 49 : -WIN10-X64MAX-WI
System.Net.Sockets Verbose: 0 : [4572] 00000360 : 4E 31 30 2D 58 36 34 4D-41 58 2D 57 49 4E 31 30 : N10-X64MAX-WIN10
System.Net.Sockets Verbose: 0 : [4572] 00000370 : 2D 58 36 34 4D 41 58 2D-57 49 4E 31 30 2D 58 36 : -X64MAX-WIN10-X6
System.Net.Sockets Verbose: 0 : [4572] 00000380 : 34 4D 41 58 2D 57 49 4E-31 30 2D 58 36 34 4D 41 : 4MAX-WIN10-X64MA
System.Net.Sockets Verbose: 0 : [4572] 00000390 : 58 2D 57 49 4E 31 30 2D-58 36 34 4D 41 58 2D 57 : X-WIN10-X64MAX-W
System.Net.Sockets Verbose: 0 : [4572] 000003A0 : 49 4E 31 30 2D 58 36 34-4D 41 58 2D 57 49 4E 31 : IN10-X64MAX-WIN1
System.Net.Sockets Verbose: 0 : [4572] 000003B0 : 30 2D 58 36 34 4D 41 58-2D 57 49 4E 31 30 2D 58 : 0-X64MAX-WIN10-X
System.Net.Sockets Verbose: 0 : [4572] 000003C0 : 36 34 4D 41 58 2D 57 49-4E 31 30 2D 58 36 34 4D : 64MAX-WIN10-X64M
System.Net.Sockets Verbose: 0 : [4572] 000003D0 : 41 58 2D 57 49 4E 31 30-2D 58 36 34 4D 41 58 2D : AX-WIN10-X64MAX-
System.Net.Sockets Verbose: 0 : [4572] 000003E0 : 57 49 4E 31 30 2D 58 36-34 4D 41 58 2D 57 49 4E : WIN10-X64MAX-WIN
System.Net.Sockets Verbose: 0 : [4572] 000003F0 : 31 30 2D 58 36 34 4D 41-58 2D 57 49 4E 31 30 2D : 10-X64MAX-WIN10-
System.Net.Sockets Verbose: 0 : [4572] Exiting Socket#2383799::Receive() 	-> Int32#65000
System.Net.Sockets Verbose: 0 : [4572] Socket#2383799::Send()
System.Net.Sockets Verbose: 0 : [4572] Data from Socket#2383799::Send
System.Net.Sockets Verbose: 0 : [4572] 00000000 : 52 65 63 69 65 76 65 64-                        : Recieved
System.Net.Sockets Verbose: 0 : [4572] Exiting Socket#2383799::Send() 	-> Int32#8
System.Net.Sockets Verbose: 0 : [4572] DNS::GetHostEntry()
System.Net.Sockets Verbose: 0 : [4572] Exiting DNS::GetHostEntry() 	-> IPHostEntry#33675143
System.Net.Sockets Verbose: 0 : [4572] Socket#2383799::Close()
System.Net.Sockets Verbose: 0 : [4572] Socket#2383799::Dispose()
System.Net.Sockets Verbose: 0 : [4572] Exiting Socket#2383799::Close() 
System.Net.Sockets Verbose: 0 : [4572] Socket#21454193::Close()
System.Net.Sockets Verbose: 0 : [4572] Socket#21454193::Dispose()
System.Net.Sockets Verbose: 0 : [4572] Exiting Socket#21454193::Close() 
