System.Net.Sockets Verbose: 0 : [2056] Socket#2383799::Socket(AddressFamily#2)
System.Net.Sockets Verbose: 0 : [2056] Exiting Socket#2383799::Socket() 
System.Net.Sockets Verbose: 0 : [2056] DNS::GetHostAddresses(Max_PC_VM)
System.Net.Sockets Verbose: 0 : [2056] DNS::GetHostByName(Max_PC_VM)
System.Net.Sockets Verbose: 0 : [2056] Exiting DNS::GetHostByName() 	-> IPHostEntry#21454193
System.Net.Sockets Verbose: 0 : [2056] Exiting DNS::GetHostAddresses() 	-> IPAddress[]#58870012
System.Net.Sockets Verbose: 0 : [2056] Socket#60068066::Socket(AddressFamily#2)
System.Net.Sockets Verbose: 0 : [2056] Exiting Socket#60068066::Socket() 
System.Net.Sockets Verbose: 0 : [2056] Socket#3741682::Socket(AddressFamily#2)
System.Net.Sockets Verbose: 0 : [2056] Exiting Socket#3741682::Socket() 
System.Net.Sockets Verbose: 0 : [2056] Socket#33675143::Socket(AddressFamily#2)
System.Net.Sockets Verbose: 0 : [2056] Exiting Socket#33675143::Socket() 
System.Net.Sockets Verbose: 0 : [2056] DNS::GetHostAddresses(Max_PC_VM)
System.Net.Sockets Verbose: 0 : [2056] DNS::GetHostByName(Max_PC_VM)
System.Net.Sockets Verbose: 0 : [2056] Exiting DNS::GetHostByName() 	-> IPHostEntry#34640832
System.Net.Sockets Verbose: 0 : [2056] Exiting DNS::GetHostAddresses() 	-> IPAddress[]#43332040
System.Net.Sockets Verbose: 0 : [2056] Socket#54444047::Socket(AddressFamily#2)
System.Net.Sockets Verbose: 0 : [2056] Exiting Socket#54444047::Socket() 
System.Net.Sockets Verbose: 0 : [2056] Socket#54444047::Bind(169.254.80.80:9000#1347476865)
System.Net.Sockets Verbose: 0 : [2056] Exiting Socket#54444047::Bind() 
System.Net.Sockets Verbose: 0 : [2056] Socket#60068066::Bind(169.254.80.80:9050#1347476979)
System.Net.Sockets Verbose: 0 : [2056] Exiting Socket#60068066::Bind() 
System.Net.Sockets Verbose: 0 : [2056] Socket#54444047::SendTo()
System.Net.Sockets Verbose: 0 : [2056] Data from Socket#54444047::SendTo
System.Net.Sockets Verbose: 0 : [2056] 00000000 : 53 65 72 76 65 72 3F 75-C2 A9 C3 BE 50 50 23 5A : Server?u....PP#Z
System.Net.Sockets Verbose: 0 : [2056] Exiting Socket#54444047::SendTo() 	-> Int32#16
System.Net.Sockets Verbose: 0 : [2056] Socket#20234383::Socket(AddressFamily#2)
System.Net.Sockets Verbose: 0 : [2056] Exiting Socket#20234383::Socket() 
System.Net.Sockets Verbose: 0 : [2056] Socket#20234383::Bind(192.168.140.130:8999#-2104718361)
System.Net.Sockets Verbose: 0 : [2056] Exiting Socket#20234383::Bind() 
System.Net.Sockets Verbose: 0 : [2056] Socket#3741682::Bind(192.168.140.130:9049#-2104718439)
System.Net.Sockets Verbose: 0 : [2056] Exiting Socket#3741682::Bind() 
System.Net.Sockets Verbose: 0 : [2056] Socket#20234383::SendTo()
System.Net.Sockets Verbose: 0 : [2056] Data from Socket#20234383::SendTo
System.Net.Sockets Verbose: 0 : [2056] 00000000 : 53 65 72 76 65 72 3F 75-C3 80 C2 A8 C2 8C C2 82 : Server?u........
System.Net.Sockets Verbose: 0 : [2056] 00000010 : 23 59                                           : #Y
System.Net.Sockets Verbose: 0 : [2056] Exiting Socket#20234383::SendTo() 	-> Int32#18
System.Net.Sockets Verbose: 0 : [2056] Socket#47891719::Socket(AddressFamily#2)
System.Net.Sockets Verbose: 0 : [2056] Exiting Socket#47891719::Socket() 
System.Net.Sockets Verbose: 0 : [2056] Socket#47891719::Bind(192.168.184.130:8998#-2101834778)
System.Net.Sockets Verbose: 0 : [2056] Exiting Socket#47891719::Bind() 
System.Net.Sockets Verbose: 0 : [2056] Socket#33675143::Bind(192.168.184.130:9048#-2101834856)
System.Net.Sockets Verbose: 0 : [2056] Exiting Socket#33675143::Bind() 
System.Net.Sockets Verbose: 0 : [2056] Socket#47891719::SendTo()
System.Net.Sockets Verbose: 0 : [2056] Data from Socket#47891719::SendTo
System.Net.Sockets Verbose: 0 : [2056] 00000000 : 53 65 72 76 65 72 3F 75-C3 80 C2 A8 C2 B8 C2 82 : Server?u........
System.Net.Sockets Verbose: 0 : [2056] 00000010 : 23 58                                           : #X
System.Net.Sockets Verbose: 0 : [2056] Exiting Socket#47891719::SendTo() 	-> Int32#18
System.Net.Sockets Verbose: 0 : [2056] Socket#47891719::ReceiveFrom()
System.Net.Sockets Verbose: 0 : [2056] Data from Socket#47891719::ReceiveFrom
System.Net.Sockets Verbose: 0 : [2056] 00000000 : 59 65 73 2E 00 00 00 00-00 00 00 00 00 00 00 00 : Yes.............
System.Net.Sockets Verbose: 0 : [2056] 00000010 : 00 00 00 00 00 00 00 00-00 00 00 00 00 00 00 00 : ................
System.Net.Sockets Verbose: 0 : [2056] 00000020 : 00 00 00 00 00 00 00 00-00 00 00 00 00 00 00 00 : ................
System.Net.Sockets Verbose: 0 : [2056] 00000030 : 00 00 00 00 00 00 00 00-00 00 00 00 00 00 00 00 : ................
System.Net.Sockets Verbose: 0 : [2056] 00000040 : 00 00 00 00 00 00 00 00-00 00 00 00 00 00 00 00 : ................
System.Net.Sockets Verbose: 0 : [2056] 00000050 : 00 00 00 00 00 00 00 00-00 00 00 00 00 00 00 00 : ................
System.Net.Sockets Verbose: 0 : [2056] 00000060 : 00 00 00 00 00 00 00 00-00 00 00 00 00 00 00 00 : ................
System.Net.Sockets Verbose: 0 : [2056] 00000070 : 00 00 00 00 00 00 00 00-00 00 00 00 00 00 00 00 : ................
System.Net.Sockets Verbose: 0 : [2056] Exiting Socket#47891719::ReceiveFrom() 	-> Int32#4
System.Net.Sockets Verbose: 0 : [2056] Socket#33675143::Connect(192.168.184.1#28879040)
System.Net.Sockets Verbose: 0 : [2056] Socket#33675143::Connect(192.168.184.1:9053#28871581)
System.Net.Sockets Information: 0 : [2056] Socket#33675143 - Создано подключение с 192.168.184.130:9048 к 192.168.184.1:9053.
System.Net.Sockets Verbose: 0 : [2056] Exiting Socket#33675143::Connect() 
System.Net.Sockets Verbose: 0 : [2056] Exiting Socket#33675143::Connect() 
System.Net.Sockets Verbose: 0 : [2056] Socket#33675143::Send()
System.Net.Sockets Verbose: 0 : [2056] Data from Socket#33675143::Send
System.Net.Sockets Verbose: 0 : [2056] (printing 1024 out of 65000)
System.Net.Sockets Verbose: 0 : [2056] 00000000 : 4D 61 78 5F 50 43 5F 56-4D 4D 61 78 5F 50 43 5F : Max_PC_VMMax_PC_
System.Net.Sockets Verbose: 0 : [2056] 00000010 : 56 4D 4D 61 78 5F 50 43-5F 56 4D 4D 61 78 5F 50 : VMMax_PC_VMMax_P
System.Net.Sockets Verbose: 0 : [2056] 00000020 : 43 5F 56 4D 4D 61 78 5F-50 43 5F 56 4D 4D 61 78 : C_VMMax_PC_VMMax
System.Net.Sockets Verbose: 0 : [2056] 00000030 : 5F 50 43 5F 56 4D 4D 61-78 5F 50 43 5F 56 4D 4D : _PC_VMMax_PC_VMM
System.Net.Sockets Verbose: 0 : [2056] 00000040 : 61 78 5F 50 43 5F 56 4D-4D 61 78 5F 50 43 5F 56 : ax_PC_VMMax_PC_V
System.Net.Sockets Verbose: 0 : [2056] 00000050 : 4D 4D 61 78 5F 50 43 5F-56 4D 4D 61 78 5F 50 43 : MMax_PC_VMMax_PC
System.Net.Sockets Verbose: 0 : [2056] 00000060 : 5F 56 4D 4D 61 78 5F 50-43 5F 56 4D 4D 61 78 5F : _VMMax_PC_VMMax_
System.Net.Sockets Verbose: 0 : [2056] 00000070 : 50 43 5F 56 4D 4D 61 78-5F 50 43 5F 56 4D 4D 61 : PC_VMMax_PC_VMMa
System.Net.Sockets Verbose: 0 : [2056] 00000080 : 78 5F 50 43 5F 56 4D 4D-61 78 5F 50 43 5F 56 4D : x_PC_VMMax_PC_VM
System.Net.Sockets Verbose: 0 : [2056] 00000090 : 4D 61 78 5F 50 43 5F 56-4D 4D 61 78 5F 50 43 5F : Max_PC_VMMax_PC_
System.Net.Sockets Verbose: 0 : [2056] 000000A0 : 56 4D 4D 61 78 5F 50 43-5F 56 4D 4D 61 78 5F 50 : VMMax_PC_VMMax_P
System.Net.Sockets Verbose: 0 : [2056] 000000B0 : 43 5F 56 4D 4D 61 78 5F-50 43 5F 56 4D 4D 61 78 : C_VMMax_PC_VMMax
System.Net.Sockets Verbose: 0 : [2056] 000000C0 : 5F 50 43 5F 56 4D 4D 61-78 5F 50 43 5F 56 4D 4D : _PC_VMMax_PC_VMM
System.Net.Sockets Verbose: 0 : [2056] 000000D0 : 61 78 5F 50 43 5F 56 4D-4D 61 78 5F 50 43 5F 56 : ax_PC_VMMax_PC_V
System.Net.Sockets Verbose: 0 : [2056] 000000E0 : 4D 4D 61 78 5F 50 43 5F-56 4D 4D 61 78 5F 50 43 : MMax_PC_VMMax_PC
System.Net.Sockets Verbose: 0 : [2056] 000000F0 : 5F 56 4D 4D 61 78 5F 50-43 5F 56 4D 4D 61 78 5F : _VMMax_PC_VMMax_
System.Net.Sockets Verbose: 0 : [2056] 00000100 : 50 43 5F 56 4D 4D 61 78-5F 50 43 5F 56 4D 4D 61 : PC_VMMax_PC_VMMa
System.Net.Sockets Verbose: 0 : [2056] 00000110 : 78 5F 50 43 5F 56 4D 4D-61 78 5F 50 43 5F 56 4D : x_PC_VMMax_PC_VM
System.Net.Sockets Verbose: 0 : [2056] 00000120 : 4D 61 78 5F 50 43 5F 56-4D 4D 61 78 5F 50 43 5F : Max_PC_VMMax_PC_
System.Net.Sockets Verbose: 0 : [2056] 00000130 : 56 4D 4D 61 78 5F 50 43-5F 56 4D 4D 61 78 5F 50 : VMMax_PC_VMMax_P
System.Net.Sockets Verbose: 0 : [2056] 00000140 : 43 5F 56 4D 4D 61 78 5F-50 43 5F 56 4D 4D 61 78 : C_VMMax_PC_VMMax
System.Net.Sockets Verbose: 0 : [2056] 00000150 : 5F 50 43 5F 56 4D 4D 61-78 5F 50 43 5F 56 4D 4D : _PC_VMMax_PC_VMM
System.Net.Sockets Verbose: 0 : [2056] 00000160 : 61 78 5F 50 43 5F 56 4D-4D 61 78 5F 50 43 5F 56 : ax_PC_VMMax_PC_V
System.Net.Sockets Verbose: 0 : [2056] 00000170 : 4D 4D 61 78 5F 50 43 5F-56 4D 4D 61 78 5F 50 43 : MMax_PC_VMMax_PC
System.Net.Sockets Verbose: 0 : [2056] 00000180 : 5F 56 4D 4D 61 78 5F 50-43 5F 56 4D 4D 61 78 5F : _VMMax_PC_VMMax_
System.Net.Sockets Verbose: 0 : [2056] 00000190 : 50 43 5F 56 4D 4D 61 78-5F 50 43 5F 56 4D 4D 61 : PC_VMMax_PC_VMMa
System.Net.Sockets Verbose: 0 : [2056] 000001A0 : 78 5F 50 43 5F 56 4D 4D-61 78 5F 50 43 5F 56 4D : x_PC_VMMax_PC_VM
System.Net.Sockets Verbose: 0 : [2056] 000001B0 : 4D 61 78 5F 50 43 5F 56-4D 4D 61 78 5F 50 43 5F : Max_PC_VMMax_PC_
System.Net.Sockets Verbose: 0 : [2056] 000001C0 : 56 4D 4D 61 78 5F 50 43-5F 56 4D 4D 61 78 5F 50 : VMMax_PC_VMMax_P
System.Net.Sockets Verbose: 0 : [2056] 000001D0 : 43 5F 56 4D 4D 61 78 5F-50 43 5F 56 4D 4D 61 78 : C_VMMax_PC_VMMax
System.Net.Sockets Verbose: 0 : [2056] 000001E0 : 5F 50 43 5F 56 4D 4D 61-78 5F 50 43 5F 56 4D 4D : _PC_VMMax_PC_VMM
System.Net.Sockets Verbose: 0 : [2056] 000001F0 : 61 78 5F 50 43 5F 56 4D-4D 61 78 5F 50 43 5F 56 : ax_PC_VMMax_PC_V
System.Net.Sockets Verbose: 0 : [2056] 00000200 : 4D 4D 61 78 5F 50 43 5F-56 4D 4D 61 78 5F 50 43 : MMax_PC_VMMax_PC
System.Net.Sockets Verbose: 0 : [2056] 00000210 : 5F 56 4D 4D 61 78 5F 50-43 5F 56 4D 4D 61 78 5F : _VMMax_PC_VMMax_
System.Net.Sockets Verbose: 0 : [2056] 00000220 : 50 43 5F 56 4D 4D 61 78-5F 50 43 5F 56 4D 4D 61 : PC_VMMax_PC_VMMa
System.Net.Sockets Verbose: 0 : [2056] 00000230 : 78 5F 50 43 5F 56 4D 4D-61 78 5F 50 43 5F 56 4D : x_PC_VMMax_PC_VM
System.Net.Sockets Verbose: 0 : [2056] 00000240 : 4D 61 78 5F 50 43 5F 56-4D 4D 61 78 5F 50 43 5F : Max_PC_VMMax_PC_
System.Net.Sockets Verbose: 0 : [2056] 00000250 : 56 4D 4D 61 78 5F 50 43-5F 56 4D 4D 61 78 5F 50 : VMMax_PC_VMMax_P
System.Net.Sockets Verbose: 0 : [2056] 00000260 : 43 5F 56 4D 4D 61 78 5F-50 43 5F 56 4D 4D 61 78 : C_VMMax_PC_VMMax
System.Net.Sockets Verbose: 0 : [2056] 00000270 : 5F 50 43 5F 56 4D 4D 61-78 5F 50 43 5F 56 4D 4D : _PC_VMMax_PC_VMM
System.Net.Sockets Verbose: 0 : [2056] 00000280 : 61 78 5F 50 43 5F 56 4D-4D 61 78 5F 50 43 5F 56 : ax_PC_VMMax_PC_V
System.Net.Sockets Verbose: 0 : [2056] 00000290 : 4D 4D 61 78 5F 50 43 5F-56 4D 4D 61 78 5F 50 43 : MMax_PC_VMMax_PC
System.Net.Sockets Verbose: 0 : [2056] 000002A0 : 5F 56 4D 4D 61 78 5F 50-43 5F 56 4D 4D 61 78 5F : _VMMax_PC_VMMax_
System.Net.Sockets Verbose: 0 : [2056] 000002B0 : 50 43 5F 56 4D 4D 61 78-5F 50 43 5F 56 4D 4D 61 : PC_VMMax_PC_VMMa
System.Net.Sockets Verbose: 0 : [2056] 000002C0 : 78 5F 50 43 5F 56 4D 4D-61 78 5F 50 43 5F 56 4D : x_PC_VMMax_PC_VM
System.Net.Sockets Verbose: 0 : [2056] 000002D0 : 4D 61 78 5F 50 43 5F 56-4D 4D 61 78 5F 50 43 5F : Max_PC_VMMax_PC_
System.Net.Sockets Verbose: 0 : [2056] 000002E0 : 56 4D 4D 61 78 5F 50 43-5F 56 4D 4D 61 78 5F 50 : VMMax_PC_VMMax_P
System.Net.Sockets Verbose: 0 : [2056] 000002F0 : 43 5F 56 4D 4D 61 78 5F-50 43 5F 56 4D 4D 61 78 : C_VMMax_PC_VMMax
System.Net.Sockets Verbose: 0 : [2056] 00000300 : 5F 50 43 5F 56 4D 4D 61-78 5F 50 43 5F 56 4D 4D : _PC_VMMax_PC_VMM
System.Net.Sockets Verbose: 0 : [2056] 00000310 : 61 78 5F 50 43 5F 56 4D-4D 61 78 5F 50 43 5F 56 : ax_PC_VMMax_PC_V
System.Net.Sockets Verbose: 0 : [2056] 00000320 : 4D 4D 61 78 5F 50 43 5F-56 4D 4D 61 78 5F 50 43 : MMax_PC_VMMax_PC
System.Net.Sockets Verbose: 0 : [2056] 00000330 : 5F 56 4D 4D 61 78 5F 50-43 5F 56 4D 4D 61 78 5F : _VMMax_PC_VMMax_
System.Net.Sockets Verbose: 0 : [2056] 00000340 : 50 43 5F 56 4D 4D 61 78-5F 50 43 5F 56 4D 4D 61 : PC_VMMax_PC_VMMa
System.Net.Sockets Verbose: 0 : [2056] 00000350 : 78 5F 50 43 5F 56 4D 4D-61 78 5F 50 43 5F 56 4D : x_PC_VMMax_PC_VM
System.Net.Sockets Verbose: 0 : [2056] 00000360 : 4D 61 78 5F 50 43 5F 56-4D 4D 61 78 5F 50 43 5F : Max_PC_VMMax_PC_
System.Net.Sockets Verbose: 0 : [2056] 00000370 : 56 4D 4D 61 78 5F 50 43-5F 56 4D 4D 61 78 5F 50 : VMMax_PC_VMMax_P
System.Net.Sockets Verbose: 0 : [2056] 00000380 : 43 5F 56 4D 4D 61 78 5F-50 43 5F 56 4D 4D 61 78 : C_VMMax_PC_VMMax
System.Net.Sockets Verbose: 0 : [2056] 00000390 : 5F 50 43 5F 56 4D 4D 61-78 5F 50 43 5F 56 4D 4D : _PC_VMMax_PC_VMM
System.Net.Sockets Verbose: 0 : [2056] 000003A0 : 61 78 5F 50 43 5F 56 4D-4D 61 78 5F 50 43 5F 56 : ax_PC_VMMax_PC_V
System.Net.Sockets Verbose: 0 : [2056] 000003B0 : 4D 4D 61 78 5F 50 43 5F-56 4D 4D 61 78 5F 50 43 : MMax_PC_VMMax_PC
System.Net.Sockets Verbose: 0 : [2056] 000003C0 : 5F 56 4D 4D 61 78 5F 50-43 5F 56 4D 4D 61 78 5F : _VMMax_PC_VMMax_
System.Net.Sockets Verbose: 0 : [2056] 000003D0 : 50 43 5F 56 4D 4D 61 78-5F 50 43 5F 56 4D 4D 61 : PC_VMMax_PC_VMMa
System.Net.Sockets Verbose: 0 : [2056] 000003E0 : 78 5F 50 43 5F 56 4D 4D-61 78 5F 50 43 5F 56 4D : x_PC_VMMax_PC_VM
System.Net.Sockets Verbose: 0 : [2056] 000003F0 : 4D 61 78 5F 50 43 5F 56-4D 4D 61 78 5F 50 43 5F : Max_PC_VMMax_PC_
System.Net.Sockets Verbose: 0 : [2056] Exiting Socket#33675143::Send() 	-> Int32#65000
System.Net.Sockets Verbose: 0 : [4820] Socket#2383799::Socket(AddressFamily#2)
System.Net.Sockets Verbose: 0 : [4820] Exiting Socket#2383799::Socket() 
System.Net.Sockets Verbose: 0 : [4820] DNS::GetHostAddresses(Max_PC_VM)
System.Net.Sockets Verbose: 0 : [4820] DNS::GetHostByName(Max_PC_VM)
System.Net.Sockets Verbose: 0 : [4820] Exiting DNS::GetHostByName() 	-> IPHostEntry#21454193
System.Net.Sockets Verbose: 0 : [4820] Exiting DNS::GetHostAddresses() 	-> IPAddress[]#58870012
System.Net.Sockets Verbose: 0 : [4820] Socket#60068066::Socket(AddressFamily#2)
System.Net.Sockets Verbose: 0 : [4820] Exiting Socket#60068066::Socket() 
System.Net.Sockets Verbose: 0 : [4820] Socket#3741682::Socket(AddressFamily#2)
System.Net.Sockets Verbose: 0 : [4820] Exiting Socket#3741682::Socket() 
System.Net.Sockets Verbose: 0 : [4820] Socket#33675143::Socket(AddressFamily#2)
System.Net.Sockets Verbose: 0 : [4820] Exiting Socket#33675143::Socket() 
System.Net.Sockets Verbose: 0 : [4820] DNS::GetHostAddresses(Max_PC_VM)
System.Net.Sockets Verbose: 0 : [4820] DNS::GetHostByName(Max_PC_VM)
System.Net.Sockets Verbose: 0 : [4820] Exiting DNS::GetHostByName() 	-> IPHostEntry#34640832
System.Net.Sockets Verbose: 0 : [4820] Exiting DNS::GetHostAddresses() 	-> IPAddress[]#43332040
System.Net.Sockets Verbose: 0 : [4820] Socket#54444047::Socket(AddressFamily#2)
System.Net.Sockets Verbose: 0 : [4820] Exiting Socket#54444047::Socket() 
System.Net.Sockets Verbose: 0 : [4820] Socket#54444047::Bind(169.254.80.80:9000#1347476865)
System.Net.Sockets Verbose: 0 : [4820] Exiting Socket#54444047::Bind() 
System.Net.Sockets Verbose: 0 : [4820] Socket#60068066::Bind(169.254.80.80:9050#1347476979)
System.Net.Sockets Verbose: 0 : [4820] Exiting Socket#60068066::Bind() 
System.Net.Sockets Verbose: 0 : [4820] Socket#54444047::SendTo()
System.Net.Sockets Verbose: 0 : [4820] Data from Socket#54444047::SendTo
System.Net.Sockets Verbose: 0 : [4820] 00000000 : 53 65 72 76 65 72 3F 75-C2 A9 C3 BE 50 50 23 5A : Server?u....PP#Z
System.Net.Sockets Verbose: 0 : [4820] Exiting Socket#54444047::SendTo() 	-> Int32#16
System.Net.Sockets Verbose: 0 : [4820] Socket#20234383::Socket(AddressFamily#2)
System.Net.Sockets Verbose: 0 : [4820] Exiting Socket#20234383::Socket() 
System.Net.Sockets Verbose: 0 : [4820] Socket#20234383::Bind(192.168.140.130:8999#-2104718361)
System.Net.Sockets Verbose: 0 : [4820] Exiting Socket#20234383::Bind() 
System.Net.Sockets Verbose: 0 : [4820] Socket#3741682::Bind(192.168.140.130:9049#-2104718439)
System.Net.Sockets Verbose: 0 : [4820] Exiting Socket#3741682::Bind() 
System.Net.Sockets Verbose: 0 : [4820] Socket#20234383::SendTo()
System.Net.Sockets Verbose: 0 : [4820] Data from Socket#20234383::SendTo
System.Net.Sockets Verbose: 0 : [4820] 00000000 : 53 65 72 76 65 72 3F 75-C3 80 C2 A8 C2 8C C2 82 : Server?u........
System.Net.Sockets Verbose: 0 : [4820] 00000010 : 23 59                                           : #Y
System.Net.Sockets Verbose: 0 : [4820] Exiting Socket#20234383::SendTo() 	-> Int32#18
System.Net.Sockets Verbose: 0 : [4820] Socket#47891719::Socket(AddressFamily#2)
System.Net.Sockets Verbose: 0 : [4820] Exiting Socket#47891719::Socket() 
System.Net.Sockets Verbose: 0 : [4820] Socket#47891719::Bind(192.168.184.130:8998#-2101834778)
System.Net.Sockets Verbose: 0 : [4820] Exiting Socket#47891719::Bind() 
System.Net.Sockets Verbose: 0 : [4820] Socket#33675143::Bind(192.168.184.130:9048#-2101834856)
System.Net.Sockets Verbose: 0 : [4820] Exiting Socket#33675143::Bind() 
System.Net.Sockets Verbose: 0 : [4820] Socket#47891719::SendTo()
System.Net.Sockets Verbose: 0 : [4820] Data from Socket#47891719::SendTo
System.Net.Sockets Verbose: 0 : [4820] 00000000 : 53 65 72 76 65 72 3F 75-C3 80 C2 A8 C2 B8 C2 82 : Server?u........
System.Net.Sockets Verbose: 0 : [4820] 00000010 : 23 58                                           : #X
System.Net.Sockets Verbose: 0 : [4820] Exiting Socket#47891719::SendTo() 	-> Int32#18
System.Net.Sockets Verbose: 0 : [4820] Socket#47891719::ReceiveFrom()
System.Net.Sockets Verbose: 0 : [4820] Data from Socket#47891719::ReceiveFrom
System.Net.Sockets Verbose: 0 : [4820] 00000000 : 59 65 73 2E 00 00 00 00-00 00 00 00 00 00 00 00 : Yes.............
System.Net.Sockets Verbose: 0 : [4820] 00000010 : 00 00 00 00 00 00 00 00-00 00 00 00 00 00 00 00 : ................
System.Net.Sockets Verbose: 0 : [4820] 00000020 : 00 00 00 00 00 00 00 00-00 00 00 00 00 00 00 00 : ................
System.Net.Sockets Verbose: 0 : [4820] 00000030 : 00 00 00 00 00 00 00 00-00 00 00 00 00 00 00 00 : ................
System.Net.Sockets Verbose: 0 : [4820] 00000040 : 00 00 00 00 00 00 00 00-00 00 00 00 00 00 00 00 : ................
System.Net.Sockets Verbose: 0 : [4820] 00000050 : 00 00 00 00 00 00 00 00-00 00 00 00 00 00 00 00 : ................
System.Net.Sockets Verbose: 0 : [4820] 00000060 : 00 00 00 00 00 00 00 00-00 00 00 00 00 00 00 00 : ................
System.Net.Sockets Verbose: 0 : [4820] 00000070 : 00 00 00 00 00 00 00 00-00 00 00 00 00 00 00 00 : ................
System.Net.Sockets Verbose: 0 : [4820] Exiting Socket#47891719::ReceiveFrom() 	-> Int32#4
System.Net.Sockets Verbose: 0 : [4820] Socket#33675143::Connect(192.168.184.1#28879040)
System.Net.Sockets Verbose: 0 : [4820] Socket#33675143::Connect(192.168.184.1:9053#28871581)
System.Net.Sockets Information: 0 : [4820] Socket#33675143 - Создано подключение с 192.168.184.130:9048 к 192.168.184.1:9053.
System.Net.Sockets Verbose: 0 : [4820] Exiting Socket#33675143::Connect() 
System.Net.Sockets Verbose: 0 : [4820] Exiting Socket#33675143::Connect() 
System.Net.Sockets Verbose: 0 : [4820] Socket#33675143::Send()
System.Net.Sockets Verbose: 0 : [4820] Data from Socket#33675143::Send
System.Net.Sockets Verbose: 0 : [4820] (printing 1024 out of 65000)
System.Net.Sockets Verbose: 0 : [4820] 00000000 : 4D 61 78 5F 50 43 5F 56-4D 4D 61 78 5F 50 43 5F : Max_PC_VMMax_PC_
System.Net.Sockets Verbose: 0 : [4820] 00000010 : 56 4D 4D 61 78 5F 50 43-5F 56 4D 4D 61 78 5F 50 : VMMax_PC_VMMax_P
System.Net.Sockets Verbose: 0 : [4820] 00000020 : 43 5F 56 4D 4D 61 78 5F-50 43 5F 56 4D 4D 61 78 : C_VMMax_PC_VMMax
System.Net.Sockets Verbose: 0 : [4820] 00000030 : 5F 50 43 5F 56 4D 4D 61-78 5F 50 43 5F 56 4D 4D : _PC_VMMax_PC_VMM
System.Net.Sockets Verbose: 0 : [4820] 00000040 : 61 78 5F 50 43 5F 56 4D-4D 61 78 5F 50 43 5F 56 : ax_PC_VMMax_PC_V
System.Net.Sockets Verbose: 0 : [4820] 00000050 : 4D 4D 61 78 5F 50 43 5F-56 4D 4D 61 78 5F 50 43 : MMax_PC_VMMax_PC
System.Net.Sockets Verbose: 0 : [4820] 00000060 : 5F 56 4D 4D 61 78 5F 50-43 5F 56 4D 4D 61 78 5F : _VMMax_PC_VMMax_
System.Net.Sockets Verbose: 0 : [4820] 00000070 : 50 43 5F 56 4D 4D 61 78-5F 50 43 5F 56 4D 4D 61 : PC_VMMax_PC_VMMa
System.Net.Sockets Verbose: 0 : [4820] 00000080 : 78 5F 50 43 5F 56 4D 4D-61 78 5F 50 43 5F 56 4D : x_PC_VMMax_PC_VM
System.Net.Sockets Verbose: 0 : [4820] 00000090 : 4D 61 78 5F 50 43 5F 56-4D 4D 61 78 5F 50 43 5F : Max_PC_VMMax_PC_
System.Net.Sockets Verbose: 0 : [4820] 000000A0 : 56 4D 4D 61 78 5F 50 43-5F 56 4D 4D 61 78 5F 50 : VMMax_PC_VMMax_P
System.Net.Sockets Verbose: 0 : [4820] 000000B0 : 43 5F 56 4D 4D 61 78 5F-50 43 5F 56 4D 4D 61 78 : C_VMMax_PC_VMMax
System.Net.Sockets Verbose: 0 : [4820] 000000C0 : 5F 50 43 5F 56 4D 4D 61-78 5F 50 43 5F 56 4D 4D : _PC_VMMax_PC_VMM
System.Net.Sockets Verbose: 0 : [4820] 000000D0 : 61 78 5F 50 43 5F 56 4D-4D 61 78 5F 50 43 5F 56 : ax_PC_VMMax_PC_V
System.Net.Sockets Verbose: 0 : [4820] 000000E0 : 4D 4D 61 78 5F 50 43 5F-56 4D 4D 61 78 5F 50 43 : MMax_PC_VMMax_PC
System.Net.Sockets Verbose: 0 : [4820] 000000F0 : 5F 56 4D 4D 61 78 5F 50-43 5F 56 4D 4D 61 78 5F : _VMMax_PC_VMMax_
System.Net.Sockets Verbose: 0 : [4820] 00000100 : 50 43 5F 56 4D 4D 61 78-5F 50 43 5F 56 4D 4D 61 : PC_VMMax_PC_VMMa
System.Net.Sockets Verbose: 0 : [4820] 00000110 : 78 5F 50 43 5F 56 4D 4D-61 78 5F 50 43 5F 56 4D : x_PC_VMMax_PC_VM
System.Net.Sockets Verbose: 0 : [4820] 00000120 : 4D 61 78 5F 50 43 5F 56-4D 4D 61 78 5F 50 43 5F : Max_PC_VMMax_PC_
System.Net.Sockets Verbose: 0 : [4820] 00000130 : 56 4D 4D 61 78 5F 50 43-5F 56 4D 4D 61 78 5F 50 : VMMax_PC_VMMax_P
System.Net.Sockets Verbose: 0 : [4820] 00000140 : 43 5F 56 4D 4D 61 78 5F-50 43 5F 56 4D 4D 61 78 : C_VMMax_PC_VMMax
System.Net.Sockets Verbose: 0 : [4820] 00000150 : 5F 50 43 5F 56 4D 4D 61-78 5F 50 43 5F 56 4D 4D : _PC_VMMax_PC_VMM
System.Net.Sockets Verbose: 0 : [4820] 00000160 : 61 78 5F 50 43 5F 56 4D-4D 61 78 5F 50 43 5F 56 : ax_PC_VMMax_PC_V
System.Net.Sockets Verbose: 0 : [4820] 00000170 : 4D 4D 61 78 5F 50 43 5F-56 4D 4D 61 78 5F 50 43 : MMax_PC_VMMax_PC
System.Net.Sockets Verbose: 0 : [4820] 00000180 : 5F 56 4D 4D 61 78 5F 50-43 5F 56 4D 4D 61 78 5F : _VMMax_PC_VMMax_
System.Net.Sockets Verbose: 0 : [4820] 00000190 : 50 43 5F 56 4D 4D 61 78-5F 50 43 5F 56 4D 4D 61 : PC_VMMax_PC_VMMa
System.Net.Sockets Verbose: 0 : [4820] 000001A0 : 78 5F 50 43 5F 56 4D 4D-61 78 5F 50 43 5F 56 4D : x_PC_VMMax_PC_VM
System.Net.Sockets Verbose: 0 : [4820] 000001B0 : 4D 61 78 5F 50 43 5F 56-4D 4D 61 78 5F 50 43 5F : Max_PC_VMMax_PC_
System.Net.Sockets Verbose: 0 : [4820] 000001C0 : 56 4D 4D 61 78 5F 50 43-5F 56 4D 4D 61 78 5F 50 : VMMax_PC_VMMax_P
System.Net.Sockets Verbose: 0 : [4820] 000001D0 : 43 5F 56 4D 4D 61 78 5F-50 43 5F 56 4D 4D 61 78 : C_VMMax_PC_VMMax
System.Net.Sockets Verbose: 0 : [4820] 000001E0 : 5F 50 43 5F 56 4D 4D 61-78 5F 50 43 5F 56 4D 4D : _PC_VMMax_PC_VMM
System.Net.Sockets Verbose: 0 : [4820] 000001F0 : 61 78 5F 50 43 5F 56 4D-4D 61 78 5F 50 43 5F 56 : ax_PC_VMMax_PC_V
System.Net.Sockets Verbose: 0 : [4820] 00000200 : 4D 4D 61 78 5F 50 43 5F-56 4D 4D 61 78 5F 50 43 : MMax_PC_VMMax_PC
System.Net.Sockets Verbose: 0 : [4820] 00000210 : 5F 56 4D 4D 61 78 5F 50-43 5F 56 4D 4D 61 78 5F : _VMMax_PC_VMMax_
System.Net.Sockets Verbose: 0 : [4820] 00000220 : 50 43 5F 56 4D 4D 61 78-5F 50 43 5F 56 4D 4D 61 : PC_VMMax_PC_VMMa
System.Net.Sockets Verbose: 0 : [4820] 00000230 : 78 5F 50 43 5F 56 4D 4D-61 78 5F 50 43 5F 56 4D : x_PC_VMMax_PC_VM
System.Net.Sockets Verbose: 0 : [4820] 00000240 : 4D 61 78 5F 50 43 5F 56-4D 4D 61 78 5F 50 43 5F : Max_PC_VMMax_PC_
System.Net.Sockets Verbose: 0 : [4820] 00000250 : 56 4D 4D 61 78 5F 50 43-5F 56 4D 4D 61 78 5F 50 : VMMax_PC_VMMax_P
System.Net.Sockets Verbose: 0 : [4820] 00000260 : 43 5F 56 4D 4D 61 78 5F-50 43 5F 56 4D 4D 61 78 : C_VMMax_PC_VMMax
System.Net.Sockets Verbose: 0 : [4820] 00000270 : 5F 50 43 5F 56 4D 4D 61-78 5F 50 43 5F 56 4D 4D : _PC_VMMax_PC_VMM
System.Net.Sockets Verbose: 0 : [4820] 00000280 : 61 78 5F 50 43 5F 56 4D-4D 61 78 5F 50 43 5F 56 : ax_PC_VMMax_PC_V
System.Net.Sockets Verbose: 0 : [4820] 00000290 : 4D 4D 61 78 5F 50 43 5F-56 4D 4D 61 78 5F 50 43 : MMax_PC_VMMax_PC
System.Net.Sockets Verbose: 0 : [4820] 000002A0 : 5F 56 4D 4D 61 78 5F 50-43 5F 56 4D 4D 61 78 5F : _VMMax_PC_VMMax_
System.Net.Sockets Verbose: 0 : [4820] 000002B0 : 50 43 5F 56 4D 4D 61 78-5F 50 43 5F 56 4D 4D 61 : PC_VMMax_PC_VMMa
System.Net.Sockets Verbose: 0 : [4820] 000002C0 : 78 5F 50 43 5F 56 4D 4D-61 78 5F 50 43 5F 56 4D : x_PC_VMMax_PC_VM
System.Net.Sockets Verbose: 0 : [4820] 000002D0 : 4D 61 78 5F 50 43 5F 56-4D 4D 61 78 5F 50 43 5F : Max_PC_VMMax_PC_
System.Net.Sockets Verbose: 0 : [4820] 000002E0 : 56 4D 4D 61 78 5F 50 43-5F 56 4D 4D 61 78 5F 50 : VMMax_PC_VMMax_P
System.Net.Sockets Verbose: 0 : [4820] 000002F0 : 43 5F 56 4D 4D 61 78 5F-50 43 5F 56 4D 4D 61 78 : C_VMMax_PC_VMMax
System.Net.Sockets Verbose: 0 : [4820] 00000300 : 5F 50 43 5F 56 4D 4D 61-78 5F 50 43 5F 56 4D 4D : _PC_VMMax_PC_VMM
System.Net.Sockets Verbose: 0 : [4820] 00000310 : 61 78 5F 50 43 5F 56 4D-4D 61 78 5F 50 43 5F 56 : ax_PC_VMMax_PC_V
System.Net.Sockets Verbose: 0 : [4820] 00000320 : 4D 4D 61 78 5F 50 43 5F-56 4D 4D 61 78 5F 50 43 : MMax_PC_VMMax_PC
System.Net.Sockets Verbose: 0 : [4820] 00000330 : 5F 56 4D 4D 61 78 5F 50-43 5F 56 4D 4D 61 78 5F : _VMMax_PC_VMMax_
System.Net.Sockets Verbose: 0 : [4820] 00000340 : 50 43 5F 56 4D 4D 61 78-5F 50 43 5F 56 4D 4D 61 : PC_VMMax_PC_VMMa
System.Net.Sockets Verbose: 0 : [4820] 00000350 : 78 5F 50 43 5F 56 4D 4D-61 78 5F 50 43 5F 56 4D : x_PC_VMMax_PC_VM
System.Net.Sockets Verbose: 0 : [4820] 00000360 : 4D 61 78 5F 50 43 5F 56-4D 4D 61 78 5F 50 43 5F : Max_PC_VMMax_PC_
System.Net.Sockets Verbose: 0 : [4820] 00000370 : 56 4D 4D 61 78 5F 50 43-5F 56 4D 4D 61 78 5F 50 : VMMax_PC_VMMax_P
System.Net.Sockets Verbose: 0 : [4820] 00000380 : 43 5F 56 4D 4D 61 78 5F-50 43 5F 56 4D 4D 61 78 : C_VMMax_PC_VMMax
System.Net.Sockets Verbose: 0 : [4820] 00000390 : 5F 50 43 5F 56 4D 4D 61-78 5F 50 43 5F 56 4D 4D : _PC_VMMax_PC_VMM
System.Net.Sockets Verbose: 0 : [4820] 000003A0 : 61 78 5F 50 43 5F 56 4D-4D 61 78 5F 50 43 5F 56 : ax_PC_VMMax_PC_V
System.Net.Sockets Verbose: 0 : [4820] 000003B0 : 4D 4D 61 78 5F 50 43 5F-56 4D 4D 61 78 5F 50 43 : MMax_PC_VMMax_PC
System.Net.Sockets Verbose: 0 : [4820] 000003C0 : 5F 56 4D 4D 61 78 5F 50-43 5F 56 4D 4D 61 78 5F : _VMMax_PC_VMMax_
System.Net.Sockets Verbose: 0 : [4820] 000003D0 : 50 43 5F 56 4D 4D 61 78-5F 50 43 5F 56 4D 4D 61 : PC_VMMax_PC_VMMa
System.Net.Sockets Verbose: 0 : [4820] 000003E0 : 78 5F 50 43 5F 56 4D 4D-61 78 5F 50 43 5F 56 4D : x_PC_VMMax_PC_VM
System.Net.Sockets Verbose: 0 : [4820] 000003F0 : 4D 61 78 5F 50 43 5F 56-4D 4D 61 78 5F 50 43 5F : Max_PC_VMMax_PC_
System.Net.Sockets Verbose: 0 : [4820] Exiting Socket#33675143::Send() 	-> Int32#65000
System.Net.Sockets Verbose: 0 : [4820] Socket#33675143::Receive()
System.Net.Sockets Verbose: 0 : [5804] Socket#2383799::Socket(AddressFamily#2)
System.Net.Sockets Verbose: 0 : [5804] Exiting Socket#2383799::Socket() 
System.Net.Sockets Verbose: 0 : [5804] DNS::GetHostAddresses(Max_PC_VM)
System.Net.Sockets Verbose: 0 : [5804] DNS::GetHostByName(Max_PC_VM)
System.Net.Sockets Verbose: 0 : [5804] Exiting DNS::GetHostByName() 	-> IPHostEntry#21454193
System.Net.Sockets Verbose: 0 : [5804] Exiting DNS::GetHostAddresses() 	-> IPAddress[]#58870012
System.Net.Sockets Verbose: 0 : [5804] Socket#60068066::Socket(AddressFamily#2)
System.Net.Sockets Verbose: 0 : [5804] Exiting Socket#60068066::Socket() 
System.Net.Sockets Verbose: 0 : [5804] Socket#3741682::Socket(AddressFamily#2)
System.Net.Sockets Verbose: 0 : [5804] Exiting Socket#3741682::Socket() 
System.Net.Sockets Verbose: 0 : [5804] Socket#33675143::Socket(AddressFamily#2)
System.Net.Sockets Verbose: 0 : [5804] Exiting Socket#33675143::Socket() 
System.Net.Sockets Verbose: 0 : [5804] DNS::GetHostAddresses(Max_PC_VM)
System.Net.Sockets Verbose: 0 : [5804] DNS::GetHostByName(Max_PC_VM)
System.Net.Sockets Verbose: 0 : [5804] Exiting DNS::GetHostByName() 	-> IPHostEntry#34640832
System.Net.Sockets Verbose: 0 : [5804] Exiting DNS::GetHostAddresses() 	-> IPAddress[]#43332040
System.Net.Sockets Verbose: 0 : [5804] Socket#54444047::Socket(AddressFamily#2)
System.Net.Sockets Verbose: 0 : [5804] Exiting Socket#54444047::Socket() 
System.Net.Sockets Verbose: 0 : [5804] Socket#54444047::Bind(169.254.80.80:9000#1347476865)
System.Net.Sockets Verbose: 0 : [5804] Exiting Socket#54444047::Bind() 
System.Net.Sockets Verbose: 0 : [5804] Socket#60068066::Bind(169.254.80.80:9050#1347476979)
System.Net.Sockets Verbose: 0 : [5804] Exiting Socket#60068066::Bind() 
System.Net.Sockets Verbose: 0 : [5804] Socket#54444047::SendTo()
System.Net.Sockets Verbose: 0 : [5804] Data from Socket#54444047::SendTo
System.Net.Sockets Verbose: 0 : [5804] 00000000 : 53 65 72 76 65 72 3F 75-C2 A9 C3 BE 50 50 23 5A : Server?u....PP#Z
System.Net.Sockets Verbose: 0 : [5804] Exiting Socket#54444047::SendTo() 	-> Int32#16
System.Net.Sockets Verbose: 0 : [5804] Socket#20234383::Socket(AddressFamily#2)
System.Net.Sockets Verbose: 0 : [5804] Exiting Socket#20234383::Socket() 
System.Net.Sockets Verbose: 0 : [5804] Socket#20234383::Bind(192.168.140.130:8999#-2104718361)
System.Net.Sockets Verbose: 0 : [5804] Exiting Socket#20234383::Bind() 
System.Net.Sockets Verbose: 0 : [5804] Socket#3741682::Bind(192.168.140.130:9049#-2104718439)
System.Net.Sockets Verbose: 0 : [5804] Exiting Socket#3741682::Bind() 
System.Net.Sockets Verbose: 0 : [5804] Socket#20234383::SendTo()
System.Net.Sockets Verbose: 0 : [5804] Data from Socket#20234383::SendTo
System.Net.Sockets Verbose: 0 : [5804] 00000000 : 53 65 72 76 65 72 3F 75-C3 80 C2 A8 C2 8C C2 82 : Server?u........
System.Net.Sockets Verbose: 0 : [5804] 00000010 : 23 59                                           : #Y
System.Net.Sockets Verbose: 0 : [5804] Exiting Socket#20234383::SendTo() 	-> Int32#18
System.Net.Sockets Verbose: 0 : [5804] Socket#47891719::Socket(AddressFamily#2)
System.Net.Sockets Verbose: 0 : [5804] Exiting Socket#47891719::Socket() 
System.Net.Sockets Verbose: 0 : [5804] Socket#47891719::Bind(192.168.184.130:8998#-2101834778)
System.Net.Sockets Verbose: 0 : [5804] Exiting Socket#47891719::Bind() 
System.Net.Sockets Verbose: 0 : [5804] Socket#33675143::Bind(192.168.184.130:9048#-2101834856)
System.Net.Sockets Verbose: 0 : [5804] Exiting Socket#33675143::Bind() 
System.Net.Sockets Verbose: 0 : [5804] Socket#47891719::SendTo()
System.Net.Sockets Verbose: 0 : [5804] Data from Socket#47891719::SendTo
System.Net.Sockets Verbose: 0 : [5804] 00000000 : 53 65 72 76 65 72 3F 75-C3 80 C2 A8 C2 B8 C2 82 : Server?u........
System.Net.Sockets Verbose: 0 : [5804] 00000010 : 23 58                                           : #X
System.Net.Sockets Verbose: 0 : [5804] Exiting Socket#47891719::SendTo() 	-> Int32#18
System.Net.Sockets Verbose: 0 : [5804] Socket#47891719::ReceiveFrom()
System.Net.Sockets Verbose: 0 : [5804] Data from Socket#47891719::ReceiveFrom
System.Net.Sockets Verbose: 0 : [5804] 00000000 : 59 65 73 2E 00 00 00 00-00 00 00 00 00 00 00 00 : Yes.............
System.Net.Sockets Verbose: 0 : [5804] 00000010 : 00 00 00 00 00 00 00 00-00 00 00 00 00 00 00 00 : ................
System.Net.Sockets Verbose: 0 : [5804] 00000020 : 00 00 00 00 00 00 00 00-00 00 00 00 00 00 00 00 : ................
System.Net.Sockets Verbose: 0 : [5804] 00000030 : 00 00 00 00 00 00 00 00-00 00 00 00 00 00 00 00 : ................
System.Net.Sockets Verbose: 0 : [5804] 00000040 : 00 00 00 00 00 00 00 00-00 00 00 00 00 00 00 00 : ................
System.Net.Sockets Verbose: 0 : [5804] 00000050 : 00 00 00 00 00 00 00 00-00 00 00 00 00 00 00 00 : ................
System.Net.Sockets Verbose: 0 : [5804] 00000060 : 00 00 00 00 00 00 00 00-00 00 00 00 00 00 00 00 : ................
System.Net.Sockets Verbose: 0 : [5804] 00000070 : 00 00 00 00 00 00 00 00-00 00 00 00 00 00 00 00 : ................
System.Net.Sockets Verbose: 0 : [5804] Exiting Socket#47891719::ReceiveFrom() 	-> Int32#4
System.Net.Sockets Verbose: 0 : [5804] Socket#33675143::Connect(192.168.184.1#28879040)
System.Net.Sockets Verbose: 0 : [5804] Socket#33675143::Connect(192.168.184.1:9053#28871581)
System.Net.Sockets Information: 0 : [5804] Socket#33675143 - Создано подключение с 192.168.184.130:9048 к 192.168.184.1:9053.
System.Net.Sockets Verbose: 0 : [5804] Exiting Socket#33675143::Connect() 
System.Net.Sockets Verbose: 0 : [5804] Exiting Socket#33675143::Connect() 
System.Net.Sockets Verbose: 0 : [5804] Socket#33675143::Send()
System.Net.Sockets Verbose: 0 : [5804] Data from Socket#33675143::Send
System.Net.Sockets Verbose: 0 : [5804] (printing 1024 out of 65000)
System.Net.Sockets Verbose: 0 : [5804] 00000000 : 4D 61 78 5F 50 43 5F 56-4D 4D 61 78 5F 50 43 5F : Max_PC_VMMax_PC_
System.Net.Sockets Verbose: 0 : [5804] 00000010 : 56 4D 4D 61 78 5F 50 43-5F 56 4D 4D 61 78 5F 50 : VMMax_PC_VMMax_P
System.Net.Sockets Verbose: 0 : [5804] 00000020 : 43 5F 56 4D 4D 61 78 5F-50 43 5F 56 4D 4D 61 78 : C_VMMax_PC_VMMax
System.Net.Sockets Verbose: 0 : [5804] 00000030 : 5F 50 43 5F 56 4D 4D 61-78 5F 50 43 5F 56 4D 4D : _PC_VMMax_PC_VMM
System.Net.Sockets Verbose: 0 : [5804] 00000040 : 61 78 5F 50 43 5F 56 4D-4D 61 78 5F 50 43 5F 56 : ax_PC_VMMax_PC_V
System.Net.Sockets Verbose: 0 : [5804] 00000050 : 4D 4D 61 78 5F 50 43 5F-56 4D 4D 61 78 5F 50 43 : MMax_PC_VMMax_PC
System.Net.Sockets Verbose: 0 : [5804] 00000060 : 5F 56 4D 4D 61 78 5F 50-43 5F 56 4D 4D 61 78 5F : _VMMax_PC_VMMax_
System.Net.Sockets Verbose: 0 : [5804] 00000070 : 50 43 5F 56 4D 4D 61 78-5F 50 43 5F 56 4D 4D 61 : PC_VMMax_PC_VMMa
System.Net.Sockets Verbose: 0 : [5804] 00000080 : 78 5F 50 43 5F 56 4D 4D-61 78 5F 50 43 5F 56 4D : x_PC_VMMax_PC_VM
System.Net.Sockets Verbose: 0 : [5804] 00000090 : 4D 61 78 5F 50 43 5F 56-4D 4D 61 78 5F 50 43 5F : Max_PC_VMMax_PC_
System.Net.Sockets Verbose: 0 : [5804] 000000A0 : 56 4D 4D 61 78 5F 50 43-5F 56 4D 4D 61 78 5F 50 : VMMax_PC_VMMax_P
System.Net.Sockets Verbose: 0 : [5804] 000000B0 : 43 5F 56 4D 4D 61 78 5F-50 43 5F 56 4D 4D 61 78 : C_VMMax_PC_VMMax
System.Net.Sockets Verbose: 0 : [5804] 000000C0 : 5F 50 43 5F 56 4D 4D 61-78 5F 50 43 5F 56 4D 4D : _PC_VMMax_PC_VMM
System.Net.Sockets Verbose: 0 : [5804] 000000D0 : 61 78 5F 50 43 5F 56 4D-4D 61 78 5F 50 43 5F 56 : ax_PC_VMMax_PC_V
System.Net.Sockets Verbose: 0 : [5804] 000000E0 : 4D 4D 61 78 5F 50 43 5F-56 4D 4D 61 78 5F 50 43 : MMax_PC_VMMax_PC
System.Net.Sockets Verbose: 0 : [5804] 000000F0 : 5F 56 4D 4D 61 78 5F 50-43 5F 56 4D 4D 61 78 5F : _VMMax_PC_VMMax_
System.Net.Sockets Verbose: 0 : [5804] 00000100 : 50 43 5F 56 4D 4D 61 78-5F 50 43 5F 56 4D 4D 61 : PC_VMMax_PC_VMMa
System.Net.Sockets Verbose: 0 : [5804] 00000110 : 78 5F 50 43 5F 56 4D 4D-61 78 5F 50 43 5F 56 4D : x_PC_VMMax_PC_VM
System.Net.Sockets Verbose: 0 : [5804] 00000120 : 4D 61 78 5F 50 43 5F 56-4D 4D 61 78 5F 50 43 5F : Max_PC_VMMax_PC_
System.Net.Sockets Verbose: 0 : [5804] 00000130 : 56 4D 4D 61 78 5F 50 43-5F 56 4D 4D 61 78 5F 50 : VMMax_PC_VMMax_P
System.Net.Sockets Verbose: 0 : [5804] 00000140 : 43 5F 56 4D 4D 61 78 5F-50 43 5F 56 4D 4D 61 78 : C_VMMax_PC_VMMax
System.Net.Sockets Verbose: 0 : [5804] 00000150 : 5F 50 43 5F 56 4D 4D 61-78 5F 50 43 5F 56 4D 4D : _PC_VMMax_PC_VMM
System.Net.Sockets Verbose: 0 : [5804] 00000160 : 61 78 5F 50 43 5F 56 4D-4D 61 78 5F 50 43 5F 56 : ax_PC_VMMax_PC_V
System.Net.Sockets Verbose: 0 : [5804] 00000170 : 4D 4D 61 78 5F 50 43 5F-56 4D 4D 61 78 5F 50 43 : MMax_PC_VMMax_PC
System.Net.Sockets Verbose: 0 : [5804] 00000180 : 5F 56 4D 4D 61 78 5F 50-43 5F 56 4D 4D 61 78 5F : _VMMax_PC_VMMax_
System.Net.Sockets Verbose: 0 : [5804] 00000190 : 50 43 5F 56 4D 4D 61 78-5F 50 43 5F 56 4D 4D 61 : PC_VMMax_PC_VMMa
System.Net.Sockets Verbose: 0 : [5804] 000001A0 : 78 5F 50 43 5F 56 4D 4D-61 78 5F 50 43 5F 56 4D : x_PC_VMMax_PC_VM
System.Net.Sockets Verbose: 0 : [5804] 000001B0 : 4D 61 78 5F 50 43 5F 56-4D 4D 61 78 5F 50 43 5F : Max_PC_VMMax_PC_
System.Net.Sockets Verbose: 0 : [5804] 000001C0 : 56 4D 4D 61 78 5F 50 43-5F 56 4D 4D 61 78 5F 50 : VMMax_PC_VMMax_P
System.Net.Sockets Verbose: 0 : [5804] 000001D0 : 43 5F 56 4D 4D 61 78 5F-50 43 5F 56 4D 4D 61 78 : C_VMMax_PC_VMMax
System.Net.Sockets Verbose: 0 : [5804] 000001E0 : 5F 50 43 5F 56 4D 4D 61-78 5F 50 43 5F 56 4D 4D : _PC_VMMax_PC_VMM
System.Net.Sockets Verbose: 0 : [5804] 000001F0 : 61 78 5F 50 43 5F 56 4D-4D 61 78 5F 50 43 5F 56 : ax_PC_VMMax_PC_V
System.Net.Sockets Verbose: 0 : [5804] 00000200 : 4D 4D 61 78 5F 50 43 5F-56 4D 4D 61 78 5F 50 43 : MMax_PC_VMMax_PC
System.Net.Sockets Verbose: 0 : [5804] 00000210 : 5F 56 4D 4D 61 78 5F 50-43 5F 56 4D 4D 61 78 5F : _VMMax_PC_VMMax_
System.Net.Sockets Verbose: 0 : [5804] 00000220 : 50 43 5F 56 4D 4D 61 78-5F 50 43 5F 56 4D 4D 61 : PC_VMMax_PC_VMMa
System.Net.Sockets Verbose: 0 : [5804] 00000230 : 78 5F 50 43 5F 56 4D 4D-61 78 5F 50 43 5F 56 4D : x_PC_VMMax_PC_VM
System.Net.Sockets Verbose: 0 : [5804] 00000240 : 4D 61 78 5F 50 43 5F 56-4D 4D 61 78 5F 50 43 5F : Max_PC_VMMax_PC_
System.Net.Sockets Verbose: 0 : [5804] 00000250 : 56 4D 4D 61 78 5F 50 43-5F 56 4D 4D 61 78 5F 50 : VMMax_PC_VMMax_P
System.Net.Sockets Verbose: 0 : [5804] 00000260 : 43 5F 56 4D 4D 61 78 5F-50 43 5F 56 4D 4D 61 78 : C_VMMax_PC_VMMax
System.Net.Sockets Verbose: 0 : [5804] 00000270 : 5F 50 43 5F 56 4D 4D 61-78 5F 50 43 5F 56 4D 4D : _PC_VMMax_PC_VMM
System.Net.Sockets Verbose: 0 : [5804] 00000280 : 61 78 5F 50 43 5F 56 4D-4D 61 78 5F 50 43 5F 56 : ax_PC_VMMax_PC_V
System.Net.Sockets Verbose: 0 : [5804] 00000290 : 4D 4D 61 78 5F 50 43 5F-56 4D 4D 61 78 5F 50 43 : MMax_PC_VMMax_PC
System.Net.Sockets Verbose: 0 : [5804] 000002A0 : 5F 56 4D 4D 61 78 5F 50-43 5F 56 4D 4D 61 78 5F : _VMMax_PC_VMMax_
System.Net.Sockets Verbose: 0 : [5804] 000002B0 : 50 43 5F 56 4D 4D 61 78-5F 50 43 5F 56 4D 4D 61 : PC_VMMax_PC_VMMa
System.Net.Sockets Verbose: 0 : [5804] 000002C0 : 78 5F 50 43 5F 56 4D 4D-61 78 5F 50 43 5F 56 4D : x_PC_VMMax_PC_VM
System.Net.Sockets Verbose: 0 : [5804] 000002D0 : 4D 61 78 5F 50 43 5F 56-4D 4D 61 78 5F 50 43 5F : Max_PC_VMMax_PC_
System.Net.Sockets Verbose: 0 : [5804] 000002E0 : 56 4D 4D 61 78 5F 50 43-5F 56 4D 4D 61 78 5F 50 : VMMax_PC_VMMax_P
System.Net.Sockets Verbose: 0 : [5804] 000002F0 : 43 5F 56 4D 4D 61 78 5F-50 43 5F 56 4D 4D 61 78 : C_VMMax_PC_VMMax
System.Net.Sockets Verbose: 0 : [5804] 00000300 : 5F 50 43 5F 56 4D 4D 61-78 5F 50 43 5F 56 4D 4D : _PC_VMMax_PC_VMM
System.Net.Sockets Verbose: 0 : [5804] 00000310 : 61 78 5F 50 43 5F 56 4D-4D 61 78 5F 50 43 5F 56 : ax_PC_VMMax_PC_V
System.Net.Sockets Verbose: 0 : [5804] 00000320 : 4D 4D 61 78 5F 50 43 5F-56 4D 4D 61 78 5F 50 43 : MMax_PC_VMMax_PC
System.Net.Sockets Verbose: 0 : [5804] 00000330 : 5F 56 4D 4D 61 78 5F 50-43 5F 56 4D 4D 61 78 5F : _VMMax_PC_VMMax_
System.Net.Sockets Verbose: 0 : [5804] 00000340 : 50 43 5F 56 4D 4D 61 78-5F 50 43 5F 56 4D 4D 61 : PC_VMMax_PC_VMMa
System.Net.Sockets Verbose: 0 : [5804] 00000350 : 78 5F 50 43 5F 56 4D 4D-61 78 5F 50 43 5F 56 4D : x_PC_VMMax_PC_VM
System.Net.Sockets Verbose: 0 : [5804] 00000360 : 4D 61 78 5F 50 43 5F 56-4D 4D 61 78 5F 50 43 5F : Max_PC_VMMax_PC_
System.Net.Sockets Verbose: 0 : [5804] 00000370 : 56 4D 4D 61 78 5F 50 43-5F 56 4D 4D 61 78 5F 50 : VMMax_PC_VMMax_P
System.Net.Sockets Verbose: 0 : [5804] 00000380 : 43 5F 56 4D 4D 61 78 5F-50 43 5F 56 4D 4D 61 78 : C_VMMax_PC_VMMax
System.Net.Sockets Verbose: 0 : [5804] 00000390 : 5F 50 43 5F 56 4D 4D 61-78 5F 50 43 5F 56 4D 4D : _PC_VMMax_PC_VMM
System.Net.Sockets Verbose: 0 : [5804] 000003A0 : 61 78 5F 50 43 5F 56 4D-4D 61 78 5F 50 43 5F 56 : ax_PC_VMMax_PC_V
System.Net.Sockets Verbose: 0 : [5804] 000003B0 : 4D 4D 61 78 5F 50 43 5F-56 4D 4D 61 78 5F 50 43 : MMax_PC_VMMax_PC
System.Net.Sockets Verbose: 0 : [5804] 000003C0 : 5F 56 4D 4D 61 78 5F 50-43 5F 56 4D 4D 61 78 5F : _VMMax_PC_VMMax_
System.Net.Sockets Verbose: 0 : [5804] 000003D0 : 50 43 5F 56 4D 4D 61 78-5F 50 43 5F 56 4D 4D 61 : PC_VMMax_PC_VMMa
System.Net.Sockets Verbose: 0 : [5804] 000003E0 : 78 5F 50 43 5F 56 4D 4D-61 78 5F 50 43 5F 56 4D : x_PC_VMMax_PC_VM
System.Net.Sockets Verbose: 0 : [5804] 000003F0 : 4D 61 78 5F 50 43 5F 56-4D 4D 61 78 5F 50 43 5F : Max_PC_VMMax_PC_
System.Net.Sockets Verbose: 0 : [5804] Exiting Socket#33675143::Send() 	-> Int32#65000
System.Net.Sockets Verbose: 0 : [5804] Socket#33675143::Receive()
System.Net.Sockets Verbose: 0 : [5804] Data from Socket#33675143::Receive
System.Net.Sockets Verbose: 0 : [5804] 00000000 : 52 65 63 69 65 76 65 64-                        : Recieved
System.Net.Sockets Verbose: 0 : [5804] Exiting Socket#33675143::Receive() 	-> Int32#8
System.Net.Sockets Verbose: 0 : [5804] Socket#60068066::Close()
System.Net.Sockets Verbose: 0 : [5804] Socket#60068066::Dispose()
System.Net.Sockets Verbose: 0 : [5804] Exiting Socket#60068066::Close() 
System.Net.Sockets Verbose: 0 : [5804] Socket#3741682::Close()
System.Net.Sockets Verbose: 0 : [5804] Socket#3741682::Dispose()
System.Net.Sockets Verbose: 0 : [5804] Exiting Socket#3741682::Close() 
System.Net.Sockets Verbose: 0 : [5804] Socket#33675143::Close()
System.Net.Sockets Verbose: 0 : [5804] Socket#33675143::Dispose()
System.Net.Sockets Verbose: 0 : [5804] Exiting Socket#33675143::Close() 
System.Net.Sockets Verbose: 0 : [5804] Socket#54444047::Close()
System.Net.Sockets Verbose: 0 : [5804] Socket#54444047::Dispose()
System.Net.Sockets Verbose: 0 : [5804] Exiting Socket#54444047::Close() 
System.Net.Sockets Verbose: 0 : [5804] Socket#20234383::Close()
System.Net.Sockets Verbose: 0 : [5804] Socket#20234383::Dispose()
System.Net.Sockets Verbose: 0 : [5804] Exiting Socket#20234383::Close() 
System.Net.Sockets Verbose: 0 : [5804] Socket#47891719::Close()
System.Net.Sockets Verbose: 0 : [5804] Socket#47891719::Dispose()
System.Net.Sockets Verbose: 0 : [5804] Exiting Socket#47891719::Close() 
System.Net.Sockets Verbose: 0 : [4588] Socket#2383799::Socket(AddressFamily#2)
System.Net.Sockets Verbose: 0 : [4588] Exiting Socket#2383799::Socket() 
System.Net.Sockets Verbose: 0 : [4588] DNS::GetHostAddresses(Max_PC_VM)
System.Net.Sockets Verbose: 0 : [4588] DNS::GetHostByName(Max_PC_VM)
System.Net.Sockets Verbose: 0 : [4588] Exiting DNS::GetHostByName() 	-> IPHostEntry#21454193
System.Net.Sockets Verbose: 0 : [4588] Exiting DNS::GetHostAddresses() 	-> IPAddress[]#58870012
System.Net.Sockets Verbose: 0 : [4588] Socket#60068066::Socket(AddressFamily#2)
System.Net.Sockets Verbose: 0 : [4588] Exiting Socket#60068066::Socket() 
System.Net.Sockets Verbose: 0 : [4588] Socket#3741682::Socket(AddressFamily#2)
System.Net.Sockets Verbose: 0 : [4588] Exiting Socket#3741682::Socket() 
System.Net.Sockets Verbose: 0 : [4588] Socket#33675143::Socket(AddressFamily#2)
System.Net.Sockets Verbose: 0 : [4588] Exiting Socket#33675143::Socket() 
System.Net.Sockets Verbose: 0 : [4588] DNS::GetHostAddresses(Max_PC_VM)
System.Net.Sockets Verbose: 0 : [4588] DNS::GetHostByName(Max_PC_VM)
System.Net.Sockets Verbose: 0 : [4588] Exiting DNS::GetHostByName() 	-> IPHostEntry#34640832
System.Net.Sockets Verbose: 0 : [4588] Exiting DNS::GetHostAddresses() 	-> IPAddress[]#43332040
System.Net.Sockets Verbose: 0 : [4588] Socket#54444047::Socket(AddressFamily#2)
System.Net.Sockets Verbose: 0 : [4588] Exiting Socket#54444047::Socket() 
System.Net.Sockets Verbose: 0 : [4588] Socket#54444047::Bind(169.254.80.80:9000#1347476865)
System.Net.Sockets Verbose: 0 : [4588] Exiting Socket#54444047::Bind() 
System.Net.Sockets Verbose: 0 : [4588] Socket#60068066::Bind(169.254.80.80:9050#1347476979)
System.Net.Sockets Verbose: 0 : [4588] Exiting Socket#60068066::Bind() 
System.Net.Sockets Verbose: 0 : [4588] Socket#54444047::SendTo()
System.Net.Sockets Verbose: 0 : [4588] Data from Socket#54444047::SendTo
System.Net.Sockets Verbose: 0 : [4588] 00000000 : 53 65 72 76 65 72 3F 74-C2 A9 C3 BE 50 50 23 5A : Server?t....PP#Z
System.Net.Sockets Verbose: 0 : [4588] Exiting Socket#54444047::SendTo() 	-> Int32#16
System.Net.Sockets Verbose: 0 : [4588] Socket#20234383::Socket(AddressFamily#2)
System.Net.Sockets Verbose: 0 : [4588] Exiting Socket#20234383::Socket() 
System.Net.Sockets Verbose: 0 : [4588] Socket#20234383::Bind(192.168.140.130:8999#-2104718361)
System.Net.Sockets Verbose: 0 : [4588] Exiting Socket#20234383::Bind() 
System.Net.Sockets Verbose: 0 : [4588] Socket#3741682::Bind(192.168.140.130:9049#-2104718439)
System.Net.Sockets Verbose: 0 : [4588] Exiting Socket#3741682::Bind() 
System.Net.Sockets Verbose: 0 : [4588] Socket#20234383::SendTo()
System.Net.Sockets Verbose: 0 : [4588] Data from Socket#20234383::SendTo
System.Net.Sockets Verbose: 0 : [4588] 00000000 : 53 65 72 76 65 72 3F 74-C3 80 C2 A8 C2 8C C2 82 : Server?t........
System.Net.Sockets Verbose: 0 : [4588] 00000010 : 23 59                                           : #Y
System.Net.Sockets Verbose: 0 : [4588] Exiting Socket#20234383::SendTo() 	-> Int32#18
System.Net.Sockets Verbose: 0 : [4588] Socket#47891719::Socket(AddressFamily#2)
System.Net.Sockets Verbose: 0 : [4588] Exiting Socket#47891719::Socket() 
System.Net.Sockets Verbose: 0 : [4588] Socket#47891719::Bind(192.168.184.130:8998#-2101834778)
System.Net.Sockets Verbose: 0 : [4588] Exiting Socket#47891719::Bind() 
System.Net.Sockets Verbose: 0 : [4588] Socket#33675143::Bind(192.168.184.130:9048#-2101834856)
System.Net.Sockets Verbose: 0 : [4588] Exiting Socket#33675143::Bind() 
System.Net.Sockets Verbose: 0 : [4588] Socket#47891719::SendTo()
System.Net.Sockets Verbose: 0 : [4588] Data from Socket#47891719::SendTo
System.Net.Sockets Verbose: 0 : [4588] 00000000 : 53 65 72 76 65 72 3F 74-C3 80 C2 A8 C2 B8 C2 82 : Server?t........
System.Net.Sockets Verbose: 0 : [4588] 00000010 : 23 58                                           : #X
System.Net.Sockets Verbose: 0 : [4588] Exiting Socket#47891719::SendTo() 	-> Int32#18
System.Net.Sockets Verbose: 0 : [4588] Socket#47891719::ReceiveFrom()
System.Net.Sockets Verbose: 0 : [4588] Data from Socket#47891719::ReceiveFrom
System.Net.Sockets Verbose: 0 : [4588] 00000000 : 59 65 73 2E 00 00 00 00-00 00 00 00 00 00 00 00 : Yes.............
System.Net.Sockets Verbose: 0 : [4588] 00000010 : 00 00 00 00 00 00 00 00-00 00 00 00 00 00 00 00 : ................
System.Net.Sockets Verbose: 0 : [4588] 00000020 : 00 00 00 00 00 00 00 00-00 00 00 00 00 00 00 00 : ................
System.Net.Sockets Verbose: 0 : [4588] 00000030 : 00 00 00 00 00 00 00 00-00 00 00 00 00 00 00 00 : ................
System.Net.Sockets Verbose: 0 : [4588] 00000040 : 00 00 00 00 00 00 00 00-00 00 00 00 00 00 00 00 : ................
System.Net.Sockets Verbose: 0 : [4588] 00000050 : 00 00 00 00 00 00 00 00-00 00 00 00 00 00 00 00 : ................
System.Net.Sockets Verbose: 0 : [4588] 00000060 : 00 00 00 00 00 00 00 00-00 00 00 00 00 00 00 00 : ................
System.Net.Sockets Verbose: 0 : [4588] 00000070 : 00 00 00 00 00 00 00 00-00 00 00 00 00 00 00 00 : ................
System.Net.Sockets Verbose: 0 : [4588] Exiting Socket#47891719::ReceiveFrom() 	-> Int32#4
System.Net.Sockets Verbose: 0 : [4588] Socket#33675143::Connect(192.168.184.1#28879040)
System.Net.Sockets Verbose: 0 : [4588] Socket#33675143::Connect(192.168.184.1:9053#28871581)
System.Net.Sockets Information: 0 : [4588] Socket#33675143 - Создано подключение с 192.168.184.130:9048 к 192.168.184.1:9053.
System.Net.Sockets Verbose: 0 : [4588] Exiting Socket#33675143::Connect() 
System.Net.Sockets Verbose: 0 : [4588] Exiting Socket#33675143::Connect() 
System.Net.Sockets Verbose: 0 : [4588] Socket#33675143::Send()
System.Net.Sockets Verbose: 0 : [4588] Data from Socket#33675143::Send
System.Net.Sockets Verbose: 0 : [4588] (printing 1024 out of 65000)
System.Net.Sockets Verbose: 0 : [4588] 00000000 : 4D 61 78 5F 50 43 5F 56-4D 4D 61 78 5F 50 43 5F : Max_PC_VMMax_PC_
System.Net.Sockets Verbose: 0 : [4588] 00000010 : 56 4D 4D 61 78 5F 50 43-5F 56 4D 4D 61 78 5F 50 : VMMax_PC_VMMax_P
System.Net.Sockets Verbose: 0 : [4588] 00000020 : 43 5F 56 4D 4D 61 78 5F-50 43 5F 56 4D 4D 61 78 : C_VMMax_PC_VMMax
System.Net.Sockets Verbose: 0 : [4588] 00000030 : 5F 50 43 5F 56 4D 4D 61-78 5F 50 43 5F 56 4D 4D : _PC_VMMax_PC_VMM
System.Net.Sockets Verbose: 0 : [4588] 00000040 : 61 78 5F 50 43 5F 56 4D-4D 61 78 5F 50 43 5F 56 : ax_PC_VMMax_PC_V
System.Net.Sockets Verbose: 0 : [4588] 00000050 : 4D 4D 61 78 5F 50 43 5F-56 4D 4D 61 78 5F 50 43 : MMax_PC_VMMax_PC
System.Net.Sockets Verbose: 0 : [4588] 00000060 : 5F 56 4D 4D 61 78 5F 50-43 5F 56 4D 4D 61 78 5F : _VMMax_PC_VMMax_
System.Net.Sockets Verbose: 0 : [4588] 00000070 : 50 43 5F 56 4D 4D 61 78-5F 50 43 5F 56 4D 4D 61 : PC_VMMax_PC_VMMa
System.Net.Sockets Verbose: 0 : [4588] 00000080 : 78 5F 50 43 5F 56 4D 4D-61 78 5F 50 43 5F 56 4D : x_PC_VMMax_PC_VM
System.Net.Sockets Verbose: 0 : [4588] 00000090 : 4D 61 78 5F 50 43 5F 56-4D 4D 61 78 5F 50 43 5F : Max_PC_VMMax_PC_
System.Net.Sockets Verbose: 0 : [4588] 000000A0 : 56 4D 4D 61 78 5F 50 43-5F 56 4D 4D 61 78 5F 50 : VMMax_PC_VMMax_P
System.Net.Sockets Verbose: 0 : [4588] 000000B0 : 43 5F 56 4D 4D 61 78 5F-50 43 5F 56 4D 4D 61 78 : C_VMMax_PC_VMMax
System.Net.Sockets Verbose: 0 : [4588] 000000C0 : 5F 50 43 5F 56 4D 4D 61-78 5F 50 43 5F 56 4D 4D : _PC_VMMax_PC_VMM
System.Net.Sockets Verbose: 0 : [4588] 000000D0 : 61 78 5F 50 43 5F 56 4D-4D 61 78 5F 50 43 5F 56 : ax_PC_VMMax_PC_V
System.Net.Sockets Verbose: 0 : [4588] 000000E0 : 4D 4D 61 78 5F 50 43 5F-56 4D 4D 61 78 5F 50 43 : MMax_PC_VMMax_PC
System.Net.Sockets Verbose: 0 : [4588] 000000F0 : 5F 56 4D 4D 61 78 5F 50-43 5F 56 4D 4D 61 78 5F : _VMMax_PC_VMMax_
System.Net.Sockets Verbose: 0 : [4588] 00000100 : 50 43 5F 56 4D 4D 61 78-5F 50 43 5F 56 4D 4D 61 : PC_VMMax_PC_VMMa
System.Net.Sockets Verbose: 0 : [4588] 00000110 : 78 5F 50 43 5F 56 4D 4D-61 78 5F 50 43 5F 56 4D : x_PC_VMMax_PC_VM
System.Net.Sockets Verbose: 0 : [4588] 00000120 : 4D 61 78 5F 50 43 5F 56-4D 4D 61 78 5F 50 43 5F : Max_PC_VMMax_PC_
System.Net.Sockets Verbose: 0 : [4588] 00000130 : 56 4D 4D 61 78 5F 50 43-5F 56 4D 4D 61 78 5F 50 : VMMax_PC_VMMax_P
System.Net.Sockets Verbose: 0 : [4588] 00000140 : 43 5F 56 4D 4D 61 78 5F-50 43 5F 56 4D 4D 61 78 : C_VMMax_PC_VMMax
System.Net.Sockets Verbose: 0 : [4588] 00000150 : 5F 50 43 5F 56 4D 4D 61-78 5F 50 43 5F 56 4D 4D : _PC_VMMax_PC_VMM
System.Net.Sockets Verbose: 0 : [4588] 00000160 : 61 78 5F 50 43 5F 56 4D-4D 61 78 5F 50 43 5F 56 : ax_PC_VMMax_PC_V
System.Net.Sockets Verbose: 0 : [4588] 00000170 : 4D 4D 61 78 5F 50 43 5F-56 4D 4D 61 78 5F 50 43 : MMax_PC_VMMax_PC
System.Net.Sockets Verbose: 0 : [4588] 00000180 : 5F 56 4D 4D 61 78 5F 50-43 5F 56 4D 4D 61 78 5F : _VMMax_PC_VMMax_
System.Net.Sockets Verbose: 0 : [4588] 00000190 : 50 43 5F 56 4D 4D 61 78-5F 50 43 5F 56 4D 4D 61 : PC_VMMax_PC_VMMa
System.Net.Sockets Verbose: 0 : [4588] 000001A0 : 78 5F 50 43 5F 56 4D 4D-61 78 5F 50 43 5F 56 4D : x_PC_VMMax_PC_VM
System.Net.Sockets Verbose: 0 : [4588] 000001B0 : 4D 61 78 5F 50 43 5F 56-4D 4D 61 78 5F 50 43 5F : Max_PC_VMMax_PC_
System.Net.Sockets Verbose: 0 : [4588] 000001C0 : 56 4D 4D 61 78 5F 50 43-5F 56 4D 4D 61 78 5F 50 : VMMax_PC_VMMax_P
System.Net.Sockets Verbose: 0 : [4588] 000001D0 : 43 5F 56 4D 4D 61 78 5F-50 43 5F 56 4D 4D 61 78 : C_VMMax_PC_VMMax
System.Net.Sockets Verbose: 0 : [4588] 000001E0 : 5F 50 43 5F 56 4D 4D 61-78 5F 50 43 5F 56 4D 4D : _PC_VMMax_PC_VMM
System.Net.Sockets Verbose: 0 : [4588] 000001F0 : 61 78 5F 50 43 5F 56 4D-4D 61 78 5F 50 43 5F 56 : ax_PC_VMMax_PC_V
System.Net.Sockets Verbose: 0 : [4588] 00000200 : 4D 4D 61 78 5F 50 43 5F-56 4D 4D 61 78 5F 50 43 : MMax_PC_VMMax_PC
System.Net.Sockets Verbose: 0 : [4588] 00000210 : 5F 56 4D 4D 61 78 5F 50-43 5F 56 4D 4D 61 78 5F : _VMMax_PC_VMMax_
System.Net.Sockets Verbose: 0 : [4588] 00000220 : 50 43 5F 56 4D 4D 61 78-5F 50 43 5F 56 4D 4D 61 : PC_VMMax_PC_VMMa
System.Net.Sockets Verbose: 0 : [4588] 00000230 : 78 5F 50 43 5F 56 4D 4D-61 78 5F 50 43 5F 56 4D : x_PC_VMMax_PC_VM
System.Net.Sockets Verbose: 0 : [4588] 00000240 : 4D 61 78 5F 50 43 5F 56-4D 4D 61 78 5F 50 43 5F : Max_PC_VMMax_PC_
System.Net.Sockets Verbose: 0 : [4588] 00000250 : 56 4D 4D 61 78 5F 50 43-5F 56 4D 4D 61 78 5F 50 : VMMax_PC_VMMax_P
System.Net.Sockets Verbose: 0 : [4588] 00000260 : 43 5F 56 4D 4D 61 78 5F-50 43 5F 56 4D 4D 61 78 : C_VMMax_PC_VMMax
System.Net.Sockets Verbose: 0 : [4588] 00000270 : 5F 50 43 5F 56 4D 4D 61-78 5F 50 43 5F 56 4D 4D : _PC_VMMax_PC_VMM
System.Net.Sockets Verbose: 0 : [4588] 00000280 : 61 78 5F 50 43 5F 56 4D-4D 61 78 5F 50 43 5F 56 : ax_PC_VMMax_PC_V
System.Net.Sockets Verbose: 0 : [4588] 00000290 : 4D 4D 61 78 5F 50 43 5F-56 4D 4D 61 78 5F 50 43 : MMax_PC_VMMax_PC
System.Net.Sockets Verbose: 0 : [4588] 000002A0 : 5F 56 4D 4D 61 78 5F 50-43 5F 56 4D 4D 61 78 5F : _VMMax_PC_VMMax_
System.Net.Sockets Verbose: 0 : [4588] 000002B0 : 50 43 5F 56 4D 4D 61 78-5F 50 43 5F 56 4D 4D 61 : PC_VMMax_PC_VMMa
System.Net.Sockets Verbose: 0 : [4588] 000002C0 : 78 5F 50 43 5F 56 4D 4D-61 78 5F 50 43 5F 56 4D : x_PC_VMMax_PC_VM
System.Net.Sockets Verbose: 0 : [4588] 000002D0 : 4D 61 78 5F 50 43 5F 56-4D 4D 61 78 5F 50 43 5F : Max_PC_VMMax_PC_
System.Net.Sockets Verbose: 0 : [4588] 000002E0 : 56 4D 4D 61 78 5F 50 43-5F 56 4D 4D 61 78 5F 50 : VMMax_PC_VMMax_P
System.Net.Sockets Verbose: 0 : [4588] 000002F0 : 43 5F 56 4D 4D 61 78 5F-50 43 5F 56 4D 4D 61 78 : C_VMMax_PC_VMMax
System.Net.Sockets Verbose: 0 : [4588] 00000300 : 5F 50 43 5F 56 4D 4D 61-78 5F 50 43 5F 56 4D 4D : _PC_VMMax_PC_VMM
System.Net.Sockets Verbose: 0 : [4588] 00000310 : 61 78 5F 50 43 5F 56 4D-4D 61 78 5F 50 43 5F 56 : ax_PC_VMMax_PC_V
System.Net.Sockets Verbose: 0 : [4588] 00000320 : 4D 4D 61 78 5F 50 43 5F-56 4D 4D 61 78 5F 50 43 : MMax_PC_VMMax_PC
System.Net.Sockets Verbose: 0 : [4588] 00000330 : 5F 56 4D 4D 61 78 5F 50-43 5F 56 4D 4D 61 78 5F : _VMMax_PC_VMMax_
System.Net.Sockets Verbose: 0 : [4588] 00000340 : 50 43 5F 56 4D 4D 61 78-5F 50 43 5F 56 4D 4D 61 : PC_VMMax_PC_VMMa
System.Net.Sockets Verbose: 0 : [4588] 00000350 : 78 5F 50 43 5F 56 4D 4D-61 78 5F 50 43 5F 56 4D : x_PC_VMMax_PC_VM
System.Net.Sockets Verbose: 0 : [4588] 00000360 : 4D 61 78 5F 50 43 5F 56-4D 4D 61 78 5F 50 43 5F : Max_PC_VMMax_PC_
System.Net.Sockets Verbose: 0 : [4588] 00000370 : 56 4D 4D 61 78 5F 50 43-5F 56 4D 4D 61 78 5F 50 : VMMax_PC_VMMax_P
System.Net.Sockets Verbose: 0 : [4588] 00000380 : 43 5F 56 4D 4D 61 78 5F-50 43 5F 56 4D 4D 61 78 : C_VMMax_PC_VMMax
System.Net.Sockets Verbose: 0 : [4588] 00000390 : 5F 50 43 5F 56 4D 4D 61-78 5F 50 43 5F 56 4D 4D : _PC_VMMax_PC_VMM
System.Net.Sockets Verbose: 0 : [4588] 000003A0 : 61 78 5F 50 43 5F 56 4D-4D 61 78 5F 50 43 5F 56 : ax_PC_VMMax_PC_V
System.Net.Sockets Verbose: 0 : [4588] 000003B0 : 4D 4D 61 78 5F 50 43 5F-56 4D 4D 61 78 5F 50 43 : MMax_PC_VMMax_PC
System.Net.Sockets Verbose: 0 : [4588] 000003C0 : 5F 56 4D 4D 61 78 5F 50-43 5F 56 4D 4D 61 78 5F : _VMMax_PC_VMMax_
System.Net.Sockets Verbose: 0 : [4588] 000003D0 : 50 43 5F 56 4D 4D 61 78-5F 50 43 5F 56 4D 4D 61 : PC_VMMax_PC_VMMa
System.Net.Sockets Verbose: 0 : [4588] 000003E0 : 78 5F 50 43 5F 56 4D 4D-61 78 5F 50 43 5F 56 4D : x_PC_VMMax_PC_VM
System.Net.Sockets Verbose: 0 : [4588] 000003F0 : 4D 61 78 5F 50 43 5F 56-4D 4D 61 78 5F 50 43 5F : Max_PC_VMMax_PC_
System.Net.Sockets Verbose: 0 : [4588] Exiting Socket#33675143::Send() 	-> Int32#65000
System.Net.Sockets Verbose: 0 : [4588] Socket#33675143::Receive()
System.Net.Sockets Verbose: 0 : [4588] Data from Socket#33675143::Receive
System.Net.Sockets Verbose: 0 : [4588] 00000000 : 52 65 63 69 65 76 65 64-                        : Recieved
System.Net.Sockets Verbose: 0 : [4588] Exiting Socket#33675143::Receive() 	-> Int32#8
System.Net.Sockets Verbose: 0 : [4588] Socket#60068066::Close()
System.Net.Sockets Verbose: 0 : [4588] Socket#60068066::Dispose()
System.Net.Sockets Verbose: 0 : [4588] Exiting Socket#60068066::Close() 
System.Net.Sockets Verbose: 0 : [4588] Socket#3741682::Close()
System.Net.Sockets Verbose: 0 : [4588] Socket#3741682::Dispose()
System.Net.Sockets Verbose: 0 : [4588] Exiting Socket#3741682::Close() 
System.Net.Sockets Verbose: 0 : [4588] Socket#33675143::Close()
System.Net.Sockets Verbose: 0 : [4588] Socket#33675143::Dispose()
System.Net.Sockets Verbose: 0 : [4588] Exiting Socket#33675143::Close() 
System.Net.Sockets Verbose: 0 : [4588] Socket#54444047::Close()
System.Net.Sockets Verbose: 0 : [4588] Socket#54444047::Dispose()
System.Net.Sockets Verbose: 0 : [4588] Exiting Socket#54444047::Close() 
System.Net.Sockets Verbose: 0 : [4588] Socket#20234383::Close()
System.Net.Sockets Verbose: 0 : [4588] Socket#20234383::Dispose()
System.Net.Sockets Verbose: 0 : [4588] Exiting Socket#20234383::Close() 
System.Net.Sockets Verbose: 0 : [4588] Socket#47891719::Close()
System.Net.Sockets Verbose: 0 : [4588] Socket#47891719::Dispose()
System.Net.Sockets Verbose: 0 : [4588] Exiting Socket#47891719::Close() 
System.Net.Sockets Verbose: 0 : [8456] Socket#2383799::Socket(AddressFamily#2)
System.Net.Sockets Verbose: 0 : [8456] Exiting Socket#2383799::Socket() 
System.Net.Sockets Verbose: 0 : [8456] DNS::GetHostAddresses(MAX-WIN10-X64)
System.Net.Sockets Verbose: 0 : [8456] DNS::GetHostByName(MAX-WIN10-X64)
System.Net.Sockets Verbose: 0 : [8456] Exiting DNS::GetHostByName() 	-> IPHostEntry#21454193
System.Net.Sockets Verbose: 0 : [8456] Exiting DNS::GetHostAddresses() 	-> IPAddress[]#58870012
System.Net.Sockets Verbose: 0 : [8456] Socket#60068066::Socket(AddressFamily#2)
System.Net.Sockets Verbose: 0 : [8456] Exiting Socket#60068066::Socket() 
System.Net.Sockets Verbose: 0 : [8456] Socket#3741682::Socket(AddressFamily#2)
System.Net.Sockets Verbose: 0 : [8456] Exiting Socket#3741682::Socket() 
System.Net.Sockets Verbose: 0 : [8456] Socket#33675143::Socket(AddressFamily#2)
System.Net.Sockets Verbose: 0 : [8456] Exiting Socket#33675143::Socket() 
System.Net.Sockets Verbose: 0 : [8456] DNS::GetHostAddresses(MAX-WIN10-X64)
System.Net.Sockets Verbose: 0 : [8456] DNS::GetHostByName(MAX-WIN10-X64)
System.Net.Sockets Verbose: 0 : [8456] Exiting DNS::GetHostByName() 	-> IPHostEntry#34640832
System.Net.Sockets Verbose: 0 : [8456] Exiting DNS::GetHostAddresses() 	-> IPAddress[]#43332040
System.Net.Sockets Verbose: 0 : [8456] Socket#54444047::Socket(AddressFamily#2)
System.Net.Sockets Verbose: 0 : [8456] Exiting Socket#54444047::Socket() 
System.Net.Sockets Verbose: 0 : [8456] Socket#54444047::Bind(192.168.184.1:9000#28871656)
System.Net.Sockets Verbose: 0 : [8456] Exiting Socket#54444047::Bind() 
System.Net.Sockets Verbose: 0 : [8456] Socket#60068066::Bind(192.168.184.1:9050#28871578)
System.Net.Sockets Verbose: 0 : [8456] Exiting Socket#60068066::Bind() 
System.Net.Sockets Verbose: 0 : [8456] Socket#54444047::SendTo()
System.Net.Sockets Verbose: 0 : [8456] Data from Socket#54444047::SendTo
System.Net.Sockets Verbose: 0 : [8456] 00000000 : 53 65 72 76 65 72 3F 74-C3 80 C2 A8 C2 B8 01 23 : Server?t.......#
System.Net.Sockets Verbose: 0 : [8456] 00000010 : 5A                                              : Z
System.Net.Sockets Verbose: 0 : [8456] Exiting Socket#54444047::SendTo() 	-> Int32#17
System.Net.Sockets Verbose: 0 : [8456] Socket#54444047::ReceiveFrom()
System.Net.Sockets Verbose: 0 : [8456] Data from Socket#54444047::ReceiveFrom
System.Net.Sockets Verbose: 0 : [8456] 00000000 : 59 65 73 2E 00 00 00 00-00 00 00 00 00 00 00 00 : Yes.............
System.Net.Sockets Verbose: 0 : [8456] 00000010 : 00 00 00 00 00 00 00 00-00 00 00 00 00 00 00 00 : ................
System.Net.Sockets Verbose: 0 : [8456] 00000020 : 00 00 00 00 00 00 00 00-00 00 00 00 00 00 00 00 : ................
System.Net.Sockets Verbose: 0 : [8456] 00000030 : 00 00 00 00 00 00 00 00-00 00 00 00 00 00 00 00 : ................
System.Net.Sockets Verbose: 0 : [8456] 00000040 : 00 00 00 00 00 00 00 00-00 00 00 00 00 00 00 00 : ................
System.Net.Sockets Verbose: 0 : [8456] 00000050 : 00 00 00 00 00 00 00 00-00 00 00 00 00 00 00 00 : ................
System.Net.Sockets Verbose: 0 : [8456] 00000060 : 00 00 00 00 00 00 00 00-00 00 00 00 00 00 00 00 : ................
System.Net.Sockets Verbose: 0 : [8456] 00000070 : 00 00 00 00 00 00 00 00-00 00 00 00 00 00 00 00 : ................
System.Net.Sockets Verbose: 0 : [8456] Exiting Socket#54444047::ReceiveFrom() 	-> Int32#4
System.Net.Sockets Verbose: 0 : [8456] Socket#60068066::Connect(192.168.184.1#28879040)
System.Net.Sockets Verbose: 0 : [8456] Socket#60068066::Connect(192.168.184.1:9053#28871581)
System.Net.Sockets Information: 0 : [8456] Socket#60068066 - Создано подключение с 192.168.184.1:9050 к 192.168.184.1:9053.
System.Net.Sockets Verbose: 0 : [8456] Exiting Socket#60068066::Connect() 
System.Net.Sockets Verbose: 0 : [8456] Exiting Socket#60068066::Connect() 
System.Net.Sockets Verbose: 0 : [8456] Socket#60068066::Send()
System.Net.Sockets Verbose: 0 : [8456] Data from Socket#60068066::Send
System.Net.Sockets Verbose: 0 : [8456] (printing 1024 out of 65000)
System.Net.Sockets Verbose: 0 : [8456] 00000000 : 4D 41 58 2D 57 49 4E 31-30 2D 58 36 34 4D 41 58 : MAX-WIN10-X64MAX
System.Net.Sockets Verbose: 0 : [8456] 00000010 : 2D 57 49 4E 31 30 2D 58-36 34 4D 41 58 2D 57 49 : -WIN10-X64MAX-WI
System.Net.Sockets Verbose: 0 : [8456] 00000020 : 4E 31 30 2D 58 36 34 4D-41 58 2D 57 49 4E 31 30 : N10-X64MAX-WIN10
System.Net.Sockets Verbose: 0 : [8456] 00000030 : 2D 58 36 34 4D 41 58 2D-57 49 4E 31 30 2D 58 36 : -X64MAX-WIN10-X6
System.Net.Sockets Verbose: 0 : [8456] 00000040 : 34 4D 41 58 2D 57 49 4E-31 30 2D 58 36 34 4D 41 : 4MAX-WIN10-X64MA
System.Net.Sockets Verbose: 0 : [8456] 00000050 : 58 2D 57 49 4E 31 30 2D-58 36 34 4D 41 58 2D 57 : X-WIN10-X64MAX-W
System.Net.Sockets Verbose: 0 : [8456] 00000060 : 49 4E 31 30 2D 58 36 34-4D 41 58 2D 57 49 4E 31 : IN10-X64MAX-WIN1
System.Net.Sockets Verbose: 0 : [8456] 00000070 : 30 2D 58 36 34 4D 41 58-2D 57 49 4E 31 30 2D 58 : 0-X64MAX-WIN10-X
System.Net.Sockets Verbose: 0 : [8456] 00000080 : 36 34 4D 41 58 2D 57 49-4E 31 30 2D 58 36 34 4D : 64MAX-WIN10-X64M
System.Net.Sockets Verbose: 0 : [8456] 00000090 : 41 58 2D 57 49 4E 31 30-2D 58 36 34 4D 41 58 2D : AX-WIN10-X64MAX-
System.Net.Sockets Verbose: 0 : [8456] 000000A0 : 57 49 4E 31 30 2D 58 36-34 4D 41 58 2D 57 49 4E : WIN10-X64MAX-WIN
System.Net.Sockets Verbose: 0 : [8456] 000000B0 : 31 30 2D 58 36 34 4D 41-58 2D 57 49 4E 31 30 2D : 10-X64MAX-WIN10-
System.Net.Sockets Verbose: 0 : [8456] 000000C0 : 58 36 34 4D 41 58 2D 57-49 4E 31 30 2D 58 36 34 : X64MAX-WIN10-X64
System.Net.Sockets Verbose: 0 : [8456] 000000D0 : 4D 41 58 2D 57 49 4E 31-30 2D 58 36 34 4D 41 58 : MAX-WIN10-X64MAX
System.Net.Sockets Verbose: 0 : [8456] 000000E0 : 2D 57 49 4E 31 30 2D 58-36 34 4D 41 58 2D 57 49 : -WIN10-X64MAX-WI
System.Net.Sockets Verbose: 0 : [8456] 000000F0 : 4E 31 30 2D 58 36 34 4D-41 58 2D 57 49 4E 31 30 : N10-X64MAX-WIN10
System.Net.Sockets Verbose: 0 : [8456] 00000100 : 2D 58 36 34 4D 41 58 2D-57 49 4E 31 30 2D 58 36 : -X64MAX-WIN10-X6
System.Net.Sockets Verbose: 0 : [8456] 00000110 : 34 4D 41 58 2D 57 49 4E-31 30 2D 58 36 34 4D 41 : 4MAX-WIN10-X64MA
System.Net.Sockets Verbose: 0 : [8456] 00000120 : 58 2D 57 49 4E 31 30 2D-58 36 34 4D 41 58 2D 57 : X-WIN10-X64MAX-W
System.Net.Sockets Verbose: 0 : [8456] 00000130 : 49 4E 31 30 2D 58 36 34-4D 41 58 2D 57 49 4E 31 : IN10-X64MAX-WIN1
System.Net.Sockets Verbose: 0 : [8456] 00000140 : 30 2D 58 36 34 4D 41 58-2D 57 49 4E 31 30 2D 58 : 0-X64MAX-WIN10-X
System.Net.Sockets Verbose: 0 : [8456] 00000150 : 36 34 4D 41 58 2D 57 49-4E 31 30 2D 58 36 34 4D : 64MAX-WIN10-X64M
System.Net.Sockets Verbose: 0 : [8456] 00000160 : 41 58 2D 57 49 4E 31 30-2D 58 36 34 4D 41 58 2D : AX-WIN10-X64MAX-
System.Net.Sockets Verbose: 0 : [8456] 00000170 : 57 49 4E 31 30 2D 58 36-34 4D 41 58 2D 57 49 4E : WIN10-X64MAX-WIN
System.Net.Sockets Verbose: 0 : [8456] 00000180 : 31 30 2D 58 36 34 4D 41-58 2D 57 49 4E 31 30 2D : 10-X64MAX-WIN10-
System.Net.Sockets Verbose: 0 : [8456] 00000190 : 58 36 34 4D 41 58 2D 57-49 4E 31 30 2D 58 36 34 : X64MAX-WIN10-X64
System.Net.Sockets Verbose: 0 : [8456] 000001A0 : 4D 41 58 2D 57 49 4E 31-30 2D 58 36 34 4D 41 58 : MAX-WIN10-X64MAX
System.Net.Sockets Verbose: 0 : [8456] 000001B0 : 2D 57 49 4E 31 30 2D 58-36 34 4D 41 58 2D 57 49 : -WIN10-X64MAX-WI
System.Net.Sockets Verbose: 0 : [8456] 000001C0 : 4E 31 30 2D 58 36 34 4D-41 58 2D 57 49 4E 31 30 : N10-X64MAX-WIN10
System.Net.Sockets Verbose: 0 : [8456] 000001D0 : 2D 58 36 34 4D 41 58 2D-57 49 4E 31 30 2D 58 36 : -X64MAX-WIN10-X6
System.Net.Sockets Verbose: 0 : [8456] 000001E0 : 34 4D 41 58 2D 57 49 4E-31 30 2D 58 36 34 4D 41 : 4MAX-WIN10-X64MA
System.Net.Sockets Verbose: 0 : [8456] 000001F0 : 58 2D 57 49 4E 31 30 2D-58 36 34 4D 41 58 2D 57 : X-WIN10-X64MAX-W
System.Net.Sockets Verbose: 0 : [8456] 00000200 : 49 4E 31 30 2D 58 36 34-4D 41 58 2D 57 49 4E 31 : IN10-X64MAX-WIN1
System.Net.Sockets Verbose: 0 : [8456] 00000210 : 30 2D 58 36 34 4D 41 58-2D 57 49 4E 31 30 2D 58 : 0-X64MAX-WIN10-X
System.Net.Sockets Verbose: 0 : [8456] 00000220 : 36 34 4D 41 58 2D 57 49-4E 31 30 2D 58 36 34 4D : 64MAX-WIN10-X64M
System.Net.Sockets Verbose: 0 : [8456] 00000230 : 41 58 2D 57 49 4E 31 30-2D 58 36 34 4D 41 58 2D : AX-WIN10-X64MAX-
System.Net.Sockets Verbose: 0 : [8456] 00000240 : 57 49 4E 31 30 2D 58 36-34 4D 41 58 2D 57 49 4E : WIN10-X64MAX-WIN
System.Net.Sockets Verbose: 0 : [8456] 00000250 : 31 30 2D 58 36 34 4D 41-58 2D 57 49 4E 31 30 2D : 10-X64MAX-WIN10-
System.Net.Sockets Verbose: 0 : [8456] 00000260 : 58 36 34 4D 41 58 2D 57-49 4E 31 30 2D 58 36 34 : X64MAX-WIN10-X64
System.Net.Sockets Verbose: 0 : [8456] 00000270 : 4D 41 58 2D 57 49 4E 31-30 2D 58 36 34 4D 41 58 : MAX-WIN10-X64MAX
System.Net.Sockets Verbose: 0 : [8456] 00000280 : 2D 57 49 4E 31 30 2D 58-36 34 4D 41 58 2D 57 49 : -WIN10-X64MAX-WI
System.Net.Sockets Verbose: 0 : [8456] 00000290 : 4E 31 30 2D 58 36 34 4D-41 58 2D 57 49 4E 31 30 : N10-X64MAX-WIN10
System.Net.Sockets Verbose: 0 : [8456] 000002A0 : 2D 58 36 34 4D 41 58 2D-57 49 4E 31 30 2D 58 36 : -X64MAX-WIN10-X6
System.Net.Sockets Verbose: 0 : [8456] 000002B0 : 34 4D 41 58 2D 57 49 4E-31 30 2D 58 36 34 4D 41 : 4MAX-WIN10-X64MA
System.Net.Sockets Verbose: 0 : [8456] 000002C0 : 58 2D 57 49 4E 31 30 2D-58 36 34 4D 41 58 2D 57 : X-WIN10-X64MAX-W
System.Net.Sockets Verbose: 0 : [8456] 000002D0 : 49 4E 31 30 2D 58 36 34-4D 41 58 2D 57 49 4E 31 : IN10-X64MAX-WIN1
System.Net.Sockets Verbose: 0 : [8456] 000002E0 : 30 2D 58 36 34 4D 41 58-2D 57 49 4E 31 30 2D 58 : 0-X64MAX-WIN10-X
System.Net.Sockets Verbose: 0 : [8456] 000002F0 : 36 34 4D 41 58 2D 57 49-4E 31 30 2D 58 36 34 4D : 64MAX-WIN10-X64M
System.Net.Sockets Verbose: 0 : [8456] 00000300 : 41 58 2D 57 49 4E 31 30-2D 58 36 34 4D 41 58 2D : AX-WIN10-X64MAX-
System.Net.Sockets Verbose: 0 : [8456] 00000310 : 57 49 4E 31 30 2D 58 36-34 4D 41 58 2D 57 49 4E : WIN10-X64MAX-WIN
System.Net.Sockets Verbose: 0 : [8456] 00000320 : 31 30 2D 58 36 34 4D 41-58 2D 57 49 4E 31 30 2D : 10-X64MAX-WIN10-
System.Net.Sockets Verbose: 0 : [8456] 00000330 : 58 36 34 4D 41 58 2D 57-49 4E 31 30 2D 58 36 34 : X64MAX-WIN10-X64
System.Net.Sockets Verbose: 0 : [8456] 00000340 : 4D 41 58 2D 57 49 4E 31-30 2D 58 36 34 4D 41 58 : MAX-WIN10-X64MAX
System.Net.Sockets Verbose: 0 : [8456] 00000350 : 2D 57 49 4E 31 30 2D 58-36 34 4D 41 58 2D 57 49 : -WIN10-X64MAX-WI
System.Net.Sockets Verbose: 0 : [8456] 00000360 : 4E 31 30 2D 58 36 34 4D-41 58 2D 57 49 4E 31 30 : N10-X64MAX-WIN10
System.Net.Sockets Verbose: 0 : [8456] 00000370 : 2D 58 36 34 4D 41 58 2D-57 49 4E 31 30 2D 58 36 : -X64MAX-WIN10-X6
System.Net.Sockets Verbose: 0 : [8456] 00000380 : 34 4D 41 58 2D 57 49 4E-31 30 2D 58 36 34 4D 41 : 4MAX-WIN10-X64MA
System.Net.Sockets Verbose: 0 : [8456] 00000390 : 58 2D 57 49 4E 31 30 2D-58 36 34 4D 41 58 2D 57 : X-WIN10-X64MAX-W
System.Net.Sockets Verbose: 0 : [8456] 000003A0 : 49 4E 31 30 2D 58 36 34-4D 41 58 2D 57 49 4E 31 : IN10-X64MAX-WIN1
System.Net.Sockets Verbose: 0 : [8456] 000003B0 : 30 2D 58 36 34 4D 41 58-2D 57 49 4E 31 30 2D 58 : 0-X64MAX-WIN10-X
System.Net.Sockets Verbose: 0 : [8456] 000003C0 : 36 34 4D 41 58 2D 57 49-4E 31 30 2D 58 36 34 4D : 64MAX-WIN10-X64M
System.Net.Sockets Verbose: 0 : [8456] 000003D0 : 41 58 2D 57 49 4E 31 30-2D 58 36 34 4D 41 58 2D : AX-WIN10-X64MAX-
System.Net.Sockets Verbose: 0 : [8456] 000003E0 : 57 49 4E 31 30 2D 58 36-34 4D 41 58 2D 57 49 4E : WIN10-X64MAX-WIN
System.Net.Sockets Verbose: 0 : [8456] 000003F0 : 31 30 2D 58 36 34 4D 41-58 2D 57 49 4E 31 30 2D : 10-X64MAX-WIN10-
System.Net.Sockets Verbose: 0 : [8456] Exiting Socket#60068066::Send() 	-> Int32#65000
System.Net.Sockets Verbose: 0 : [8456] Socket#60068066::Receive()
System.Net.Sockets Verbose: 0 : [8456] Data from Socket#60068066::Receive
System.Net.Sockets Verbose: 0 : [8456] 00000000 : 52 65 63 69 65 76 65 64-                        : Recieved
System.Net.Sockets Verbose: 0 : [8456] Exiting Socket#60068066::Receive() 	-> Int32#8
System.Net.Sockets Verbose: 0 : [8456] Socket#60068066::Close()
System.Net.Sockets Verbose: 0 : [8456] Socket#60068066::Dispose()
System.Net.Sockets Verbose: 0 : [8456] Exiting Socket#60068066::Close() 
System.Net.Sockets Verbose: 0 : [8456] Socket#3741682::Close()
System.Net.Sockets Verbose: 0 : [8456] Socket#3741682::Dispose()
System.Net.Sockets Verbose: 0 : [8456] Exiting Socket#3741682::Close() 
System.Net.Sockets Verbose: 0 : [8456] Socket#33675143::Close()
System.Net.Sockets Verbose: 0 : [8456] Socket#33675143::Dispose()
System.Net.Sockets Verbose: 0 : [8456] Exiting Socket#33675143::Close() 
System.Net.Sockets Verbose: 0 : [8456] Socket#54444047::Close()
System.Net.Sockets Verbose: 0 : [8456] Socket#54444047::Dispose()
System.Net.Sockets Verbose: 0 : [8456] Exiting Socket#54444047::Close() 
System.Net.Sockets Verbose: 0 : [6076] Socket#2383799::Socket(AddressFamily#2)
System.Net.Sockets Verbose: 0 : [6076] Exiting Socket#2383799::Socket() 
System.Net.Sockets Verbose: 0 : [6076] DNS::GetHostAddresses(MAX-WIN10-X64)
System.Net.Sockets Verbose: 0 : [6076] DNS::GetHostByName(MAX-WIN10-X64)
System.Net.Sockets Verbose: 0 : [6076] Exiting DNS::GetHostByName() 	-> IPHostEntry#21454193
System.Net.Sockets Verbose: 0 : [6076] Exiting DNS::GetHostAddresses() 	-> IPAddress[]#58870012
System.Net.Sockets Verbose: 0 : [6076] Socket#60068066::Socket(AddressFamily#2)
System.Net.Sockets Verbose: 0 : [6076] Exiting Socket#60068066::Socket() 
System.Net.Sockets Verbose: 0 : [6076] Socket#3741682::Socket(AddressFamily#2)
System.Net.Sockets Verbose: 0 : [6076] Exiting Socket#3741682::Socket() 
System.Net.Sockets Verbose: 0 : [6076] Socket#33675143::Socket(AddressFamily#2)
System.Net.Sockets Verbose: 0 : [6076] Exiting Socket#33675143::Socket() 
System.Net.Sockets Verbose: 0 : [6076] DNS::GetHostAddresses(MAX-WIN10-X64)
System.Net.Sockets Verbose: 0 : [6076] DNS::GetHostByName(MAX-WIN10-X64)
System.Net.Sockets Verbose: 0 : [6076] Exiting DNS::GetHostByName() 	-> IPHostEntry#34640832
System.Net.Sockets Verbose: 0 : [6076] Exiting DNS::GetHostAddresses() 	-> IPAddress[]#43332040
System.Net.Sockets Verbose: 0 : [6076] Socket#54444047::Socket(AddressFamily#2)
System.Net.Sockets Verbose: 0 : [6076] Exiting Socket#54444047::Socket() 
System.Net.Sockets Verbose: 0 : [6076] Socket#54444047::Bind(192.168.184.1:9000#28871656)
System.Net.Sockets Verbose: 0 : [6076] Exiting Socket#54444047::Bind() 
System.Net.Sockets Verbose: 0 : [6076] Socket#60068066::Bind(192.168.184.1:9050#28871578)
System.Net.Sockets Verbose: 0 : [6076] Exiting Socket#60068066::Bind() 
System.Net.Sockets Verbose: 0 : [6076] Socket#54444047::SendTo()
System.Net.Sockets Verbose: 0 : [6076] Data from Socket#54444047::SendTo
System.Net.Sockets Verbose: 0 : [6076] 00000000 : 53 65 72 76 65 72 3F 75-C3 80 C2 A8 C2 B8 01 23 : Server?u.......#
System.Net.Sockets Verbose: 0 : [6076] 00000010 : 5A                                              : Z
System.Net.Sockets Verbose: 0 : [6076] Exiting Socket#54444047::SendTo() 	-> Int32#17
System.Net.Sockets Verbose: 0 : [6076] Socket#54444047::ReceiveFrom()
System.Net.Sockets Verbose: 0 : [6076] Data from Socket#54444047::ReceiveFrom
System.Net.Sockets Verbose: 0 : [6076] 00000000 : 59 65 73 2E 00 00 00 00-00 00 00 00 00 00 00 00 : Yes.............
System.Net.Sockets Verbose: 0 : [6076] 00000010 : 00 00 00 00 00 00 00 00-00 00 00 00 00 00 00 00 : ................
System.Net.Sockets Verbose: 0 : [6076] 00000020 : 00 00 00 00 00 00 00 00-00 00 00 00 00 00 00 00 : ................
System.Net.Sockets Verbose: 0 : [6076] 00000030 : 00 00 00 00 00 00 00 00-00 00 00 00 00 00 00 00 : ................
System.Net.Sockets Verbose: 0 : [6076] 00000040 : 00 00 00 00 00 00 00 00-00 00 00 00 00 00 00 00 : ................
System.Net.Sockets Verbose: 0 : [6076] 00000050 : 00 00 00 00 00 00 00 00-00 00 00 00 00 00 00 00 : ................
System.Net.Sockets Verbose: 0 : [6076] 00000060 : 00 00 00 00 00 00 00 00-00 00 00 00 00 00 00 00 : ................
System.Net.Sockets Verbose: 0 : [6076] 00000070 : 00 00 00 00 00 00 00 00-00 00 00 00 00 00 00 00 : ................
System.Net.Sockets Verbose: 0 : [6076] Exiting Socket#54444047::ReceiveFrom() 	-> Int32#4
System.Net.Sockets Verbose: 0 : [6076] Socket#60068066::Connect(192.168.184.1#28879040)
System.Net.Sockets Verbose: 0 : [6076] Socket#60068066::Connect(192.168.184.1:9053#28871581)
System.Net.Sockets Information: 0 : [6076] Socket#60068066 - Создано подключение с 192.168.184.1:9050 к 192.168.184.1:9053.
System.Net.Sockets Verbose: 0 : [6076] Exiting Socket#60068066::Connect() 
System.Net.Sockets Verbose: 0 : [6076] Exiting Socket#60068066::Connect() 
System.Net.Sockets Verbose: 0 : [6076] Socket#60068066::Send()
System.Net.Sockets Verbose: 0 : [6076] Data from Socket#60068066::Send
System.Net.Sockets Verbose: 0 : [6076] (printing 1024 out of 65000)
System.Net.Sockets Verbose: 0 : [6076] 00000000 : 4D 41 58 2D 57 49 4E 31-30 2D 58 36 34 4D 41 58 : MAX-WIN10-X64MAX
System.Net.Sockets Verbose: 0 : [6076] 00000010 : 2D 57 49 4E 31 30 2D 58-36 34 4D 41 58 2D 57 49 : -WIN10-X64MAX-WI
System.Net.Sockets Verbose: 0 : [6076] 00000020 : 4E 31 30 2D 58 36 34 4D-41 58 2D 57 49 4E 31 30 : N10-X64MAX-WIN10
System.Net.Sockets Verbose: 0 : [6076] 00000030 : 2D 58 36 34 4D 41 58 2D-57 49 4E 31 30 2D 58 36 : -X64MAX-WIN10-X6
System.Net.Sockets Verbose: 0 : [6076] 00000040 : 34 4D 41 58 2D 57 49 4E-31 30 2D 58 36 34 4D 41 : 4MAX-WIN10-X64MA
System.Net.Sockets Verbose: 0 : [6076] 00000050 : 58 2D 57 49 4E 31 30 2D-58 36 34 4D 41 58 2D 57 : X-WIN10-X64MAX-W
System.Net.Sockets Verbose: 0 : [6076] 00000060 : 49 4E 31 30 2D 58 36 34-4D 41 58 2D 57 49 4E 31 : IN10-X64MAX-WIN1
System.Net.Sockets Verbose: 0 : [6076] 00000070 : 30 2D 58 36 34 4D 41 58-2D 57 49 4E 31 30 2D 58 : 0-X64MAX-WIN10-X
System.Net.Sockets Verbose: 0 : [6076] 00000080 : 36 34 4D 41 58 2D 57 49-4E 31 30 2D 58 36 34 4D : 64MAX-WIN10-X64M
System.Net.Sockets Verbose: 0 : [6076] 00000090 : 41 58 2D 57 49 4E 31 30-2D 58 36 34 4D 41 58 2D : AX-WIN10-X64MAX-
System.Net.Sockets Verbose: 0 : [6076] 000000A0 : 57 49 4E 31 30 2D 58 36-34 4D 41 58 2D 57 49 4E : WIN10-X64MAX-WIN
System.Net.Sockets Verbose: 0 : [6076] 000000B0 : 31 30 2D 58 36 34 4D 41-58 2D 57 49 4E 31 30 2D : 10-X64MAX-WIN10-
System.Net.Sockets Verbose: 0 : [6076] 000000C0 : 58 36 34 4D 41 58 2D 57-49 4E 31 30 2D 58 36 34 : X64MAX-WIN10-X64
System.Net.Sockets Verbose: 0 : [6076] 000000D0 : 4D 41 58 2D 57 49 4E 31-30 2D 58 36 34 4D 41 58 : MAX-WIN10-X64MAX
System.Net.Sockets Verbose: 0 : [6076] 000000E0 : 2D 57 49 4E 31 30 2D 58-36 34 4D 41 58 2D 57 49 : -WIN10-X64MAX-WI
System.Net.Sockets Verbose: 0 : [6076] 000000F0 : 4E 31 30 2D 58 36 34 4D-41 58 2D 57 49 4E 31 30 : N10-X64MAX-WIN10
System.Net.Sockets Verbose: 0 : [6076] 00000100 : 2D 58 36 34 4D 41 58 2D-57 49 4E 31 30 2D 58 36 : -X64MAX-WIN10-X6
System.Net.Sockets Verbose: 0 : [6076] 00000110 : 34 4D 41 58 2D 57 49 4E-31 30 2D 58 36 34 4D 41 : 4MAX-WIN10-X64MA
System.Net.Sockets Verbose: 0 : [6076] 00000120 : 58 2D 57 49 4E 31 30 2D-58 36 34 4D 41 58 2D 57 : X-WIN10-X64MAX-W
System.Net.Sockets Verbose: 0 : [6076] 00000130 : 49 4E 31 30 2D 58 36 34-4D 41 58 2D 57 49 4E 31 : IN10-X64MAX-WIN1
System.Net.Sockets Verbose: 0 : [6076] 00000140 : 30 2D 58 36 34 4D 41 58-2D 57 49 4E 31 30 2D 58 : 0-X64MAX-WIN10-X
System.Net.Sockets Verbose: 0 : [6076] 00000150 : 36 34 4D 41 58 2D 57 49-4E 31 30 2D 58 36 34 4D : 64MAX-WIN10-X64M
System.Net.Sockets Verbose: 0 : [6076] 00000160 : 41 58 2D 57 49 4E 31 30-2D 58 36 34 4D 41 58 2D : AX-WIN10-X64MAX-
System.Net.Sockets Verbose: 0 : [6076] 00000170 : 57 49 4E 31 30 2D 58 36-34 4D 41 58 2D 57 49 4E : WIN10-X64MAX-WIN
System.Net.Sockets Verbose: 0 : [6076] 00000180 : 31 30 2D 58 36 34 4D 41-58 2D 57 49 4E 31 30 2D : 10-X64MAX-WIN10-
System.Net.Sockets Verbose: 0 : [6076] 00000190 : 58 36 34 4D 41 58 2D 57-49 4E 31 30 2D 58 36 34 : X64MAX-WIN10-X64
System.Net.Sockets Verbose: 0 : [6076] 000001A0 : 4D 41 58 2D 57 49 4E 31-30 2D 58 36 34 4D 41 58 : MAX-WIN10-X64MAX
System.Net.Sockets Verbose: 0 : [6076] 000001B0 : 2D 57 49 4E 31 30 2D 58-36 34 4D 41 58 2D 57 49 : -WIN10-X64MAX-WI
System.Net.Sockets Verbose: 0 : [6076] 000001C0 : 4E 31 30 2D 58 36 34 4D-41 58 2D 57 49 4E 31 30 : N10-X64MAX-WIN10
System.Net.Sockets Verbose: 0 : [6076] 000001D0 : 2D 58 36 34 4D 41 58 2D-57 49 4E 31 30 2D 58 36 : -X64MAX-WIN10-X6
System.Net.Sockets Verbose: 0 : [6076] 000001E0 : 34 4D 41 58 2D 57 49 4E-31 30 2D 58 36 34 4D 41 : 4MAX-WIN10-X64MA
System.Net.Sockets Verbose: 0 : [6076] 000001F0 : 58 2D 57 49 4E 31 30 2D-58 36 34 4D 41 58 2D 57 : X-WIN10-X64MAX-W
System.Net.Sockets Verbose: 0 : [6076] 00000200 : 49 4E 31 30 2D 58 36 34-4D 41 58 2D 57 49 4E 31 : IN10-X64MAX-WIN1
System.Net.Sockets Verbose: 0 : [6076] 00000210 : 30 2D 58 36 34 4D 41 58-2D 57 49 4E 31 30 2D 58 : 0-X64MAX-WIN10-X
System.Net.Sockets Verbose: 0 : [6076] 00000220 : 36 34 4D 41 58 2D 57 49-4E 31 30 2D 58 36 34 4D : 64MAX-WIN10-X64M
System.Net.Sockets Verbose: 0 : [6076] 00000230 : 41 58 2D 57 49 4E 31 30-2D 58 36 34 4D 41 58 2D : AX-WIN10-X64MAX-
System.Net.Sockets Verbose: 0 : [6076] 00000240 : 57 49 4E 31 30 2D 58 36-34 4D 41 58 2D 57 49 4E : WIN10-X64MAX-WIN
System.Net.Sockets Verbose: 0 : [6076] 00000250 : 31 30 2D 58 36 34 4D 41-58 2D 57 49 4E 31 30 2D : 10-X64MAX-WIN10-
System.Net.Sockets Verbose: 0 : [6076] 00000260 : 58 36 34 4D 41 58 2D 57-49 4E 31 30 2D 58 36 34 : X64MAX-WIN10-X64
System.Net.Sockets Verbose: 0 : [6076] 00000270 : 4D 41 58 2D 57 49 4E 31-30 2D 58 36 34 4D 41 58 : MAX-WIN10-X64MAX
System.Net.Sockets Verbose: 0 : [6076] 00000280 : 2D 57 49 4E 31 30 2D 58-36 34 4D 41 58 2D 57 49 : -WIN10-X64MAX-WI
System.Net.Sockets Verbose: 0 : [6076] 00000290 : 4E 31 30 2D 58 36 34 4D-41 58 2D 57 49 4E 31 30 : N10-X64MAX-WIN10
System.Net.Sockets Verbose: 0 : [6076] 000002A0 : 2D 58 36 34 4D 41 58 2D-57 49 4E 31 30 2D 58 36 : -X64MAX-WIN10-X6
System.Net.Sockets Verbose: 0 : [6076] 000002B0 : 34 4D 41 58 2D 57 49 4E-31 30 2D 58 36 34 4D 41 : 4MAX-WIN10-X64MA
System.Net.Sockets Verbose: 0 : [6076] 000002C0 : 58 2D 57 49 4E 31 30 2D-58 36 34 4D 41 58 2D 57 : X-WIN10-X64MAX-W
System.Net.Sockets Verbose: 0 : [6076] 000002D0 : 49 4E 31 30 2D 58 36 34-4D 41 58 2D 57 49 4E 31 : IN10-X64MAX-WIN1
System.Net.Sockets Verbose: 0 : [6076] 000002E0 : 30 2D 58 36 34 4D 41 58-2D 57 49 4E 31 30 2D 58 : 0-X64MAX-WIN10-X
System.Net.Sockets Verbose: 0 : [6076] 000002F0 : 36 34 4D 41 58 2D 57 49-4E 31 30 2D 58 36 34 4D : 64MAX-WIN10-X64M
System.Net.Sockets Verbose: 0 : [6076] 00000300 : 41 58 2D 57 49 4E 31 30-2D 58 36 34 4D 41 58 2D : AX-WIN10-X64MAX-
System.Net.Sockets Verbose: 0 : [6076] 00000310 : 57 49 4E 31 30 2D 58 36-34 4D 41 58 2D 57 49 4E : WIN10-X64MAX-WIN
System.Net.Sockets Verbose: 0 : [6076] 00000320 : 31 30 2D 58 36 34 4D 41-58 2D 57 49 4E 31 30 2D : 10-X64MAX-WIN10-
System.Net.Sockets Verbose: 0 : [6076] 00000330 : 58 36 34 4D 41 58 2D 57-49 4E 31 30 2D 58 36 34 : X64MAX-WIN10-X64
System.Net.Sockets Verbose: 0 : [6076] 00000340 : 4D 41 58 2D 57 49 4E 31-30 2D 58 36 34 4D 41 58 : MAX-WIN10-X64MAX
System.Net.Sockets Verbose: 0 : [6076] 00000350 : 2D 57 49 4E 31 30 2D 58-36 34 4D 41 58 2D 57 49 : -WIN10-X64MAX-WI
System.Net.Sockets Verbose: 0 : [6076] 00000360 : 4E 31 30 2D 58 36 34 4D-41 58 2D 57 49 4E 31 30 : N10-X64MAX-WIN10
System.Net.Sockets Verbose: 0 : [6076] 00000370 : 2D 58 36 34 4D 41 58 2D-57 49 4E 31 30 2D 58 36 : -X64MAX-WIN10-X6
System.Net.Sockets Verbose: 0 : [6076] 00000380 : 34 4D 41 58 2D 57 49 4E-31 30 2D 58 36 34 4D 41 : 4MAX-WIN10-X64MA
System.Net.Sockets Verbose: 0 : [6076] 00000390 : 58 2D 57 49 4E 31 30 2D-58 36 34 4D 41 58 2D 57 : X-WIN10-X64MAX-W
System.Net.Sockets Verbose: 0 : [6076] 000003A0 : 49 4E 31 30 2D 58 36 34-4D 41 58 2D 57 49 4E 31 : IN10-X64MAX-WIN1
System.Net.Sockets Verbose: 0 : [6076] 000003B0 : 30 2D 58 36 34 4D 41 58-2D 57 49 4E 31 30 2D 58 : 0-X64MAX-WIN10-X
System.Net.Sockets Verbose: 0 : [6076] 000003C0 : 36 34 4D 41 58 2D 57 49-4E 31 30 2D 58 36 34 4D : 64MAX-WIN10-X64M
System.Net.Sockets Verbose: 0 : [6076] 000003D0 : 41 58 2D 57 49 4E 31 30-2D 58 36 34 4D 41 58 2D : AX-WIN10-X64MAX-
System.Net.Sockets Verbose: 0 : [6076] 000003E0 : 57 49 4E 31 30 2D 58 36-34 4D 41 58 2D 57 49 4E : WIN10-X64MAX-WIN
System.Net.Sockets Verbose: 0 : [6076] 000003F0 : 31 30 2D 58 36 34 4D 41-58 2D 57 49 4E 31 30 2D : 10-X64MAX-WIN10-
System.Net.Sockets Verbose: 0 : [6076] Exiting Socket#60068066::Send() 	-> Int32#65000
System.Net.Sockets Verbose: 0 : [6076] Socket#60068066::Receive()
System.Net.Sockets Verbose: 0 : [6076] Data from Socket#60068066::Receive
System.Net.Sockets Verbose: 0 : [6076] 00000000 : 52 65 63 69 65 76 65 64-                        : Recieved
System.Net.Sockets Verbose: 0 : [6076] Exiting Socket#60068066::Receive() 	-> Int32#8
System.Net.Sockets Verbose: 0 : [6076] Socket#60068066::Close()
System.Net.Sockets Verbose: 0 : [6076] Socket#60068066::Dispose()
System.Net.Sockets Verbose: 0 : [6076] Exiting Socket#60068066::Close() 
System.Net.Sockets Verbose: 0 : [6076] Socket#3741682::Close()
System.Net.Sockets Verbose: 0 : [6076] Socket#3741682::Dispose()
System.Net.Sockets Verbose: 0 : [6076] Exiting Socket#3741682::Close() 
System.Net.Sockets Verbose: 0 : [6076] Socket#33675143::Close()
System.Net.Sockets Verbose: 0 : [6076] Socket#33675143::Dispose()
System.Net.Sockets Verbose: 0 : [6076] Exiting Socket#33675143::Close() 
System.Net.Sockets Verbose: 0 : [6076] Socket#54444047::Close()
System.Net.Sockets Verbose: 0 : [6076] Socket#54444047::Dispose()
System.Net.Sockets Verbose: 0 : [6076] Exiting Socket#54444047::Close() 
